<?xml version="1.0" encoding="UTF-8"?>
<coverage generated="1600610273836" clover="3.2.0">
  <project timestamp="1600610273836" name="All files">
    <metrics statements="1556" coveredstatements="1322" conditionals="744" coveredconditionals="575" methods="218" coveredmethods="179" elements="2518" coveredelements="2076" complexity="0" loc="1556" ncloc="1556" packages="5" files="28" classes="28"/>
    <package name="server">
      <metrics statements="117" coveredstatements="79" conditionals="48" coveredconditionals="18" methods="19" coveredmethods="11"/>
      <file name="logger.ts" path="C:\react\medicine-consultation\server\logger.ts">
        <metrics statements="50" coveredstatements="44" conditionals="12" coveredconditionals="7" methods="13" coveredmethods="9"/>
        <line num="3" count="7" type="stmt"/>
        <line num="4" count="7" type="stmt"/>
        <line num="5" count="7" type="stmt"/>
        <line num="9" count="7" type="stmt"/>
        <line num="10" count="7" type="stmt"/>
        <line num="11" count="7" type="stmt"/>
        <line num="14" count="7" type="stmt"/>
        <line num="17" count="9" type="stmt"/>
        <line num="18" count="9" type="stmt"/>
        <line num="20" count="9" type="stmt"/>
        <line num="25" count="9" type="stmt"/>
        <line num="26" count="9" type="cond" truecount="1" falsecount="1"/>
        <line num="27" count="0" type="stmt"/>
        <line num="32" count="7" type="stmt"/>
        <line num="33" count="180" type="cond" truecount="2" falsecount="0"/>
        <line num="34" count="44" type="stmt"/>
        <line num="36" count="180" type="stmt"/>
        <line num="39" count="7" type="cond" truecount="1" falsecount="0"/>
        <line num="40" count="9" type="stmt"/>
        <line num="42" count="9" type="stmt"/>
        <line num="43" count="9" type="stmt"/>
        <line num="44" count="9" type="stmt"/>
        <line num="46" count="9" type="stmt"/>
        <line num="53" count="9" type="stmt"/>
        <line num="54" count="9" type="stmt"/>
        <line num="57" count="7" type="cond" truecount="1" falsecount="0"/>
        <line num="58" count="20" type="stmt"/>
        <line num="60" count="20" type="stmt"/>
        <line num="61" count="20" type="stmt"/>
        <line num="63" count="20" type="stmt"/>
        <line num="70" count="20" type="stmt"/>
        <line num="73" count="7" type="stmt"/>
        <line num="74" count="151" type="stmt"/>
        <line num="76" count="151" type="stmt"/>
        <line num="78" count="151" type="stmt"/>
        <line num="84" count="151" type="stmt"/>
        <line num="87" count="7" type="stmt"/>
        <line num="88" count="0" type="stmt"/>
        <line num="89" count="0" type="cond" truecount="0" falsecount="2"/>
        <line num="91" count="0" type="stmt"/>
        <line num="92" count="0" type="stmt"/>
        <line num="93" count="0" type="cond" truecount="0" falsecount="2"/>
        <line num="100" count="7" type="stmt"/>
        <line num="101" count="7" type="stmt"/>
        <line num="102" count="7" type="stmt"/>
        <line num="112" count="7" type="cond" truecount="2" falsecount="0"/>
        <line num="113" count="7" type="stmt"/>
        <line num="114" count="7" type="stmt"/>
        <line num="115" count="7" type="stmt"/>
        <line num="118" count="7" type="stmt"/>
      </file>
      <file name="server.ts" path="C:\react\medicine-consultation\server\server.ts">
        <metrics statements="67" coveredstatements="35" conditionals="36" coveredconditionals="11" methods="6" coveredmethods="2"/>
        <line num="1" count="4" type="stmt"/>
        <line num="4" count="4" type="cond" truecount="1" falsecount="1"/>
        <line num="5" count="4" type="stmt"/>
        <line num="8" count="4" type="stmt"/>
        <line num="9" count="4" type="cond" truecount="1" falsecount="1"/>
        <line num="10" count="0" type="stmt"/>
        <line num="12" count="0" type="cond" truecount="0" falsecount="2"/>
        <line num="14" count="0" type="stmt"/>
        <line num="15" count="0" type="cond" truecount="0" falsecount="2"/>
        <line num="16" count="0" type="stmt"/>
        <line num="18" count="0" type="cond" truecount="0" falsecount="2"/>
        <line num="19" count="0" type="stmt"/>
        <line num="22" count="0" type="stmt"/>
        <line num="23" count="0" type="cond" truecount="0" falsecount="2"/>
        <line num="24" count="0" type="stmt"/>
        <line num="26" count="0" type="cond" truecount="0" falsecount="2"/>
        <line num="27" count="0" type="stmt"/>
        <line num="29" count="0" type="stmt"/>
        <line num="30" count="0" type="cond" truecount="0" falsecount="2"/>
        <line num="31" count="0" type="stmt"/>
        <line num="35" count="4" type="stmt"/>
        <line num="36" count="4" type="stmt"/>
        <line num="37" count="4" type="stmt"/>
        <line num="38" count="4" type="stmt"/>
        <line num="39" count="4" type="stmt"/>
        <line num="40" count="4" type="stmt"/>
        <line num="41" count="4" type="stmt"/>
        <line num="46" count="4" type="stmt"/>
        <line num="47" count="4" type="stmt"/>
        <line num="52" count="4" type="stmt"/>
        <line num="58" count="4" type="cond" truecount="4" falsecount="2"/>
        <line num="59" count="4" type="stmt"/>
        <line num="62" count="4" type="cond" truecount="1" falsecount="1"/>
        <line num="63" count="0" type="stmt"/>
        <line num="67" count="0" type="stmt"/>
        <line num="71" count="4" type="stmt"/>
        <line num="72" count="4" type="stmt"/>
        <line num="73" count="4" type="stmt"/>
        <line num="78" count="4" type="stmt"/>
        <line num="79" count="4" type="stmt"/>
        <line num="80" count="4" type="stmt"/>
        <line num="83" count="4" type="stmt"/>
        <line num="84" count="0" type="stmt"/>
        <line num="86" count="4" type="stmt"/>
        <line num="87" count="0" type="stmt"/>
        <line num="90" count="4" type="cond" truecount="1" falsecount="1"/>
        <line num="91" count="0" type="stmt"/>
        <line num="94" count="4" type="cond" truecount="1" falsecount="1"/>
        <line num="96" count="0" type="stmt"/>
        <line num="100" count="4" type="cond" truecount="1" falsecount="1"/>
        <line num="101" count="0" type="stmt"/>
        <line num="104" count="4" type="stmt"/>
        <line num="108" count="4" type="stmt"/>
        <line num="109" count="4" type="cond" truecount="1" falsecount="1"/>
        <line num="111" count="0" type="stmt"/>
        <line num="112" count="0" type="stmt"/>
        <line num="115" count="0" type="cond" truecount="0" falsecount="4"/>
        <line num="120" count="0" type="stmt"/>
        <line num="121" count="0" type="stmt"/>
        <line num="124" count="0" type="stmt"/>
        <line num="127" count="0" type="stmt"/>
        <line num="128" count="0" type="stmt"/>
        <line num="129" count="0" type="stmt"/>
        <line num="132" count="0" type="stmt"/>
        <line num="137" count="4" type="stmt"/>
        <line num="139" count="4" type="stmt"/>
        <line num="140" count="4" type="stmt"/>
      </file>
    </package>
    <package name="server.models">
      <metrics statements="50" coveredstatements="50" conditionals="0" coveredconditionals="0" methods="6" coveredmethods="6"/>
      <file name="admin.ts" path="C:\react\medicine-consultation\server\models\admin.ts">
        <metrics statements="5" coveredstatements="5" conditionals="0" coveredconditionals="0" methods="0" coveredmethods="0"/>
        <line num="1" count="5" type="stmt"/>
        <line num="4" count="5" type="stmt"/>
        <line num="14" count="5" type="stmt"/>
        <line num="21" count="5" type="stmt"/>
        <line num="23" count="5" type="stmt"/>
      </file>
      <file name="doctor.ts" path="C:\react\medicine-consultation\server\models\doctor.ts">
        <metrics statements="7" coveredstatements="7" conditionals="0" coveredconditionals="0" methods="0" coveredmethods="0"/>
        <line num="1" count="6" type="stmt"/>
        <line num="2" count="6" type="stmt"/>
        <line num="5" count="6" type="stmt"/>
        <line num="8" count="6" type="stmt"/>
        <line num="98" count="6" type="stmt"/>
        <line num="100" count="6" type="stmt"/>
        <line num="121" count="6" type="stmt"/>
      </file>
      <file name="index.ts" path="C:\react\medicine-consultation\server\models\index.ts">
        <metrics statements="8" coveredstatements="8" conditionals="0" coveredconditionals="0" methods="2" coveredmethods="2"/>
        <line num="1" count="5" type="stmt"/>
        <line num="2" count="5" type="stmt"/>
        <line num="3" count="5" type="stmt"/>
        <line num="5" count="5" type="stmt"/>
        <line num="6" count="5" type="stmt"/>
        <line num="7" count="5" type="stmt"/>
        <line num="8" count="5" type="stmt"/>
        <line num="11" count="5" type="stmt"/>
      </file>
      <file name="mails.ts" path="C:\react\medicine-consultation\server\models\mails.ts">
        <metrics statements="5" coveredstatements="5" conditionals="0" coveredconditionals="0" methods="0" coveredmethods="0"/>
        <line num="1" count="6" type="stmt"/>
        <line num="3" count="6" type="stmt"/>
        <line num="7" count="6" type="stmt"/>
        <line num="12" count="6" type="stmt"/>
        <line num="13" count="6" type="stmt"/>
      </file>
      <file name="payment.ts" path="C:\react\medicine-consultation\server\models\payment.ts">
        <metrics statements="3" coveredstatements="3" conditionals="0" coveredconditionals="0" methods="0" coveredmethods="0"/>
        <line num="1" count="4" type="stmt"/>
        <line num="4" count="4" type="stmt"/>
        <line num="41" count="4" type="stmt"/>
      </file>
      <file name="review.ts" path="C:\react\medicine-consultation\server\models\review.ts">
        <metrics statements="3" coveredstatements="3" conditionals="0" coveredconditionals="0" methods="0" coveredmethods="0"/>
        <line num="1" count="5" type="stmt"/>
        <line num="4" count="5" type="stmt"/>
        <line num="29" count="5" type="stmt"/>
      </file>
      <file name="tokens.ts" path="C:\react\medicine-consultation\server\models\tokens.ts">
        <metrics statements="9" coveredstatements="9" conditionals="0" coveredconditionals="0" methods="0" coveredmethods="0"/>
        <line num="1" count="7" type="stmt"/>
        <line num="3" count="7" type="stmt"/>
        <line num="10" count="7" type="stmt"/>
        <line num="17" count="7" type="stmt"/>
        <line num="24" count="7" type="stmt"/>
        <line num="31" count="7" type="stmt"/>
        <line num="32" count="7" type="stmt"/>
        <line num="33" count="7" type="stmt"/>
        <line num="34" count="7" type="stmt"/>
      </file>
      <file name="user.ts" path="C:\react\medicine-consultation\server\models\user.ts">
        <metrics statements="10" coveredstatements="10" conditionals="0" coveredconditionals="0" methods="4" coveredmethods="4"/>
        <line num="1" count="7" type="stmt"/>
        <line num="6" count="7" type="stmt"/>
        <line num="7" count="7" type="stmt"/>
        <line num="9" count="7" type="stmt"/>
        <line num="13" count="119" type="stmt"/>
        <line num="18" count="119" type="stmt"/>
        <line num="38" count="119" type="stmt"/>
        <line num="39" count="119" type="stmt"/>
        <line num="47" count="119" type="stmt"/>
        <line num="107" count="7" type="stmt"/>
      </file>
    </package>
    <package name="server.routes">
      <metrics statements="365" coveredstatements="284" conditionals="220" coveredconditionals="162" methods="73" coveredmethods="56"/>
      <file name="admin_routes.ts" path="C:\react\medicine-consultation\server\routes\admin_routes.ts">
        <metrics statements="60" coveredstatements="55" conditionals="43" coveredconditionals="36" methods="14" coveredmethods="14"/>
        <line num="1" count="4" type="stmt"/>
        <line num="3" count="4" type="stmt"/>
        <line num="4" count="4" type="stmt"/>
        <line num="5" count="4" type="stmt"/>
        <line num="8" count="4" type="stmt"/>
        <line num="12" count="4" type="stmt"/>
        <line num="15" count="4" type="stmt"/>
        <line num="17" count="2" type="stmt"/>
        <line num="18" count="2" type="stmt"/>
        <line num="20" count="2" type="cond" truecount="3" falsecount="1"/>
        <line num="21" count="0" type="stmt"/>
        <line num="27" count="2" type="stmt"/>
        <line num="29" count="2" type="cond" truecount="2" falsecount="0"/>
        <line num="30" count="1" type="stmt"/>
        <line num="36" count="1" type="stmt"/>
        <line num="45" count="4" type="stmt"/>
        <line num="48" count="4" type="stmt"/>
        <line num="50" count="4" type="cond" truecount="2" falsecount="0"/>
        <line num="53" count="4" type="cond" truecount="2" falsecount="0"/>
        <line num="58" count="4" type="stmt"/>
        <line num="64" count="4" type="stmt"/>
        <line num="75" count="4" type="stmt"/>
        <line num="78" count="2" type="stmt"/>
        <line num="80" count="2" type="stmt"/>
        <line num="82" count="2" type="cond" truecount="1" falsecount="1"/>
        <line num="83" count="0" type="stmt"/>
        <line num="89" count="2" type="stmt"/>
        <line num="93" count="2" type="stmt"/>
        <line num="95" count="2" type="cond" truecount="2" falsecount="0"/>
        <line num="96" count="1" type="stmt"/>
        <line num="102" count="1" type="stmt"/>
        <line num="109" count="4" type="stmt"/>
        <line num="112" count="3" type="stmt"/>
        <line num="114" count="3" type="stmt"/>
        <line num="117" count="3" type="stmt"/>
        <line num="120" count="3" type="cond" truecount="2" falsecount="0"/>
        <line num="127" count="4" type="stmt"/>
        <line num="129" count="2" type="stmt"/>
        <line num="131" count="2" type="cond" truecount="3" falsecount="1"/>
        <line num="132" count="0" type="stmt"/>
        <line num="138" count="2" type="stmt"/>
        <line num="144" count="2" type="cond" truecount="2" falsecount="0"/>
        <line num="150" count="4" type="stmt"/>
        <line num="152" count="2" type="stmt"/>
        <line num="154" count="2" type="cond" truecount="1" falsecount="1"/>
        <line num="155" count="0" type="stmt"/>
        <line num="161" count="2" type="stmt"/>
        <line num="164" count="2" type="stmt"/>
        <line num="170" count="4" type="stmt"/>
        <line num="172" count="2" type="stmt"/>
        <line num="174" count="2" type="stmt"/>
        <line num="176" count="2" type="cond" truecount="4" falsecount="1"/>
        <line num="177" count="0" type="stmt"/>
        <line num="182" count="2" type="stmt"/>
        <line num="188" count="2" type="stmt"/>
        <line num="191" count="2" type="cond" truecount="2" falsecount="0"/>
        <line num="192" count="1" type="stmt"/>
        <line num="198" count="1" type="stmt"/>
        <line num="205" count="1" type="stmt"/>
        <line num="211" count="4" type="stmt"/>
      </file>
      <file name="doctor_routes.ts" path="C:\react\medicine-consultation\server\routes\doctor_routes.ts">
        <metrics statements="75" coveredstatements="68" conditionals="37" coveredconditionals="32" methods="16" coveredmethods="15"/>
        <line num="1" count="4" type="stmt"/>
        <line num="3" count="4" type="stmt"/>
        <line num="4" count="4" type="stmt"/>
        <line num="5" count="4" type="stmt"/>
        <line num="6" count="4" type="stmt"/>
        <line num="7" count="4" type="stmt"/>
        <line num="8" count="4" type="stmt"/>
        <line num="12" count="4" type="stmt"/>
        <line num="14" count="4" type="stmt"/>
        <line num="15" count="5" type="cond" truecount="5" falsecount="0"/>
        <line num="17" count="3" type="stmt"/>
        <line num="18" count="3" type="stmt"/>
        <line num="19" count="3" type="stmt"/>
        <line num="21" count="5" type="stmt"/>
        <line num="25" count="4" type="stmt"/>
        <line num="26" count="2" type="stmt"/>
        <line num="28" count="2" type="stmt"/>
        <line num="30" count="2" type="cond" truecount="2" falsecount="0"/>
        <line num="31" count="1" type="stmt"/>
        <line num="37" count="1" type="stmt"/>
        <line num="46" count="4" type="stmt"/>
        <line num="47" count="3" type="stmt"/>
        <line num="49" count="3" type="stmt"/>
        <line num="50" count="3" type="stmt"/>
        <line num="52" count="3" type="stmt"/>
        <line num="54" count="3" type="cond" truecount="2" falsecount="0"/>
        <line num="55" count="1" type="stmt"/>
        <line num="61" count="2" type="stmt"/>
        <line num="70" count="4" type="stmt"/>
        <line num="71" count="2" type="stmt"/>
        <line num="73" count="2" type="cond" truecount="3" falsecount="1"/>
        <line num="74" count="0" type="stmt"/>
        <line num="81" count="2" type="stmt"/>
        <line num="83" count="2" type="cond" truecount="2" falsecount="0"/>
        <line num="84" count="1" type="stmt"/>
        <line num="89" count="1" type="stmt"/>
        <line num="98" count="4" type="stmt"/>
        <line num="99" count="2" type="stmt"/>
        <line num="101" count="2" type="cond" truecount="3" falsecount="1"/>
        <line num="102" count="0" type="stmt"/>
        <line num="109" count="2" type="stmt"/>
        <line num="111" count="2" type="cond" truecount="2" falsecount="0"/>
        <line num="112" count="1" type="stmt"/>
        <line num="117" count="1" type="stmt"/>
        <line num="126" count="4" type="stmt"/>
        <line num="127" count="2" type="stmt"/>
        <line num="143" count="2" type="stmt"/>
        <line num="145" count="2" type="stmt"/>
        <line num="147" count="2" type="cond" truecount="2" falsecount="0"/>
        <line num="148" count="1" type="stmt"/>
        <line num="150" count="2" type="cond" truecount="2" falsecount="0"/>
        <line num="151" count="1" type="stmt"/>
        <line num="154" count="2" type="stmt"/>
        <line num="155" count="2" type="stmt"/>
        <line num="161" count="2" type="cond" truecount="1" falsecount="1"/>
        <line num="162" count="0" type="stmt"/>
        <line num="173" count="2" type="stmt"/>
        <line num="178" count="0" type="stmt"/>
        <line num="179" count="0" type="stmt"/>
        <line num="184" count="4" type="stmt"/>
        <line num="185" count="2" type="stmt"/>
        <line num="187" count="2" type="cond" truecount="1" falsecount="1"/>
        <line num="188" count="0" type="stmt"/>
        <line num="195" count="2" type="stmt"/>
        <line num="197" count="2" type="cond" truecount="2" falsecount="0"/>
        <line num="198" count="1" type="stmt"/>
        <line num="202" count="1" type="stmt"/>
        <line num="211" count="15" type="stmt"/>
        <line num="212" count="15" type="stmt"/>
        <line num="214" count="15" type="stmt"/>
        <line num="215" count="15" type="cond" truecount="2" falsecount="0"/>
        <line num="216" count="14" type="stmt"/>
        <line num="222" count="1" type="stmt"/>
        <line num="228" count="0" type="stmt"/>
        <line num="235" count="4" type="stmt"/>
      </file>
      <file name="encoder.ts" path="C:\react\medicine-consultation\server\routes\encoder.ts">
        <metrics statements="9" coveredstatements="8" conditionals="2" coveredconditionals="2" methods="3" coveredmethods="3"/>
        <line num="6" count="4" type="stmt"/>
        <line num="7" count="2" type="stmt"/>
        <line num="8" count="2" type="stmt"/>
        <line num="9" count="26" type="stmt"/>
        <line num="10" count="26" type="cond" truecount="2" falsecount="0"/>
        <line num="11" count="2" type="stmt"/>
        <line num="14" count="0" type="stmt"/>
        <line num="18" count="2" type="stmt"/>
        <line num="22" count="4" type="stmt"/>
      </file>
      <file name="fake_api_routes.ts" path="C:\react\medicine-consultation\server\routes\fake_api_routes.ts">
        <metrics statements="13" coveredstatements="7" conditionals="0" coveredconditionals="0" methods="4" coveredmethods="0"/>
        <line num="12" count="4" type="stmt"/>
        <line num="13" count="4" type="stmt"/>
        <line num="14" count="4" type="stmt"/>
        <line num="16" count="4" type="stmt"/>
        <line num="18" count="4" type="stmt"/>
        <line num="19" count="0" type="stmt"/>
        <line num="20" count="0" type="stmt"/>
        <line num="23" count="4" type="stmt"/>
        <line num="24" count="0" type="stmt"/>
        <line num="25" count="0" type="stmt"/>
        <line num="26" count="0" type="stmt"/>
        <line num="27" count="0" type="stmt"/>
        <line num="30" count="4" type="stmt"/>
      </file>
      <file name="index.ts" path="C:\react\medicine-consultation\server\routes\index.ts">
        <metrics statements="11" coveredstatements="11" conditionals="0" coveredconditionals="0" methods="0" coveredmethods="0"/>
        <line num="1" count="4" type="stmt"/>
        <line num="2" count="4" type="stmt"/>
        <line num="3" count="4" type="stmt"/>
        <line num="4" count="4" type="stmt"/>
        <line num="5" count="4" type="stmt"/>
        <line num="7" count="4" type="stmt"/>
        <line num="9" count="4" type="stmt"/>
        <line num="10" count="4" type="stmt"/>
        <line num="11" count="4" type="stmt"/>
        <line num="12" count="4" type="stmt"/>
        <line num="14" count="4" type="stmt"/>
      </file>
      <file name="payment_routes.ts" path="C:\react\medicine-consultation\server\routes\payment_routes.ts">
        <metrics statements="28" coveredstatements="17" conditionals="4" coveredconditionals="1" methods="9" coveredmethods="4"/>
        <line num="1" count="4" type="stmt"/>
        <line num="2" count="4" type="stmt"/>
        <line num="3" count="4" type="stmt"/>
        <line num="5" count="4" type="stmt"/>
        <line num="7" count="4" type="stmt"/>
        <line num="10" count="1" type="stmt"/>
        <line num="11" count="1" type="stmt"/>
        <line num="12" count="1" type="cond" truecount="1" falsecount="1"/>
        <line num="16" count="4" type="stmt"/>
        <line num="19" count="2" type="stmt"/>
        <line num="20" count="2" type="stmt"/>
        <line num="21" count="2" type="stmt"/>
        <line num="22" count="2" type="stmt"/>
        <line num="27" count="4" type="stmt"/>
        <line num="28" count="0" type="stmt"/>
        <line num="29" count="0" type="stmt"/>
        <line num="30" count="0" type="stmt"/>
        <line num="31" count="0" type="stmt"/>
        <line num="35" count="4" type="stmt"/>
        <line num="36" count="0" type="stmt"/>
        <line num="37" count="0" type="stmt"/>
        <line num="38" count="0" type="stmt"/>
        <line num="39" count="0" type="stmt"/>
        <line num="42" count="4" type="stmt"/>
        <line num="43" count="0" type="stmt"/>
        <line num="54" count="0" type="cond" truecount="0" falsecount="2"/>
        <line num="55" count="0" type="stmt"/>
        <line num="62" count="4" type="stmt"/>
      </file>
      <file name="user_routes.ts" path="C:\react\medicine-consultation\server\routes\user_routes.ts">
        <metrics statements="169" coveredstatements="118" conditionals="134" coveredconditionals="91" methods="27" coveredmethods="20"/>
        <line num="3" count="4" type="stmt"/>
        <line num="4" count="4" type="stmt"/>
        <line num="5" count="4" type="stmt"/>
        <line num="6" count="4" type="stmt"/>
        <line num="7" count="4" type="stmt"/>
        <line num="8" count="4" type="stmt"/>
        <line num="9" count="4" type="stmt"/>
        <line num="10" count="4" type="stmt"/>
        <line num="12" count="4" type="stmt"/>
        <line num="16" count="4" type="stmt"/>
        <line num="23" count="4" type="stmt"/>
        <line num="26" count="4" type="stmt"/>
        <line num="29" count="4" type="stmt"/>
        <line num="31" count="0" type="stmt"/>
        <line num="34" count="0" type="stmt"/>
        <line num="35" count="0" type="stmt"/>
        <line num="36" count="0" type="stmt"/>
        <line num="38" count="0" type="stmt"/>
        <line num="43" count="4" type="stmt"/>
        <line num="44" count="0" type="cond" truecount="0" falsecount="2"/>
        <line num="45" count="0" type="stmt"/>
        <line num="47" count="0" type="stmt"/>
        <line num="52" count="4" type="stmt"/>
        <line num="81" count="4" type="stmt"/>
        <line num="82" count="0" type="stmt"/>
        <line num="84" count="0" type="cond" truecount="0" falsecount="2"/>
        <line num="85" count="0" type="stmt"/>
        <line num="97" count="0" type="stmt"/>
        <line num="98" count="0" type="cond" truecount="0" falsecount="2"/>
        <line num="101" count="0" type="cond" truecount="0" falsecount="2"/>
        <line num="102" count="0" type="stmt"/>
        <line num="110" count="0" type="cond" truecount="0" falsecount="4"/>
        <line num="112" count="0" type="cond" truecount="0" falsecount="2"/>
        <line num="113" count="0" type="stmt"/>
        <line num="121" count="0" type="stmt"/>
        <line num="123" count="0" type="stmt"/>
        <line num="129" count="4" type="stmt"/>
        <line num="136" count="4" type="stmt"/>
        <line num="137" count="2" type="cond" truecount="3" falsecount="1"/>
        <line num="138" count="2" type="cond" truecount="3" falsecount="1"/>
        <line num="139" count="2" type="cond" truecount="3" falsecount="1"/>
        <line num="141" count="2" type="cond" truecount="5" falsecount="0"/>
        <line num="142" count="1" type="stmt"/>
        <line num="149" count="1" type="stmt"/>
        <line num="153" count="1" type="stmt"/>
        <line num="158" count="1" type="stmt"/>
        <line num="169" count="4" type="stmt"/>
        <line num="176" count="4" type="stmt"/>
        <line num="177" count="2" type="stmt"/>
        <line num="178" count="2" type="stmt"/>
        <line num="180" count="2" type="cond" truecount="4" falsecount="0"/>
        <line num="181" count="1" type="stmt"/>
        <line num="188" count="1" type="stmt"/>
        <line num="193" count="1" type="cond" truecount="1" falsecount="1"/>
        <line num="194" count="0" type="stmt"/>
        <line num="201" count="1" type="cond" truecount="3" falsecount="1"/>
        <line num="203" count="1" type="stmt"/>
        <line num="212" count="4" type="stmt"/>
        <line num="233" count="4" type="stmt"/>
        <line num="240" count="4" type="stmt"/>
        <line num="241" count="2" type="cond" truecount="3" falsecount="1"/>
        <line num="242" count="2" type="cond" truecount="3" falsecount="1"/>
        <line num="243" count="2" type="cond" truecount="3" falsecount="1"/>
        <line num="245" count="2" type="cond" truecount="4" falsecount="1"/>
        <line num="246" count="0" type="stmt"/>
        <line num="254" count="2" type="cond" truecount="2" falsecount="0"/>
        <line num="257" count="2" type="cond" truecount="2" falsecount="0"/>
        <line num="258" count="1" type="stmt"/>
        <line num="265" count="1" type="stmt"/>
        <line num="271" count="1" type="stmt"/>
        <line num="279" count="4" type="stmt"/>
        <line num="287" count="4" type="stmt"/>
        <line num="288" count="4" type="cond" truecount="4" falsecount="0"/>
        <line num="289" count="4" type="cond" truecount="4" falsecount="0"/>
        <line num="291" count="4" type="stmt"/>
        <line num="293" count="4" type="stmt"/>
        <line num="296" count="4" type="cond" truecount="1" falsecount="1"/>
        <line num="297" count="0" type="stmt"/>
        <line num="304" count="4" type="stmt"/>
        <line num="309" count="0" type="stmt"/>
        <line num="315" count="4" type="stmt"/>
        <line num="322" count="4" type="stmt"/>
        <line num="324" count="2" type="stmt"/>
        <line num="327" count="2" type="cond" truecount="1" falsecount="1"/>
        <line num="328" count="0" type="stmt"/>
        <line num="335" count="2" type="stmt"/>
        <line num="337" count="2" type="stmt"/>
        <line num="340" count="2" type="cond" truecount="2" falsecount="0"/>
        <line num="341" count="1" type="stmt"/>
        <line num="349" count="1" type="stmt"/>
        <line num="354" count="0" type="stmt"/>
        <line num="355" count="0" type="stmt"/>
        <line num="361" count="4" type="stmt"/>
        <line num="368" count="4" type="stmt"/>
        <line num="372" count="0" type="stmt"/>
        <line num="373" count="0" type="stmt"/>
        <line num="375" count="0" type="cond" truecount="0" falsecount="2"/>
        <line num="376" count="0" type="stmt"/>
        <line num="384" count="0" type="stmt"/>
        <line num="386" count="0" type="stmt"/>
        <line num="387" count="0" type="stmt"/>
        <line num="389" count="0" type="cond" truecount="0" falsecount="2"/>
        <line num="390" count="0" type="stmt"/>
        <line num="397" count="0" type="stmt"/>
        <line num="401" count="0" type="stmt"/>
        <line num="403" count="0" type="stmt"/>
        <line num="412" count="4" type="stmt"/>
        <line num="414" count="3" type="stmt"/>
        <line num="417" count="3" type="stmt"/>
        <line num="418" count="3" type="stmt"/>
        <line num="422" count="3" type="cond" truecount="4" falsecount="0"/>
        <line num="423" count="1" type="stmt"/>
        <line num="424" count="1" type="stmt"/>
        <line num="432" count="2" type="stmt"/>
        <line num="434" count="2" type="cond" truecount="2" falsecount="0"/>
        <line num="435" count="1" type="stmt"/>
        <line num="436" count="1" type="stmt"/>
        <line num="444" count="1" type="stmt"/>
        <line num="446" count="1" type="stmt"/>
        <line num="449" count="1" type="cond" truecount="1" falsecount="1"/>
        <line num="450" count="0" type="stmt"/>
        <line num="457" count="1" type="cond" truecount="4" falsecount="0"/>
        <line num="461" count="1" type="cond" truecount="6" falsecount="2"/>
        <line num="463" count="1" type="stmt"/>
        <line num="469" count="0" type="stmt"/>
        <line num="470" count="0" type="stmt"/>
        <line num="478" count="4" type="stmt"/>
        <line num="480" count="3" type="stmt"/>
        <line num="483" count="3" type="cond" truecount="1" falsecount="1"/>
        <line num="484" count="0" type="stmt"/>
        <line num="492" count="3" type="stmt"/>
        <line num="495" count="3" type="cond" truecount="1" falsecount="1"/>
        <line num="496" count="0" type="stmt"/>
        <line num="504" count="3" type="stmt"/>
        <line num="505" count="3" type="stmt"/>
        <line num="507" count="3" type="stmt"/>
        <line num="509" count="3" type="cond" truecount="2" falsecount="0"/>
        <line num="510" count="1" type="stmt"/>
        <line num="518" count="2" type="stmt"/>
        <line num="519" count="2" type="stmt"/>
        <line num="522" count="2" type="cond" truecount="2" falsecount="0"/>
        <line num="523" count="1" type="stmt"/>
        <line num="530" count="1" type="stmt"/>
        <line num="535" count="0" type="stmt"/>
        <line num="536" count="0" type="stmt"/>
        <line num="544" count="4" type="stmt"/>
        <line num="546" count="2" type="stmt"/>
        <line num="549" count="2" type="cond" truecount="1" falsecount="1"/>
        <line num="550" count="0" type="stmt"/>
        <line num="557" count="2" type="stmt"/>
        <line num="558" count="2" type="stmt"/>
        <line num="561" count="2" type="cond" truecount="2" falsecount="0"/>
        <line num="562" count="1" type="stmt"/>
        <line num="569" count="1" type="stmt"/>
        <line num="574" count="0" type="stmt"/>
        <line num="575" count="0" type="stmt"/>
        <line num="580" count="4" type="stmt"/>
        <line num="581" count="1" type="stmt"/>
        <line num="583" count="1" type="cond" truecount="3" falsecount="1"/>
        <line num="584" count="0" type="stmt"/>
        <line num="590" count="1" type="stmt"/>
        <line num="592" count="1" type="cond" truecount="1" falsecount="1"/>
        <line num="595" count="4" type="stmt"/>
        <line num="596" count="1" type="stmt"/>
        <line num="598" count="1" type="cond" truecount="1" falsecount="1"/>
        <line num="599" count="0" type="stmt"/>
        <line num="605" count="1" type="stmt"/>
        <line num="607" count="1" type="cond" truecount="1" falsecount="1"/>
        <line num="610" count="4" type="stmt"/>
      </file>
    </package>
    <package name="server.services">
      <metrics statements="716" coveredstatements="603" conditionals="464" coveredconditionals="383" methods="113" coveredmethods="100"/>
      <file name="admin_services.ts" path="C:\react\medicine-consultation\server\services\admin_services.ts">
        <metrics statements="78" coveredstatements="70" conditionals="18" coveredconditionals="15" methods="22" coveredmethods="22"/>
        <line num="1" count="5" type="stmt"/>
        <line num="2" count="5" type="stmt"/>
        <line num="3" count="5" type="stmt"/>
        <line num="11" count="5" type="stmt"/>
        <line num="12" count="5" type="stmt"/>
        <line num="16" count="5" type="stmt"/>
        <line num="17" count="5" type="stmt"/>
        <line num="19" count="5" type="stmt"/>
        <line num="36" count="5" type="stmt"/>
        <line num="39" count="15" type="stmt"/>
        <line num="40" count="15" type="stmt"/>
        <line num="41" count="15" type="stmt"/>
        <line num="43" count="15" type="cond" truecount="2" falsecount="0"/>
        <line num="44" count="2" type="stmt"/>
        <line num="49" count="13" type="stmt"/>
        <line num="53" count="13" type="stmt"/>
        <line num="58" count="13" type="stmt"/>
        <line num="59" count="13" type="stmt"/>
        <line num="61" count="13" type="stmt"/>
        <line num="70" count="0" type="stmt"/>
        <line num="71" count="0" type="stmt"/>
        <line num="79" count="5" type="stmt"/>
        <line num="81" count="4" type="stmt"/>
        <line num="82" count="4" type="stmt"/>
        <line num="83" count="4" type="stmt"/>
        <line num="88" count="4" type="cond" truecount="2" falsecount="0"/>
        <line num="89" count="2" type="stmt"/>
        <line num="95" count="2" type="stmt"/>
        <line num="135" count="2" type="stmt"/>
        <line num="137" count="2" type="stmt"/>
        <line num="140" count="2" type="stmt"/>
        <line num="145" count="2" type="stmt"/>
        <line num="149" count="0" type="stmt"/>
        <line num="150" count="0" type="stmt"/>
        <line num="157" count="6" type="stmt"/>
        <line num="158" count="6" type="stmt"/>
        <line num="161" count="6" type="stmt"/>
        <line num="163" count="4" type="cond" truecount="1" falsecount="1"/>
        <line num="164" count="0" type="stmt"/>
        <line num="165" count="0" type="stmt"/>
        <line num="167" count="4" type="stmt"/>
        <line num="170" count="2" type="stmt"/>
        <line num="173" count="2" type="stmt"/>
        <line num="178" count="5" type="stmt"/>
        <line num="181" count="9" type="stmt"/>
        <line num="182" count="9" type="stmt"/>
        <line num="185" count="5" type="stmt"/>
        <line num="188" count="9" type="stmt"/>
        <line num="189" count="9" type="stmt"/>
        <line num="192" count="5" type="stmt"/>
        <line num="193" count="4" type="stmt"/>
        <line num="197" count="4" type="cond" truecount="2" falsecount="0"/>
        <line num="198" count="2" type="stmt"/>
        <line num="200" count="2" type="stmt"/>
        <line num="205" count="4" type="stmt"/>
        <line num="209" count="5" type="stmt"/>
        <line num="213" count="2" type="stmt"/>
        <line num="215" count="2" type="stmt"/>
        <line num="216" count="4" type="stmt"/>
        <line num="224" count="2" type="stmt"/>
        <line num="225" count="2" type="stmt"/>
        <line num="227" count="2" type="stmt"/>
        <line num="228" count="2" type="stmt"/>
        <line num="232" count="2" type="stmt"/>
        <line num="236" count="2" type="stmt"/>
        <line num="242" count="2" type="stmt"/>
        <line num="243" count="2" type="stmt"/>
        <line num="245" count="2" type="stmt"/>
        <line num="249" count="5" type="stmt"/>
        <line num="252" count="9" type="stmt"/>
        <line num="253" count="9" type="stmt"/>
        <line num="254" count="9" type="stmt"/>
        <line num="257" count="9" type="stmt"/>
        <line num="258" count="11" type="stmt"/>
        <line num="261" count="9" type="stmt"/>
        <line num="263" count="0" type="stmt"/>
        <line num="264" count="0" type="stmt"/>
        <line num="269" count="5" type="stmt"/>
      </file>
      <file name="doctor_services.ts" path="C:\react\medicine-consultation\server\services\doctor_services.ts">
        <metrics statements="236" coveredstatements="196" conditionals="186" coveredconditionals="153" methods="23" coveredmethods="22"/>
        <line num="3" count="5" type="stmt"/>
        <line num="6" count="5" type="stmt"/>
        <line num="11" count="5" type="stmt"/>
        <line num="29" count="5" type="stmt"/>
        <line num="30" count="5" type="stmt"/>
        <line num="35" count="5" type="stmt"/>
        <line num="36" count="5" type="stmt"/>
        <line num="50" count="5" type="stmt"/>
        <line num="53" count="13" type="stmt"/>
        <line num="54" count="13" type="cond" truecount="1" falsecount="1"/>
        <line num="55" count="0" type="stmt"/>
        <line num="63" count="13" type="stmt"/>
        <line num="65" count="13" type="cond" truecount="2" falsecount="0"/>
        <line num="66" count="3" type="stmt"/>
        <line num="72" count="10" type="stmt"/>
        <line num="73" count="10" type="stmt"/>
        <line num="76" count="10" type="cond" truecount="1" falsecount="1"/>
        <line num="77" count="0" type="stmt"/>
        <line num="78" count="10" type="cond" truecount="1" falsecount="1"/>
        <line num="79" count="0" type="stmt"/>
        <line num="83" count="10" type="cond" truecount="1" falsecount="1"/>
        <line num="84" count="0" type="stmt"/>
        <line num="85" count="10" type="cond" truecount="1" falsecount="1"/>
        <line num="86" count="0" type="stmt"/>
        <line num="90" count="10" type="cond" truecount="1" falsecount="1"/>
        <line num="91" count="0" type="stmt"/>
        <line num="92" count="10" type="cond" truecount="1" falsecount="1"/>
        <line num="93" count="0" type="stmt"/>
        <line num="97" count="10" type="cond" truecount="1" falsecount="1"/>
        <line num="98" count="0" type="stmt"/>
        <line num="99" count="10" type="cond" truecount="1" falsecount="1"/>
        <line num="100" count="0" type="stmt"/>
        <line num="104" count="10" type="cond" truecount="1" falsecount="1"/>
        <line num="105" count="0" type="stmt"/>
        <line num="107" count="10" type="cond" truecount="1" falsecount="1"/>
        <line num="108" count="0" type="stmt"/>
        <line num="113" count="10" type="cond" truecount="4" falsecount="0"/>
        <line num="114" count="9" type="cond" truecount="2" falsecount="0"/>
        <line num="115" count="1" type="stmt"/>
        <line num="117" count="8" type="stmt"/>
        <line num="118" count="10" type="cond" truecount="1" falsecount="1"/>
        <line num="121" count="0" type="stmt"/>
        <line num="122" count="0" type="stmt"/>
        <line num="126" count="1" type="stmt"/>
        <line num="129" count="10" type="cond" truecount="2" falsecount="0"/>
        <line num="130" count="9" type="cond" truecount="2" falsecount="0"/>
        <line num="131" count="1" type="stmt"/>
        <line num="133" count="1" type="stmt"/>
        <line num="136" count="10" type="cond" truecount="1" falsecount="1"/>
        <line num="137" count="10" type="cond" truecount="2" falsecount="0"/>
        <line num="138" count="1" type="stmt"/>
        <line num="139" count="9" type="cond" truecount="1" falsecount="1"/>
        <line num="140" count="0" type="stmt"/>
        <line num="142" count="0" type="stmt"/>
        <line num="145" count="10" type="cond" truecount="2" falsecount="0"/>
        <line num="146" count="9" type="cond" truecount="1" falsecount="1"/>
        <line num="147" count="0" type="stmt"/>
        <line num="148" count="9" type="cond" truecount="4" falsecount="0"/>
        <line num="149" count="1" type="stmt"/>
        <line num="151" count="1" type="stmt"/>
        <line num="154" count="10" type="cond" truecount="2" falsecount="0"/>
        <line num="155" count="9" type="cond" truecount="2" falsecount="0"/>
        <line num="156" count="1" type="stmt"/>
        <line num="158" count="8" type="stmt"/>
        <line num="159" count="0" type="cond" truecount="0" falsecount="2"/>
        <line num="160" count="0" type="stmt"/>
        <line num="161" count="0" type="stmt"/>
        <line num="165" count="1" type="stmt"/>
        <line num="168" count="10" type="cond" truecount="2" falsecount="0"/>
        <line num="172" count="9" type="cond" truecount="2" falsecount="0"/>
        <line num="173" count="1" type="stmt"/>
        <line num="175" count="1" type="stmt"/>
        <line num="178" count="10" type="cond" truecount="2" falsecount="0"/>
        <line num="182" count="9" type="cond" truecount="2" falsecount="0"/>
        <line num="183" count="2" type="stmt"/>
        <line num="185" count="1" type="stmt"/>
        <line num="188" count="10" type="cond" truecount="2" falsecount="0"/>
        <line num="189" count="9" type="cond" truecount="2" falsecount="0"/>
        <line num="190" count="1" type="stmt"/>
        <line num="192" count="1" type="stmt"/>
        <line num="194" count="10" type="cond" truecount="2" falsecount="0"/>
        <line num="195" count="7" type="stmt"/>
        <line num="199" count="3" type="stmt"/>
        <line num="207" count="5" type="stmt"/>
        <line num="209" count="4" type="stmt"/>
        <line num="211" count="4" type="cond" truecount="4" falsecount="0"/>
        <line num="212" count="2" type="stmt"/>
        <line num="213" count="2" type="stmt"/>
        <line num="221" count="2" type="stmt"/>
        <line num="223" count="2" type="cond" truecount="1" falsecount="1"/>
        <line num="224" count="0" type="stmt"/>
        <line num="225" count="0" type="stmt"/>
        <line num="233" count="2" type="stmt"/>
        <line num="235" count="2" type="stmt"/>
        <line num="237" count="2" type="stmt"/>
        <line num="244" count="6" type="stmt"/>
        <line num="245" count="6" type="stmt"/>
        <line num="247" count="6" type="cond" truecount="2" falsecount="0"/>
        <line num="248" count="2" type="stmt"/>
        <line num="249" count="2" type="stmt"/>
        <line num="257" count="4" type="stmt"/>
        <line num="258" count="4" type="stmt"/>
        <line num="264" count="4" type="cond" truecount="2" falsecount="0"/>
        <line num="265" count="2" type="stmt"/>
        <line num="268" count="2" type="stmt"/>
        <line num="275" count="2" type="stmt"/>
        <line num="280" count="0" type="stmt"/>
        <line num="281" count="0" type="stmt"/>
        <line num="290" count="5" type="stmt"/>
        <line num="291" count="4" type="stmt"/>
        <line num="296" count="4" type="cond" truecount="2" falsecount="0"/>
        <line num="297" count="2" type="stmt"/>
        <line num="298" count="2" type="stmt"/>
        <line num="309" count="2" type="stmt"/>
        <line num="312" count="2" type="cond" truecount="1" falsecount="1"/>
        <line num="313" count="0" type="stmt"/>
        <line num="314" count="0" type="stmt"/>
        <line num="321" count="2" type="cond" truecount="1" falsecount="1"/>
        <line num="322" count="2" type="stmt"/>
        <line num="323" count="2" type="stmt"/>
        <line num="328" count="0" type="stmt"/>
        <line num="329" count="0" type="stmt"/>
        <line num="338" count="9" type="stmt"/>
        <line num="339" count="9" type="cond" truecount="2" falsecount="0"/>
        <line num="340" count="1" type="stmt"/>
        <line num="341" count="1" type="stmt"/>
        <line num="348" count="8" type="stmt"/>
        <line num="364" count="8" type="cond" truecount="2" falsecount="0"/>
        <line num="365" count="3" type="stmt"/>
        <line num="366" count="3" type="stmt"/>
        <line num="373" count="5" type="stmt"/>
        <line num="374" count="5" type="stmt"/>
        <line num="381" count="5" type="stmt"/>
        <line num="385" count="33" type="stmt"/>
        <line num="387" count="33" type="stmt"/>
        <line num="390" count="33" type="stmt"/>
        <line num="393" count="33" type="cond" truecount="2" falsecount="0"/>
        <line num="394" count="8" type="stmt"/>
        <line num="398" count="15" type="stmt"/>
        <line num="405" count="33" type="cond" truecount="2" falsecount="0"/>
        <line num="406" count="3" type="stmt"/>
        <line num="412" count="33" type="cond" truecount="2" falsecount="0"/>
        <line num="413" count="3" type="stmt"/>
        <line num="414" count="7" type="stmt"/>
        <line num="415" count="7" type="stmt"/>
        <line num="420" count="3" type="cond" truecount="1" falsecount="1"/>
        <line num="421" count="0" type="stmt"/>
        <line num="423" count="3" type="stmt"/>
        <line num="428" count="33" type="cond" truecount="2" falsecount="0"/>
        <line num="429" count="2" type="stmt"/>
        <line num="435" count="33" type="cond" truecount="2" falsecount="0"/>
        <line num="436" count="3" type="stmt"/>
        <line num="437" count="6" type="stmt"/>
        <line num="442" count="3" type="cond" truecount="1" falsecount="1"/>
        <line num="443" count="0" type="stmt"/>
        <line num="445" count="3" type="stmt"/>
        <line num="450" count="33" type="cond" truecount="2" falsecount="0"/>
        <line num="451" count="3" type="stmt"/>
        <line num="457" count="33" type="cond" truecount="2" falsecount="0"/>
        <line num="458" count="3" type="stmt"/>
        <line num="464" count="33" type="cond" truecount="2" falsecount="0"/>
        <line num="465" count="2" type="stmt"/>
        <line num="469" count="33" type="cond" truecount="2" falsecount="0"/>
        <line num="470" count="2" type="stmt"/>
        <line num="473" count="33" type="stmt"/>
        <line num="480" count="33" type="stmt"/>
        <line num="484" count="5" type="stmt"/>
        <line num="486" count="4" type="stmt"/>
        <line num="487" count="4" type="stmt"/>
        <line num="488" count="4" type="stmt"/>
        <line num="490" count="4" type="cond" truecount="1" falsecount="1"/>
        <line num="491" count="4" type="stmt"/>
        <line num="493" count="4" type="cond" truecount="2" falsecount="0"/>
        <line num="494" count="2" type="stmt"/>
        <line num="497" count="2" type="stmt"/>
        <line num="505" count="0" type="stmt"/>
        <line num="506" count="0" type="stmt"/>
        <line num="511" count="2" type="stmt"/>
        <line num="513" count="2" type="stmt"/>
        <line num="514" count="2" type="stmt"/>
        <line num="518" count="0" type="stmt"/>
        <line num="519" count="0" type="stmt"/>
        <line num="528" count="5" type="stmt"/>
        <line num="529" count="55" type="cond" truecount="3" falsecount="1"/>
        <line num="531" count="0" type="stmt"/>
        <line num="535" count="55" type="stmt"/>
        <line num="538" count="55" type="cond" truecount="1" falsecount="1"/>
        <line num="539" count="0" type="stmt"/>
        <line num="544" count="0" type="cond" truecount="0" falsecount="2"/>
        <line num="545" count="0" type="stmt"/>
        <line num="546" count="0" type="stmt"/>
        <line num="549" count="0" type="cond" truecount="0" falsecount="4"/>
        <line num="557" count="55" type="cond" truecount="2" falsecount="0"/>
        <line num="558" count="9" type="stmt"/>
        <line num="562" count="55" type="cond" truecount="2" falsecount="0"/>
        <line num="563" count="3" type="stmt"/>
        <line num="567" count="55" type="cond" truecount="2" falsecount="0"/>
        <line num="568" count="5" type="stmt"/>
        <line num="573" count="5" type="cond" truecount="2" falsecount="0"/>
        <line num="574" count="4" type="stmt"/>
        <line num="579" count="55" type="cond" truecount="2" falsecount="0"/>
        <line num="580" count="5" type="stmt"/>
        <line num="585" count="5" type="cond" truecount="2" falsecount="0"/>
        <line num="586" count="4" type="stmt"/>
        <line num="591" count="55" type="cond" truecount="2" falsecount="0"/>
        <line num="592" count="4" type="stmt"/>
        <line num="593" count="4" type="cond" truecount="2" falsecount="0"/>
        <line num="594" count="1" type="stmt"/>
        <line num="595" count="3" type="cond" truecount="2" falsecount="0"/>
        <line num="596" count="2" type="stmt"/>
        <line num="597" count="1" type="cond" truecount="1" falsecount="1"/>
        <line num="598" count="0" type="stmt"/>
        <line num="600" count="4" type="cond" truecount="2" falsecount="0"/>
        <line num="601" count="1" type="stmt"/>
        <line num="605" count="55" type="cond" truecount="2" falsecount="0"/>
        <line num="606" count="7" type="stmt"/>
        <line num="607" count="7" type="stmt"/>
        <line num="608" count="10" type="cond" truecount="2" falsecount="0"/>
        <line num="613" count="7" type="stmt"/>
        <line num="617" count="7" type="cond" truecount="2" falsecount="0"/>
        <line num="618" count="4" type="stmt"/>
        <line num="623" count="55" type="cond" truecount="4" falsecount="0"/>
        <line num="624" count="4" type="stmt"/>
        <line num="628" count="55" type="cond" truecount="2" falsecount="0"/>
        <line num="629" count="5" type="stmt"/>
        <line num="631" count="5" type="cond" truecount="2" falsecount="0"/>
        <line num="632" count="4" type="stmt"/>
        <line num="637" count="55" type="cond" truecount="2" falsecount="0"/>
        <line num="638" count="3" type="stmt"/>
        <line num="642" count="55" type="cond" truecount="2" falsecount="0"/>
        <line num="643" count="3" type="stmt"/>
        <line num="646" count="55" type="stmt"/>
        <line num="653" count="5" type="stmt"/>
        <line num="656" count="22" type="cond" truecount="1" falsecount="1"/>
        <line num="657" count="22" type="stmt"/>
        <line num="662" count="5" type="stmt"/>
      </file>
      <file name="mail_services.ts" path="C:\react\medicine-consultation\server\services\mail_services.ts">
        <metrics statements="47" coveredstatements="31" conditionals="20" coveredconditionals="11" methods="12" coveredmethods="6"/>
        <line num="1" count="4" type="stmt"/>
        <line num="3" count="4" type="stmt"/>
        <line num="4" count="4" type="stmt"/>
        <line num="5" count="4" type="stmt"/>
        <line num="12" count="4" type="stmt"/>
        <line num="36" count="4" type="stmt"/>
        <line num="38" count="1" type="stmt"/>
        <line num="39" count="1" type="stmt"/>
        <line num="41" count="0" type="stmt"/>
        <line num="43" count="1" type="cond" truecount="1" falsecount="1"/>
        <line num="44" count="0" type="stmt"/>
        <line num="47" count="0" type="stmt"/>
        <line num="53" count="1" type="stmt"/>
        <line num="55" count="1" type="cond" truecount="1" falsecount="1"/>
        <line num="56" count="0" type="stmt"/>
        <line num="57" count="0" type="stmt"/>
        <line num="63" count="1" type="stmt"/>
        <line num="69" count="4" type="stmt"/>
        <line num="70" count="1" type="stmt"/>
        <line num="73" count="4" type="stmt"/>
        <line num="75" count="2" type="stmt"/>
        <line num="77" count="2" type="cond" truecount="2" falsecount="0"/>
        <line num="78" count="1" type="stmt"/>
        <line num="81" count="1" type="stmt"/>
        <line num="88" count="1" type="stmt"/>
        <line num="94" count="1" type="cond" truecount="6" falsecount="2"/>
        <line num="95" count="1" type="stmt"/>
        <line num="97" count="1" type="stmt"/>
        <line num="99" count="1" type="stmt"/>
        <line num="120" count="1" type="stmt"/>
        <line num="122" count="1" type="cond" truecount="1" falsecount="1"/>
        <line num="123" count="1" type="stmt"/>
        <line num="126" count="1" type="stmt"/>
        <line num="129" count="4" type="stmt"/>
        <line num="130" count="0" type="stmt"/>
        <line num="147" count="0" type="stmt"/>
        <line num="149" count="0" type="cond" truecount="0" falsecount="2"/>
        <line num="150" count="0" type="stmt"/>
        <line num="153" count="0" type="stmt"/>
        <line num="156" count="4" type="stmt"/>
        <line num="160" count="0" type="stmt"/>
        <line num="161" count="0" type="stmt"/>
        <line num="168" count="0" type="stmt"/>
        <line num="170" count="0" type="cond" truecount="0" falsecount="2"/>
        <line num="171" count="0" type="stmt"/>
        <line num="174" count="0" type="stmt"/>
        <line num="203" count="4" type="stmt"/>
      </file>
      <file name="payment_services.ts" path="C:\react\medicine-consultation\server\services\payment_services.ts">
        <metrics statements="24" coveredstatements="18" conditionals="10" coveredconditionals="7" methods="9" coveredmethods="5"/>
        <line num="1" count="4" type="stmt"/>
        <line num="2" count="4" type="stmt"/>
        <line num="3" count="4" type="stmt"/>
        <line num="5" count="4" type="stmt"/>
        <line num="7" count="4" type="stmt"/>
        <line num="10" count="4" type="stmt"/>
        <line num="11" count="3" type="cond" truecount="1" falsecount="1"/>
        <line num="13" count="3" type="stmt"/>
        <line num="20" count="3" type="stmt"/>
        <line num="21" count="3" type="stmt"/>
        <line num="23" count="3" type="stmt"/>
        <line num="24" count="3" type="stmt"/>
        <line num="29" count="0" type="stmt"/>
        <line num="32" count="0" type="stmt"/>
        <line num="38" count="0" type="stmt"/>
        <line num="39" count="0" type="stmt"/>
        <line num="46" count="4" type="stmt"/>
        <line num="47" count="0" type="stmt"/>
        <line num="53" count="4" type="stmt"/>
        <line num="54" count="0" type="stmt"/>
        <line num="60" count="4" type="stmt"/>
        <line num="61" count="2" type="stmt"/>
        <line num="63" count="2" type="cond" truecount="6" falsecount="2"/>
        <line num="67" count="4" type="stmt"/>
      </file>
      <file name="token_services.ts" path="C:\react\medicine-consultation\server\services\token_services.ts">
        <metrics statements="76" coveredstatements="65" conditionals="61" coveredconditionals="48" methods="12" coveredmethods="12"/>
        <line num="1" count="7" type="stmt"/>
        <line num="2" count="7" type="stmt"/>
        <line num="8" count="7" type="stmt"/>
        <line num="14" count="7" type="stmt"/>
        <line num="15" count="60" type="stmt"/>
        <line num="17" count="60" type="cond" truecount="2" falsecount="0"/>
        <line num="19" count="60" type="stmt"/>
        <line num="30" count="7" type="stmt"/>
        <line num="35" count="12" type="stmt"/>
        <line num="36" count="12" type="cond" truecount="1" falsecount="1"/>
        <line num="38" count="12" type="cond" truecount="3" falsecount="1"/>
        <line num="46" count="7" type="stmt"/>
        <line num="50" count="5" type="stmt"/>
        <line num="51" count="5" type="stmt"/>
        <line num="53" count="5" type="cond" truecount="2" falsecount="0"/>
        <line num="54" count="2" type="stmt"/>
        <line num="57" count="2" type="stmt"/>
        <line num="66" count="3" type="stmt"/>
        <line num="69" count="3" type="cond" truecount="1" falsecount="1"/>
        <line num="70" count="0" type="stmt"/>
        <line num="71" count="0" type="stmt"/>
        <line num="79" count="3" type="stmt"/>
        <line num="82" count="3" type="cond" truecount="1" falsecount="1"/>
        <line num="83" count="0" type="stmt"/>
        <line num="84" count="0" type="stmt"/>
        <line num="92" count="3" type="stmt"/>
        <line num="97" count="3" type="cond" truecount="1" falsecount="1"/>
        <line num="98" count="0" type="stmt"/>
        <line num="106" count="3" type="stmt"/>
        <line num="108" count="3" type="stmt"/>
        <line num="117" count="11" type="stmt"/>
        <line num="118" count="11" type="stmt"/>
        <line num="120" count="11" type="stmt"/>
        <line num="122" count="11" type="cond" truecount="2" falsecount="0"/>
        <line num="123" count="2" type="stmt"/>
        <line num="126" count="2" type="stmt"/>
        <line num="135" count="9" type="stmt"/>
        <line num="138" count="9" type="cond" truecount="1" falsecount="1"/>
        <line num="139" count="0" type="stmt"/>
        <line num="140" count="0" type="stmt"/>
        <line num="148" count="9" type="stmt"/>
        <line num="152" count="9" type="cond" truecount="1" falsecount="1"/>
        <line num="153" count="0" type="stmt"/>
        <line num="154" count="0" type="stmt"/>
        <line num="163" count="9" type="stmt"/>
        <line num="168" count="9" type="cond" truecount="1" falsecount="1"/>
        <line num="169" count="0" type="stmt"/>
        <line num="170" count="0" type="stmt"/>
        <line num="178" count="9" type="stmt"/>
        <line num="180" count="9" type="stmt"/>
        <line num="186" count="7" type="stmt"/>
        <line num="194" count="29" type="stmt"/>
        <line num="196" count="29" type="stmt"/>
        <line num="200" count="29" type="cond" truecount="6" falsecount="0"/>
        <line num="201" count="13" type="stmt"/>
        <line num="203" count="16" type="stmt"/>
        <line num="209" count="29" type="cond" truecount="2" falsecount="0"/>
        <line num="211" count="3" type="stmt"/>
        <line num="214" count="26" type="cond" truecount="3" falsecount="1"/>
        <line num="218" count="29" type="stmt"/>
        <line num="220" count="29" type="stmt"/>
        <line num="222" count="29" type="cond" truecount="2" falsecount="0"/>
        <line num="223" count="13" type="stmt"/>
        <line num="226" count="16" type="stmt"/>
        <line num="228" count="16" type="stmt"/>
        <line num="230" count="3" type="stmt"/>
        <line num="231" count="3" type="stmt"/>
        <line num="233" count="3" type="stmt"/>
        <line num="234" count="3" type="stmt"/>
        <line num="236" count="5" type="stmt"/>
        <line num="237" count="5" type="stmt"/>
        <line num="239" count="5" type="stmt"/>
        <line num="240" count="5" type="stmt"/>
        <line num="245" count="16" type="stmt"/>
        <line num="252" count="16" type="cond" truecount="3" falsecount="0"/>
        <line num="256" count="7" type="stmt"/>
      </file>
      <file name="types_services.ts" path="C:\react\medicine-consultation\server\services\types_services.ts">
        <metrics statements="31" coveredstatements="28" conditionals="14" coveredconditionals="11" methods="9" coveredmethods="8"/>
        <line num="13" count="7" type="stmt"/>
        <line num="18" count="7" type="stmt"/>
        <line num="19" count="20" type="stmt"/>
        <line num="44" count="7" type="stmt"/>
        <line num="45" count="0" type="stmt"/>
        <line num="57" count="7" type="stmt"/>
        <line num="58" count="42" type="stmt"/>
        <line num="112" count="7" type="stmt"/>
        <line num="113" count="4" type="stmt"/>
        <line num="136" count="7" type="stmt"/>
        <line num="139" count="12" type="stmt"/>
        <line num="165" count="7" type="stmt"/>
        <line num="166" count="14" type="stmt"/>
        <line num="180" count="7" type="stmt"/>
        <line num="181" count="5" type="cond" truecount="1" falsecount="1"/>
        <line num="182" count="0" type="stmt"/>
        <line num="185" count="5" type="stmt"/>
        <line num="186" count="6" type="cond" truecount="2" falsecount="0"/>
        <line num="187" count="1" type="stmt"/>
        <line num="191" count="4" type="stmt"/>
        <line num="197" count="7" type="stmt"/>
        <line num="198" count="15" type="cond" truecount="1" falsecount="1"/>
        <line num="199" count="0" type="stmt"/>
        <line num="202" count="15" type="stmt"/>
        <line num="203" count="15" type="stmt"/>
        <line num="204" count="15" type="stmt"/>
        <line num="205" count="21" type="cond" truecount="2" falsecount="0"/>
        <line num="206" count="18" type="stmt"/>
        <line num="210" count="15" type="cond" truecount="2" falsecount="0"/>
        <line num="211" count="12" type="stmt"/>
        <line num="214" count="3" type="stmt"/>
      </file>
      <file name="user_services.ts" path="C:\react\medicine-consultation\server\services\user_services.ts">
        <metrics statements="224" coveredstatements="195" conditionals="155" coveredconditionals="138" methods="26" coveredmethods="25"/>
        <line num="1" count="6" type="stmt"/>
        <line num="4" count="6" type="stmt"/>
        <line num="8" count="6" type="stmt"/>
        <line num="11" count="6" type="stmt"/>
        <line num="25" count="6" type="stmt"/>
        <line num="26" count="6" type="stmt"/>
        <line num="27" count="6" type="stmt"/>
        <line num="28" count="6" type="stmt"/>
        <line num="53" count="9" type="stmt"/>
        <line num="54" count="9" type="stmt"/>
        <line num="60" count="9" type="cond" truecount="1" falsecount="1"/>
        <line num="61" count="0" type="stmt"/>
        <line num="66" count="11" type="stmt"/>
        <line num="67" count="9" type="stmt"/>
        <line num="69" count="9" type="stmt"/>
        <line num="74" count="0" type="stmt"/>
        <line num="75" count="0" type="stmt"/>
        <line num="91" count="4" type="stmt"/>
        <line num="94" count="4" type="cond" truecount="2" falsecount="0"/>
        <line num="95" count="1" type="stmt"/>
        <line num="103" count="3" type="cond" truecount="2" falsecount="0"/>
        <line num="104" count="2" type="stmt"/>
        <line num="111" count="1" type="stmt"/>
        <line num="119" count="6" type="stmt"/>
        <line num="122" count="5" type="stmt"/>
        <line num="124" count="5" type="stmt"/>
        <line num="125" count="5" type="cond" truecount="2" falsecount="0"/>
        <line num="126" count="1" type="stmt"/>
        <line num="134" count="4" type="stmt"/>
        <line num="136" count="1" type="stmt"/>
        <line num="138" count="4" type="cond" truecount="2" falsecount="0"/>
        <line num="139" count="1" type="stmt"/>
        <line num="146" count="3" type="stmt"/>
        <line num="149" count="3" type="cond" truecount="3" falsecount="1"/>
        <line num="150" count="3" type="stmt"/>
        <line num="152" count="3" type="cond" truecount="1" falsecount="1"/>
        <line num="153" count="0" type="stmt"/>
        <line num="160" count="3" type="stmt"/>
        <line num="161" count="3" type="stmt"/>
        <line num="164" count="0" type="stmt"/>
        <line num="166" count="3" type="cond" truecount="2" falsecount="0"/>
        <line num="167" count="1" type="stmt"/>
        <line num="173" count="2" type="stmt"/>
        <line num="177" count="0" type="stmt"/>
        <line num="180" count="0" type="stmt"/>
        <line num="195" count="30" type="stmt"/>
        <line num="197" count="30" type="stmt"/>
        <line num="200" count="30" type="cond" truecount="2" falsecount="0"/>
        <line num="201" count="26" type="cond" truecount="2" falsecount="0"/>
        <line num="202" count="2" type="stmt"/>
        <line num="204" count="24" type="cond" truecount="1" falsecount="1"/>
        <line num="206" count="4" type="stmt"/>
        <line num="208" count="30" type="cond" truecount="2" falsecount="0"/>
        <line num="209" count="26" type="cond" truecount="2" falsecount="0"/>
        <line num="210" count="2" type="stmt"/>
        <line num="212" count="24" type="cond" truecount="1" falsecount="1"/>
        <line num="213" count="0" type="stmt"/>
        <line num="215" count="4" type="stmt"/>
        <line num="218" count="30" type="cond" truecount="3" falsecount="1"/>
        <line num="219" count="30" type="cond" truecount="2" falsecount="0"/>
        <line num="220" count="5" type="stmt"/>
        <line num="225" count="25" type="stmt"/>
        <line num="227" count="25" type="cond" truecount="1" falsecount="1"/>
        <line num="232" count="30" type="cond" truecount="2" falsecount="0"/>
        <line num="233" count="27" type="cond" truecount="2" falsecount="0"/>
        <line num="234" count="2" type="stmt"/>
        <line num="236" count="25" type="cond" truecount="2" falsecount="0"/>
        <line num="241" count="1" type="stmt"/>
        <line num="243" count="24" type="stmt"/>
        <line num="246" count="24" type="cond" truecount="2" falsecount="0"/>
        <line num="247" count="6" type="cond" truecount="2" falsecount="0"/>
        <line num="248" count="2" type="stmt"/>
        <line num="250" count="4" type="cond" truecount="2" falsecount="0"/>
        <line num="251" count="2" type="stmt"/>
        <line num="264" count="3" type="stmt"/>
        <line num="267" count="30" type="cond" truecount="2" falsecount="0"/>
        <line num="268" count="27" type="cond" truecount="2" falsecount="0"/>
        <line num="269" count="2" type="stmt"/>
        <line num="271" count="25" type="cond" truecount="2" falsecount="0"/>
        <line num="272" count="1" type="stmt"/>
        <line num="274" count="3" type="stmt"/>
        <line num="277" count="30" type="cond" truecount="4" falsecount="0"/>
        <line num="278" count="3" type="stmt"/>
        <line num="279" count="27" type="cond" truecount="2" falsecount="0"/>
        <line num="280" count="2" type="stmt"/>
        <line num="284" count="30" type="cond" truecount="2" falsecount="0"/>
        <line num="285" count="27" type="cond" truecount="2" falsecount="0"/>
        <line num="286" count="2" type="stmt"/>
        <line num="290" count="30" type="cond" truecount="2" falsecount="0"/>
        <line num="291" count="27" type="cond" truecount="2" falsecount="0"/>
        <line num="292" count="2" type="stmt"/>
        <line num="296" count="30" type="cond" truecount="2" falsecount="0"/>
        <line num="297" count="27" type="cond" truecount="2" falsecount="0"/>
        <line num="298" count="2" type="stmt"/>
        <line num="300" count="25" type="cond" truecount="2" falsecount="0"/>
        <line num="305" count="1" type="stmt"/>
        <line num="307" count="24" type="stmt"/>
        <line num="310" count="24" type="cond" truecount="2" falsecount="0"/>
        <line num="311" count="6" type="cond" truecount="2" falsecount="0"/>
        <line num="312" count="2" type="stmt"/>
        <line num="314" count="4" type="cond" truecount="2" falsecount="0"/>
        <line num="315" count="2" type="stmt"/>
        <line num="323" count="3" type="stmt"/>
        <line num="327" count="30" type="cond" truecount="2" falsecount="0"/>
        <line num="331" count="3" type="stmt"/>
        <line num="332" count="27" type="cond" truecount="2" falsecount="0"/>
        <line num="333" count="2" type="stmt"/>
        <line num="337" count="30" type="cond" truecount="2" falsecount="0"/>
        <line num="341" count="3" type="stmt"/>
        <line num="342" count="27" type="cond" truecount="2" falsecount="0"/>
        <line num="343" count="2" type="stmt"/>
        <line num="347" count="30" type="cond" truecount="4" falsecount="0"/>
        <line num="348" count="3" type="stmt"/>
        <line num="349" count="27" type="cond" truecount="2" falsecount="0"/>
        <line num="350" count="1" type="stmt"/>
        <line num="352" count="26" type="stmt"/>
        <line num="353" count="26" type="cond" truecount="4" falsecount="0"/>
        <line num="354" count="1" type="stmt"/>
        <line num="359" count="30" type="cond" truecount="4" falsecount="0"/>
        <line num="360" count="3" type="stmt"/>
        <line num="361" count="27" type="cond" truecount="2" falsecount="0"/>
        <line num="362" count="1" type="stmt"/>
        <line num="364" count="26" type="stmt"/>
        <line num="365" count="26" type="cond" truecount="4" falsecount="0"/>
        <line num="366" count="1" type="stmt"/>
        <line num="371" count="30" type="cond" truecount="4" falsecount="0"/>
        <line num="372" count="3" type="stmt"/>
        <line num="373" count="27" type="cond" truecount="2" falsecount="0"/>
        <line num="374" count="2" type="stmt"/>
        <line num="376" count="25" type="stmt"/>
        <line num="377" count="0" type="cond" truecount="0" falsecount="2"/>
        <line num="378" count="0" type="stmt"/>
        <line num="379" count="0" type="stmt"/>
        <line num="384" count="30" type="cond" truecount="2" falsecount="0"/>
        <line num="385" count="19" type="stmt"/>
        <line num="389" count="11" type="stmt"/>
        <line num="405" count="2" type="cond" truecount="1" falsecount="1"/>
        <line num="406" count="0" type="stmt"/>
        <line num="414" count="2" type="cond" truecount="1" falsecount="1"/>
        <line num="415" count="0" type="stmt"/>
        <line num="422" count="2" type="stmt"/>
        <line num="426" count="2" type="stmt"/>
        <line num="434" count="2" type="stmt"/>
        <line num="435" count="2" type="stmt"/>
        <line num="439" count="2" type="cond" truecount="1" falsecount="1"/>
        <line num="440" count="0" type="stmt"/>
        <line num="447" count="2" type="cond" truecount="2" falsecount="0"/>
        <line num="448" count="1" type="stmt"/>
        <line num="455" count="1" type="stmt"/>
        <line num="459" count="1" type="stmt"/>
        <line num="463" count="0" type="stmt"/>
        <line num="464" count="0" type="stmt"/>
        <line num="477" count="4" type="stmt"/>
        <line num="480" count="4" type="stmt"/>
        <line num="485" count="4" type="cond" truecount="1" falsecount="1"/>
        <line num="486" count="0" type="stmt"/>
        <line num="491" count="4" type="cond" truecount="1" falsecount="1"/>
        <line num="492" count="0" type="stmt"/>
        <line num="493" count="0" type="stmt"/>
        <line num="500" count="4" type="cond" truecount="2" falsecount="0"/>
        <line num="501" count="2" type="stmt"/>
        <line num="502" count="2" type="stmt"/>
        <line num="509" count="2" type="stmt"/>
        <line num="511" count="2" type="stmt"/>
        <line num="516" count="0" type="stmt"/>
        <line num="517" count="0" type="stmt"/>
        <line num="530" count="3" type="stmt"/>
        <line num="531" count="3" type="stmt"/>
        <line num="534" count="3" type="cond" truecount="2" falsecount="0"/>
        <line num="535" count="1" type="stmt"/>
        <line num="536" count="1" type="stmt"/>
        <line num="544" count="2" type="stmt"/>
        <line num="546" count="2" type="cond" truecount="1" falsecount="1"/>
        <line num="547" count="0" type="stmt"/>
        <line num="548" count="0" type="stmt"/>
        <line num="556" count="2" type="stmt"/>
        <line num="558" count="2" type="stmt"/>
        <line num="560" count="2" type="stmt"/>
        <line num="565" count="0" type="stmt"/>
        <line num="566" count="0" type="stmt"/>
        <line num="580" count="4" type="stmt"/>
        <line num="583" count="4" type="cond" truecount="2" falsecount="0"/>
        <line num="584" count="1" type="stmt"/>
        <line num="592" count="3" type="stmt"/>
        <line num="593" count="3" type="stmt"/>
        <line num="601" count="3" type="cond" truecount="2" falsecount="0"/>
        <line num="602" count="1" type="stmt"/>
        <line num="603" count="1" type="stmt"/>
        <line num="610" count="2" type="stmt"/>
        <line num="615" count="0" type="stmt"/>
        <line num="628" count="4" type="stmt"/>
        <line num="633" count="4" type="cond" truecount="2" falsecount="0"/>
        <line num="634" count="2" type="stmt"/>
        <line num="635" count="2" type="stmt"/>
        <line num="646" count="2" type="stmt"/>
        <line num="649" count="2" type="cond" truecount="1" falsecount="1"/>
        <line num="650" count="0" type="stmt"/>
        <line num="651" count="0" type="stmt"/>
        <line num="658" count="2" type="cond" truecount="1" falsecount="1"/>
        <line num="659" count="2" type="stmt"/>
        <line num="660" count="2" type="stmt"/>
        <line num="665" count="0" type="stmt"/>
        <line num="674" count="6" type="stmt"/>
        <line num="677" count="5" type="stmt"/>
        <line num="678" count="5" type="stmt"/>
        <line num="681" count="6" type="stmt"/>
        <line num="684" count="6" type="stmt"/>
        <line num="685" count="6" type="stmt"/>
        <line num="688" count="13" type="stmt"/>
        <line num="690" count="13" type="stmt"/>
        <line num="691" count="13" type="stmt"/>
        <line num="694" count="13" type="stmt"/>
        <line num="695" count="13" type="stmt"/>
        <line num="697" count="13" type="stmt"/>
        <line num="701" count="6" type="stmt"/>
        <line num="705" count="1" type="stmt"/>
        <line num="707" count="1" type="stmt"/>
        <line num="708" count="2" type="stmt"/>
        <line num="716" count="1" type="stmt"/>
        <line num="717" count="1" type="stmt"/>
        <line num="719" count="1" type="stmt"/>
        <line num="720" count="1" type="stmt"/>
        <line num="723" count="1" type="stmt"/>
        <line num="727" count="6" type="stmt"/>
      </file>
    </package>
    <package name="server.types">
      <metrics statements="308" coveredstatements="306" conditionals="12" coveredconditionals="12" methods="7" coveredmethods="6"/>
      <file name="errors.ts" path="C:\react\medicine-consultation\server\types\errors.ts">
        <metrics statements="3" coveredstatements="1" conditionals="0" coveredconditionals="0" methods="1" coveredmethods="0"/>
        <line num="1" count="4" type="stmt"/>
        <line num="3" count="0" type="stmt"/>
        <line num="5" count="0" type="stmt"/>
      </file>
      <file name="models.ts" path="C:\react\medicine-consultation\server\types\models.ts">
        <metrics statements="4" coveredstatements="4" conditionals="2" coveredconditionals="2" methods="1" coveredmethods="1"/>
        <line num="255" count="2" type="cond" truecount="2" falsecount="0"/>
        <line num="256" count="2" type="stmt"/>
        <line num="257" count="2" type="stmt"/>
        <line num="258" count="2" type="stmt"/>
      </file>
      <file name="services.ts" path="C:\react\medicine-consultation\server\types\services.ts">
        <metrics statements="39" coveredstatements="39" conditionals="8" coveredconditionals="8" methods="4" coveredmethods="4"/>
        <line num="69" count="7" type="cond" truecount="2" falsecount="0"/>
        <line num="70" count="7" type="stmt"/>
        <line num="71" count="7" type="stmt"/>
        <line num="72" count="7" type="stmt"/>
        <line num="73" count="7" type="stmt"/>
        <line num="74" count="7" type="stmt"/>
        <line num="75" count="7" type="stmt"/>
        <line num="211" count="7" type="cond" truecount="2" falsecount="0"/>
        <line num="212" count="7" type="stmt"/>
        <line num="213" count="7" type="stmt"/>
        <line num="214" count="7" type="stmt"/>
        <line num="215" count="7" type="stmt"/>
        <line num="216" count="7" type="stmt"/>
        <line num="217" count="7" type="stmt"/>
        <line num="218" count="7" type="stmt"/>
        <line num="219" count="7" type="stmt"/>
        <line num="220" count="7" type="stmt"/>
        <line num="221" count="7" type="stmt"/>
        <line num="222" count="7" type="stmt"/>
        <line num="223" count="7" type="stmt"/>
        <line num="224" count="7" type="stmt"/>
        <line num="225" count="7" type="stmt"/>
        <line num="226" count="7" type="stmt"/>
        <line num="227" count="7" type="stmt"/>
        <line num="228" count="7" type="stmt"/>
        <line num="229" count="7" type="stmt"/>
        <line num="230" count="7" type="stmt"/>
        <line num="345" count="7" type="stmt"/>
        <line num="357" count="7" type="cond" truecount="2" falsecount="0"/>
        <line num="358" count="7" type="stmt"/>
        <line num="359" count="7" type="stmt"/>
        <line num="360" count="7" type="stmt"/>
        <line num="361" count="7" type="stmt"/>
        <line num="362" count="7" type="stmt"/>
        <line num="373" count="7" type="cond" truecount="2" falsecount="0"/>
        <line num="374" count="7" type="stmt"/>
        <line num="375" count="7" type="stmt"/>
        <line num="427" count="7" type="stmt"/>
        <line num="490" count="7" type="stmt"/>
      </file>
      <file name="sympthoms.ts" path="C:\react\medicine-consultation\server\types\sympthoms.ts">
        <metrics statements="262" coveredstatements="262" conditionals="2" coveredconditionals="2" methods="1" coveredmethods="1"/>
        <line num="1" count="5" type="stmt"/>
        <line num="3" count="5" type="stmt"/>
        <line num="8" count="5" type="stmt"/>
        <line num="13" count="5" type="stmt"/>
        <line num="17" count="5" type="stmt"/>
        <line num="21" count="5" type="stmt"/>
        <line num="25" count="5" type="stmt"/>
        <line num="29" count="5" type="stmt"/>
        <line num="33" count="5" type="stmt"/>
        <line num="37" count="5" type="stmt"/>
        <line num="41" count="5" type="stmt"/>
        <line num="45" count="5" type="stmt"/>
        <line num="46" count="5" type="stmt"/>
        <line num="50" count="5" type="stmt"/>
        <line num="55" count="5" type="stmt"/>
        <line num="60" count="5" type="stmt"/>
        <line num="64" count="5" type="stmt"/>
        <line num="69" count="5" type="stmt"/>
        <line num="73" count="5" type="stmt"/>
        <line num="74" count="5" type="stmt"/>
        <line num="78" count="5" type="stmt"/>
        <line num="82" count="5" type="stmt"/>
        <line num="83" count="5" type="stmt"/>
        <line num="88" count="5" type="stmt"/>
        <line num="89" count="5" type="stmt"/>
        <line num="93" count="5" type="stmt"/>
        <line num="97" count="5" type="stmt"/>
        <line num="101" count="5" type="stmt"/>
        <line num="105" count="5" type="stmt"/>
        <line num="109" count="5" type="stmt"/>
        <line num="113" count="5" type="stmt"/>
        <line num="117" count="5" type="stmt"/>
        <line num="122" count="5" type="stmt"/>
        <line num="126" count="5" type="stmt"/>
        <line num="127" count="5" type="stmt"/>
        <line num="132" count="5" type="stmt"/>
        <line num="137" count="5" type="stmt"/>
        <line num="142" count="5" type="stmt"/>
        <line num="147" count="5" type="stmt"/>
        <line num="152" count="5" type="stmt"/>
        <line num="157" count="5" type="stmt"/>
        <line num="162" count="5" type="stmt"/>
        <line num="167" count="5" type="stmt"/>
        <line num="172" count="5" type="stmt"/>
        <line num="177" count="5" type="stmt"/>
        <line num="182" count="5" type="stmt"/>
        <line num="183" count="5" type="stmt"/>
        <line num="187" count="5" type="stmt"/>
        <line num="188" count="5" type="stmt"/>
        <line num="192" count="5" type="stmt"/>
        <line num="193" count="5" type="stmt"/>
        <line num="197" count="5" type="stmt"/>
        <line num="198" count="5" type="stmt"/>
        <line num="202" count="5" type="stmt"/>
        <line num="203" count="5" type="stmt"/>
        <line num="207" count="5" type="stmt"/>
        <line num="211" count="5" type="stmt"/>
        <line num="215" count="5" type="stmt"/>
        <line num="216" count="5" type="stmt"/>
        <line num="221" count="5" type="stmt"/>
        <line num="226" count="5" type="stmt"/>
        <line num="231" count="5" type="stmt"/>
        <line num="236" count="5" type="stmt"/>
        <line num="240" count="5" type="stmt"/>
        <line num="245" count="5" type="stmt"/>
        <line num="249" count="5" type="stmt"/>
        <line num="253" count="5" type="stmt"/>
        <line num="254" count="5" type="stmt"/>
        <line num="258" count="5" type="stmt"/>
        <line num="262" count="5" type="stmt"/>
        <line num="263" count="5" type="stmt"/>
        <line num="264" count="5" type="stmt"/>
        <line num="265" count="5" type="stmt"/>
        <line num="269" count="5" type="stmt"/>
        <line num="273" count="5" type="stmt"/>
        <line num="277" count="5" type="stmt"/>
        <line num="281" count="5" type="stmt"/>
        <line num="285" count="5" type="stmt"/>
        <line num="289" count="5" type="stmt"/>
        <line num="294" count="5" type="stmt"/>
        <line num="298" count="5" type="stmt"/>
        <line num="303" count="5" type="stmt"/>
        <line num="308" count="5" type="stmt"/>
        <line num="313" count="5" type="stmt"/>
        <line num="318" count="5" type="stmt"/>
        <line num="323" count="5" type="stmt"/>
        <line num="327" count="5" type="stmt"/>
        <line num="332" count="5" type="stmt"/>
        <line num="337" count="5" type="stmt"/>
        <line num="342" count="5" type="stmt"/>
        <line num="347" count="5" type="stmt"/>
        <line num="351" count="5" type="stmt"/>
        <line num="355" count="5" type="stmt"/>
        <line num="359" count="5" type="stmt"/>
        <line num="363" count="5" type="stmt"/>
        <line num="367" count="5" type="stmt"/>
        <line num="368" count="5" type="stmt"/>
        <line num="373" count="5" type="stmt"/>
        <line num="377" count="5" type="stmt"/>
        <line num="381" count="5" type="stmt"/>
        <line num="382" count="5" type="stmt"/>
        <line num="386" count="5" type="stmt"/>
        <line num="390" count="5" type="stmt"/>
        <line num="394" count="5" type="stmt"/>
        <line num="398" count="5" type="stmt"/>
        <line num="402" count="5" type="stmt"/>
        <line num="406" count="5" type="stmt"/>
        <line num="410" count="5" type="stmt"/>
        <line num="414" count="5" type="stmt"/>
        <line num="419" count="5" type="stmt"/>
        <line num="424" count="5" type="stmt"/>
        <line num="429" count="5" type="stmt"/>
        <line num="434" count="5" type="stmt"/>
        <line num="438" count="5" type="stmt"/>
        <line num="442" count="5" type="stmt"/>
        <line num="447" count="5" type="stmt"/>
        <line num="452" count="5" type="stmt"/>
        <line num="453" count="5" type="stmt"/>
        <line num="457" count="5" type="stmt"/>
        <line num="461" count="5" type="stmt"/>
        <line num="465" count="5" type="stmt"/>
        <line num="470" count="5" type="stmt"/>
        <line num="475" count="5" type="stmt"/>
        <line num="479" count="5" type="stmt"/>
        <line num="483" count="5" type="stmt"/>
        <line num="484" count="5" type="stmt"/>
        <line num="488" count="5" type="stmt"/>
        <line num="493" count="5" type="stmt"/>
        <line num="498" count="5" type="stmt"/>
        <line num="502" count="5" type="stmt"/>
        <line num="506" count="5" type="stmt"/>
        <line num="510" count="5" type="stmt"/>
        <line num="511" count="5" type="stmt"/>
        <line num="512" count="5" type="stmt"/>
        <line num="516" count="5" type="stmt"/>
        <line num="521" count="5" type="stmt"/>
        <line num="522" count="5" type="stmt"/>
        <line num="523" count="5" type="stmt"/>
        <line num="527" count="5" type="stmt"/>
        <line num="531" count="5" type="stmt"/>
        <line num="535" count="5" type="stmt"/>
        <line num="536" count="5" type="stmt"/>
        <line num="540" count="5" type="stmt"/>
        <line num="541" count="5" type="stmt"/>
        <line num="542" count="5" type="stmt"/>
        <line num="546" count="5" type="stmt"/>
        <line num="551" count="5" type="stmt"/>
        <line num="556" count="5" type="stmt"/>
        <line num="561" count="5" type="stmt"/>
        <line num="566" count="5" type="stmt"/>
        <line num="570" count="5" type="stmt"/>
        <line num="571" count="5" type="stmt"/>
        <line num="575" count="5" type="stmt"/>
        <line num="579" count="5" type="stmt"/>
        <line num="583" count="5" type="stmt"/>
        <line num="587" count="5" type="stmt"/>
        <line num="592" count="5" type="stmt"/>
        <line num="593" count="5" type="stmt"/>
        <line num="598" count="5" type="stmt"/>
        <line num="602" count="5" type="stmt"/>
        <line num="607" count="5" type="stmt"/>
        <line num="612" count="5" type="stmt"/>
        <line num="617" count="5" type="stmt"/>
        <line num="622" count="5" type="stmt"/>
        <line num="627" count="5" type="stmt"/>
        <line num="632" count="5" type="stmt"/>
        <line num="636" count="5" type="stmt"/>
        <line num="641" count="5" type="stmt"/>
        <line num="645" count="5" type="stmt"/>
        <line num="650" count="5" type="stmt"/>
        <line num="655" count="5" type="stmt"/>
        <line num="660" count="5" type="stmt"/>
        <line num="665" count="5" type="stmt"/>
        <line num="669" count="5" type="stmt"/>
        <line num="674" count="5" type="stmt"/>
        <line num="679" count="5" type="stmt"/>
        <line num="684" count="5" type="stmt"/>
        <line num="688" count="5" type="stmt"/>
        <line num="689" count="5" type="stmt"/>
        <line num="693" count="5" type="stmt"/>
        <line num="697" count="5" type="stmt"/>
        <line num="698" count="5" type="stmt"/>
        <line num="703" count="5" type="stmt"/>
        <line num="705" count="5" type="stmt"/>
        <line num="706" count="5" type="stmt"/>
        <line num="707" count="5" type="stmt"/>
        <line num="708" count="5" type="stmt"/>
        <line num="709" count="5" type="stmt"/>
        <line num="712" count="5" type="stmt"/>
        <line num="713" count="5" type="stmt"/>
        <line num="716" count="5" type="stmt"/>
        <line num="717" count="5" type="stmt"/>
        <line num="718" count="5" type="stmt"/>
        <line num="719" count="5" type="stmt"/>
        <line num="720" count="5" type="stmt"/>
        <line num="721" count="5" type="stmt"/>
        <line num="722" count="5" type="stmt"/>
        <line num="724" count="5" type="stmt"/>
        <line num="725" count="5" type="stmt"/>
        <line num="726" count="5" type="stmt"/>
        <line num="727" count="5" type="stmt"/>
        <line num="728" count="5" type="stmt"/>
        <line num="729" count="5" type="stmt"/>
        <line num="730" count="5" type="stmt"/>
        <line num="731" count="5" type="stmt"/>
        <line num="732" count="5" type="stmt"/>
        <line num="735" count="5" type="stmt"/>
        <line num="738" count="5" type="stmt"/>
        <line num="739" count="5" type="stmt"/>
        <line num="740" count="5" type="stmt"/>
        <line num="741" count="5" type="stmt"/>
        <line num="742" count="5" type="stmt"/>
        <line num="745" count="5" type="stmt"/>
        <line num="746" count="5" type="stmt"/>
        <line num="749" count="5" type="stmt"/>
        <line num="752" count="5" type="stmt"/>
        <line num="755" count="5" type="stmt"/>
        <line num="756" count="5" type="stmt"/>
        <line num="757" count="5" type="stmt"/>
        <line num="758" count="5" type="stmt"/>
        <line num="759" count="5" type="stmt"/>
        <line num="760" count="5" type="stmt"/>
        <line num="761" count="5" type="stmt"/>
        <line num="764" count="5" type="stmt"/>
        <line num="765" count="5" type="stmt"/>
        <line num="766" count="5" type="stmt"/>
        <line num="767" count="5" type="stmt"/>
        <line num="768" count="5" type="stmt"/>
        <line num="769" count="5" type="stmt"/>
        <line num="770" count="5" type="stmt"/>
        <line num="772" count="5" type="stmt"/>
        <line num="773" count="5" type="stmt"/>
        <line num="774" count="5" type="stmt"/>
        <line num="777" count="5" type="stmt"/>
        <line num="780" count="5" type="stmt"/>
        <line num="781" count="5" type="stmt"/>
        <line num="783" count="5" type="stmt"/>
        <line num="786" count="5" type="stmt"/>
        <line num="789" count="5" type="stmt"/>
        <line num="792" count="5" type="stmt"/>
        <line num="795" count="5" type="stmt"/>
        <line num="798" count="5" type="stmt"/>
        <line num="799" count="5" type="stmt"/>
        <line num="800" count="5" type="stmt"/>
        <line num="801" count="5" type="stmt"/>
        <line num="803" count="5" type="stmt"/>
        <line num="1307" count="5" type="stmt"/>
        <line num="1309" count="5" type="stmt"/>
        <line num="1310" count="5" type="cond" truecount="2" falsecount="0"/>
        <line num="1311" count="5" type="stmt"/>
        <line num="1312" count="5" type="stmt"/>
        <line num="1313" count="5" type="stmt"/>
        <line num="1314" count="5" type="stmt"/>
        <line num="1315" count="5" type="stmt"/>
        <line num="1316" count="5" type="stmt"/>
        <line num="1317" count="5" type="stmt"/>
        <line num="1318" count="5" type="stmt"/>
        <line num="1319" count="5" type="stmt"/>
        <line num="1320" count="5" type="stmt"/>
        <line num="1321" count="5" type="stmt"/>
        <line num="1322" count="5" type="stmt"/>
        <line num="1325" count="5" type="stmt"/>
      </file>
    </package>
  </project>
</coverage>
