{"C:\\react\\medicine-consultation\\server\\logger.ts": {"path":"C:\\react\\medicine-consultation\\server\\logger.ts","statementMap":{"0":{"start":{"line":3,"column":0},"end":{"line":3,"column":20}},"1":{"start":{"line":4,"column":0},"end":{"line":4,"column":24}},"2":{"start":{"line":5,"column":0},"end":{"line":5,"column":28}},"3":{"start":{"line":9,"column":4},"end":{"line":9,"column":22}},"4":{"start":{"line":10,"column":4},"end":{"line":10,"column":24}},"5":{"start":{"line":11,"column":4},"end":{"line":11,"column":33}},"6":{"start":{"line":17,"column":4},"end":{"line":30,"column":6}},"7":{"start":{"line":17,"column":27},"end":{"line":30,"column":6}},"8":{"start":{"line":18,"column":38},"end":{"line":18,"column":64}},"9":{"start":{"line":20,"column":12},"end":{"line":23,"column":19}},"10":{"start":{"line":25,"column":8},"end":{"line":29,"column":11}},"11":{"start":{"line":26,"column":12},"end":{"line":28,"column":null}},"12":{"start":{"line":27,"column":16},"end":{"line":27,"column":31}},"13":{"start":{"line":32,"column":4},"end":{"line":37,"column":6}},"14":{"start":{"line":33,"column":8},"end":{"line":35,"column":null}},"15":{"start":{"line":34,"column":12},"end":{"line":34,"column":31}},"16":{"start":{"line":36,"column":8},"end":{"line":36,"column":29}},"17":{"start":{"line":39,"column":4},"end":{"line":55,"column":6}},"18":{"start":{"line":40,"column":21},"end":{"line":40,"column":31}},"19":{"start":{"line":42,"column":8},"end":{"line":42,"column":68}},"20":{"start":{"line":43,"column":8},"end":{"line":43,"column":55}},"21":{"start":{"line":44,"column":8},"end":{"line":44,"column":51}},"22":{"start":{"line":46,"column":25},"end":{"line":51,"column":10}},"23":{"start":{"line":53,"column":8},"end":{"line":53,"column":30}},"24":{"start":{"line":54,"column":8},"end":{"line":54,"column":25}},"25":{"start":{"line":57,"column":4},"end":{"line":71,"column":6}},"26":{"start":{"line":58,"column":21},"end":{"line":58,"column":31}},"27":{"start":{"line":60,"column":8},"end":{"line":60,"column":65}},"28":{"start":{"line":61,"column":8},"end":{"line":61,"column":51}},"29":{"start":{"line":63,"column":25},"end":{"line":68,"column":10}},"30":{"start":{"line":70,"column":8},"end":{"line":70,"column":30}},"31":{"start":{"line":73,"column":4},"end":{"line":85,"column":6}},"32":{"start":{"line":74,"column":21},"end":{"line":74,"column":31}},"33":{"start":{"line":76,"column":8},"end":{"line":76,"column":54}},"34":{"start":{"line":78,"column":25},"end":{"line":82,"column":10}},"35":{"start":{"line":84,"column":8},"end":{"line":84,"column":30}},"36":{"start":{"line":87,"column":4},"end":{"line":97,"column":6}},"37":{"start":{"line":87,"column":23},"end":{"line":97,"column":6}},"38":{"start":{"line":88,"column":8},"end":{"line":96,"column":11}},"39":{"start":{"line":89,"column":12},"end":{"line":89,"column":31}},"40":{"start":{"line":89,"column":21},"end":{"line":89,"column":31}},"41":{"start":{"line":91,"column":12},"end":{"line":95,"column":null}},"42":{"start":{"line":92,"column":16},"end":{"line":94,"column":19}},"43":{"start":{"line":93,"column":20},"end":{"line":93,"column":39}},"44":{"start":{"line":93,"column":29},"end":{"line":93,"column":39}},"45":{"start":{"line":100,"column":4},"end":{"line":100,"column":19}},"46":{"start":{"line":101,"column":4},"end":{"line":101,"column":21}},"47":{"start":{"line":102,"column":4},"end":{"line":102,"column":18}},"48":{"start":{"line":14,"column":8},"end":{"line":14,"column":36}},"49":{"start":{"line":112,"column":0},"end":{"line":112,"column":null}},"50":{"start":{"line":113,"column":4},"end":{"line":113,"column":null}},"51":{"start":{"line":114,"column":4},"end":{"line":114,"column":null}},"52":{"start":{"line":115,"column":4},"end":{"line":115,"column":null}},"53":{"start":{"line":118,"column":0},"end":{"line":118,"column":28}}},"fnMap":{"0":{"name":"(anonymous_8)","decl":{"start":{"line":13,"column":4},"end":{"line":13,"column":null}},"loc":{"start":{"line":13,"column":4},"end":{"line":15,"column":5}}},"1":{"name":"(anonymous_9)","decl":{"start":{"line":17,"column":16},"end":{"line":17,"column":25}},"loc":{"start":{"line":17,"column":27},"end":{"line":30,"column":6}}},"2":{"name":"(anonymous_10)","decl":{"start":{"line":17,"column":27},"end":{"line":17,"column":null}},"loc":{"start":{"line":17,"column":27},"end":{"line":30,"column":5}}},"3":{"name":"(anonymous_11)","decl":{"start":{"line":25,"column":71},"end":{"line":25,"column":72}},"loc":{"start":{"line":25,"column":77},"end":{"line":29,"column":9}}},"4":{"name":"(anonymous_12)","decl":{"start":{"line":32,"column":18},"end":{"line":32,"column":19}},"loc":{"start":{"line":32,"column":31},"end":{"line":37,"column":5}}},"5":{"name":"(anonymous_13)","decl":{"start":{"line":39,"column":12},"end":{"line":39,"column":13}},"loc":{"start":{"line":39,"column":54},"end":{"line":55,"column":5}}},"6":{"name":"(anonymous_14)","decl":{"start":{"line":57,"column":14},"end":{"line":57,"column":15}},"loc":{"start":{"line":57,"column":56},"end":{"line":71,"column":5}}},"7":{"name":"(anonymous_15)","decl":{"start":{"line":73,"column":11},"end":{"line":73,"column":12}},"loc":{"start":{"line":73,"column":37},"end":{"line":85,"column":5}}},"8":{"name":"(anonymous_16)","decl":{"start":{"line":87,"column":12},"end":{"line":87,"column":21}},"loc":{"start":{"line":87,"column":23},"end":{"line":97,"column":6}}},"9":{"name":"(anonymous_17)","decl":{"start":{"line":87,"column":23},"end":{"line":87,"column":null}},"loc":{"start":{"line":87,"column":23},"end":{"line":97,"column":5}}},"10":{"name":"(anonymous_18)","decl":{"start":{"line":88,"column":35},"end":{"line":88,"column":36}},"loc":{"start":{"line":88,"column":50},"end":{"line":96,"column":9}}},"11":{"name":"(anonymous_19)","decl":{"start":{"line":92,"column":59},"end":{"line":92,"column":60}},"loc":{"start":{"line":92,"column":67},"end":{"line":94,"column":17}}},"12":{"name":"(anonymous_20)","decl":{"start":{"line":112,"column":0},"end":{"line":112,"column":5}},"loc":{"start":{"line":112,"column":12},"end":{"line":116,"column":1}}}},"branchMap":{"0":{"loc":{"start":{"line":26,"column":12},"end":{"line":28,"column":null}},"type":"if","locations":[{"start":{"line":26,"column":12},"end":{"line":28,"column":null}},{"start":{"line":26,"column":12},"end":{"line":28,"column":null}}]},"1":{"loc":{"start":{"line":33,"column":8},"end":{"line":35,"column":null}},"type":"if","locations":[{"start":{"line":33,"column":8},"end":{"line":35,"column":null}},{"start":{"line":33,"column":8},"end":{"line":35,"column":null}}]},"2":{"loc":{"start":{"line":39,"column":40},"end":{"line":39,"column":44}},"type":"default-arg","locations":[{"start":{"line":39,"column":40},"end":{"line":39,"column":44}}]},"3":{"loc":{"start":{"line":57,"column":42},"end":{"line":57,"column":46}},"type":"default-arg","locations":[{"start":{"line":57,"column":42},"end":{"line":57,"column":46}}]},"4":{"loc":{"start":{"line":89,"column":12},"end":{"line":89,"column":31}},"type":"if","locations":[{"start":{"line":89,"column":12},"end":{"line":89,"column":31}},{"start":{"line":89,"column":12},"end":{"line":89,"column":31}}]},"5":{"loc":{"start":{"line":93,"column":20},"end":{"line":93,"column":39}},"type":"if","locations":[{"start":{"line":93,"column":20},"end":{"line":93,"column":39}},{"start":{"line":93,"column":20},"end":{"line":93,"column":39}}]},"6":{"loc":{"start":{"line":112,"column":5},"end":{"line":112,"column":12}},"type":"binary-expr","locations":[{"start":{"line":112,"column":5},"end":{"line":112,"column":12}},{"start":{"line":112,"column":5},"end":{"line":112,"column":null}}]}},"s":{"0":7,"1":7,"2":7,"3":7,"4":7,"5":7,"6":7,"7":9,"8":9,"9":9,"10":9,"11":9,"12":0,"13":7,"14":180,"15":44,"16":180,"17":7,"18":9,"19":9,"20":9,"21":9,"22":9,"23":9,"24":9,"25":7,"26":20,"27":20,"28":20,"29":20,"30":20,"31":7,"32":151,"33":151,"34":151,"35":151,"36":7,"37":0,"38":0,"39":0,"40":0,"41":0,"42":0,"43":0,"44":0,"45":7,"46":7,"47":7,"48":7,"49":7,"50":7,"51":7,"52":7,"53":7},"f":{"0":7,"1":9,"2":9,"3":9,"4":180,"5":9,"6":20,"7":151,"8":0,"9":0,"10":0,"11":0,"12":7},"b":{"0":[0,9],"1":[44,136],"2":[9],"3":[20],"4":[0,0],"5":[0,0],"6":[7,7]}}
,"C:\\react\\medicine-consultation\\server\\server.ts": {"path":"C:\\react\\medicine-consultation\\server\\server.ts","statementMap":{"0":{"start":{"line":1,"column":0},"end":{"line":1,"column":28}},"1":{"start":{"line":4,"column":0},"end":{"line":33,"column":null}},"2":{"start":{"line":5,"column":4},"end":{"line":5,"column":50}},"3":{"start":{"line":8,"column":19},"end":{"line":8,"column":68}},"4":{"start":{"line":9,"column":4},"end":{"line":11,"column":null}},"5":{"start":{"line":10,"column":8},"end":{"line":10,"column":36}},"6":{"start":{"line":12,"column":7},"end":{"line":33,"column":null}},"7":{"start":{"line":14,"column":19},"end":{"line":14,"column":60}},"8":{"start":{"line":15,"column":4},"end":{"line":17,"column":null}},"9":{"start":{"line":16,"column":8},"end":{"line":16,"column":36}},"10":{"start":{"line":18,"column":7},"end":{"line":33,"column":null}},"11":{"start":{"line":19,"column":4},"end":{"line":19,"column":54}},"12":{"start":{"line":22,"column":19},"end":{"line":22,"column":64}},"13":{"start":{"line":23,"column":4},"end":{"line":25,"column":null}},"14":{"start":{"line":24,"column":8},"end":{"line":24,"column":36}},"15":{"start":{"line":26,"column":7},"end":{"line":33,"column":null}},"16":{"start":{"line":27,"column":4},"end":{"line":27,"column":47}},"17":{"start":{"line":29,"column":19},"end":{"line":29,"column":64}},"18":{"start":{"line":30,"column":4},"end":{"line":32,"column":null}},"19":{"start":{"line":31,"column":8},"end":{"line":31,"column":36}},"20":{"start":{"line":35,"column":0},"end":{"line":35,"column":35}},"21":{"start":{"line":36,"column":0},"end":{"line":36,"column":30}},"22":{"start":{"line":37,"column":0},"end":{"line":37,"column":39}},"23":{"start":{"line":38,"column":0},"end":{"line":38,"column":32}},"24":{"start":{"line":39,"column":0},"end":{"line":39,"column":37}},"25":{"start":{"line":40,"column":0},"end":{"line":40,"column":24}},"26":{"start":{"line":41,"column":0},"end":{"line":41,"column":43}},"27":{"start":{"line":46,"column":0},"end":{"line":46,"column":39}},"28":{"start":{"line":47,"column":0},"end":{"line":47,"column":50}},"29":{"start":{"line":52,"column":20},"end":{"line":55,"column":2}},"30":{"start":{"line":58,"column":21},"end":{"line":58,"column":61}},"31":{"start":{"line":59,"column":12},"end":{"line":59,"column":21}},"32":{"start":{"line":62,"column":0},"end":{"line":68,"column":null}},"33":{"start":{"line":63,"column":4},"end":{"line":66,"column":7}},"34":{"start":{"line":67,"column":4},"end":{"line":67,"column":46}},"35":{"start":{"line":71,"column":0},"end":{"line":71,"column":21}},"36":{"start":{"line":72,"column":0},"end":{"line":72,"column":16}},"37":{"start":{"line":73,"column":0},"end":{"line":77,"column":2}},"38":{"start":{"line":78,"column":0},"end":{"line":78,"column":45}},"39":{"start":{"line":79,"column":0},"end":{"line":79,"column":27}},"40":{"start":{"line":80,"column":0},"end":{"line":80,"column":27}},"41":{"start":{"line":83,"column":0},"end":{"line":85,"column":3}},"42":{"start":{"line":84,"column":4},"end":{"line":84,"column":60}},"43":{"start":{"line":86,"column":0},"end":{"line":88,"column":3}},"44":{"start":{"line":87,"column":4},"end":{"line":87,"column":60}},"45":{"start":{"line":90,"column":0},"end":{"line":92,"column":null}},"46":{"start":{"line":91,"column":4},"end":{"line":91,"column":44}},"47":{"start":{"line":94,"column":0},"end":{"line":97,"column":null}},"48":{"start":{"line":96,"column":4},"end":{"line":96,"column":33}},"49":{"start":{"line":100,"column":0},"end":{"line":102,"column":null}},"50":{"start":{"line":101,"column":4},"end":{"line":101,"column":44}},"51":{"start":{"line":104,"column":0},"end":{"line":104,"column":14}},"52":{"start":{"line":140,"column":9},"end":{"line":140,"column":15}},"53":{"start":{"line":108,"column":13},"end":{"line":134,"column":2}},"54":{"start":{"line":108,"column":24},"end":{"line":134,"column":2}},"55":{"start":{"line":109,"column":4},"end":{"line":109,"column":47}},"56":{"start":{"line":109,"column":40},"end":{"line":109,"column":47}},"57":{"start":{"line":111,"column":4},"end":{"line":133,"column":null}},"58":{"start":{"line":112,"column":8},"end":{"line":112,"column":45}},"59":{"start":{"line":115,"column":8},"end":{"line":119,"column":11}},"60":{"start":{"line":120,"column":19},"end":{"line":120,"column":38}},"61":{"start":{"line":121,"column":8},"end":{"line":121,"column":50}},"62":{"start":{"line":124,"column":8},"end":{"line":124,"column":61}},"63":{"start":{"line":124,"column":41},"end":{"line":124,"column":59}},"64":{"start":{"line":127,"column":8},"end":{"line":130,"column":11}},"65":{"start":{"line":128,"column":12},"end":{"line":128,"column":65}},"66":{"start":{"line":129,"column":12},"end":{"line":129,"column":48}},"67":{"start":{"line":132,"column":8},"end":{"line":132,"column":23}},"68":{"start":{"line":137,"column":0},"end":{"line":137,"column":7}},"69":{"start":{"line":139,"column":0},"end":{"line":139,"column":19}}},"fnMap":{"0":{"name":"(anonymous_14)","decl":{"start":{"line":83,"column":31},"end":{"line":83,"column":32}},"loc":{"start":{"line":83,"column":44},"end":{"line":85,"column":1}}},"1":{"name":"(anonymous_15)","decl":{"start":{"line":86,"column":42},"end":{"line":86,"column":43}},"loc":{"start":{"line":86,"column":55},"end":{"line":88,"column":1}}},"2":{"name":"(anonymous_16)","decl":{"start":{"line":108,"column":13},"end":{"line":108,"column":22}},"loc":{"start":{"line":108,"column":24},"end":{"line":134,"column":2}}},"3":{"name":"(anonymous_17)","decl":{"start":{"line":108,"column":24},"end":{"line":108,"column":null}},"loc":{"start":{"line":108,"column":24},"end":{"line":134,"column":1}}},"4":{"name":"(anonymous_18)","decl":{"start":{"line":124,"column":23},"end":{"line":124,"column":24}},"loc":{"start":{"line":124,"column":41},"end":{"line":124,"column":59}}},"5":{"name":"(anonymous_19)","decl":{"start":{"line":127,"column":47},"end":{"line":127,"column":50}},"loc":{"start":{"line":127,"column":52},"end":{"line":130,"column":9}}}},"branchMap":{"0":{"loc":{"start":{"line":4,"column":0},"end":{"line":33,"column":null}},"type":"if","locations":[{"start":{"line":4,"column":0},"end":{"line":33,"column":null}},{"start":{"line":4,"column":0},"end":{"line":33,"column":null}}]},"1":{"loc":{"start":{"line":9,"column":4},"end":{"line":11,"column":null}},"type":"if","locations":[{"start":{"line":9,"column":4},"end":{"line":11,"column":null}},{"start":{"line":9,"column":4},"end":{"line":11,"column":null}}]},"2":{"loc":{"start":{"line":12,"column":7},"end":{"line":33,"column":null}},"type":"if","locations":[{"start":{"line":12,"column":7},"end":{"line":33,"column":null}},{"start":{"line":12,"column":7},"end":{"line":33,"column":null}}]},"3":{"loc":{"start":{"line":15,"column":4},"end":{"line":17,"column":null}},"type":"if","locations":[{"start":{"line":15,"column":4},"end":{"line":17,"column":null}},{"start":{"line":15,"column":4},"end":{"line":17,"column":null}}]},"4":{"loc":{"start":{"line":18,"column":7},"end":{"line":33,"column":null}},"type":"if","locations":[{"start":{"line":18,"column":7},"end":{"line":33,"column":null}},{"start":{"line":18,"column":7},"end":{"line":33,"column":null}}]},"5":{"loc":{"start":{"line":23,"column":4},"end":{"line":25,"column":null}},"type":"if","locations":[{"start":{"line":23,"column":4},"end":{"line":25,"column":null}},{"start":{"line":23,"column":4},"end":{"line":25,"column":null}}]},"6":{"loc":{"start":{"line":26,"column":7},"end":{"line":33,"column":null}},"type":"if","locations":[{"start":{"line":26,"column":7},"end":{"line":33,"column":null}},{"start":{"line":26,"column":7},"end":{"line":33,"column":null}}]},"7":{"loc":{"start":{"line":30,"column":4},"end":{"line":32,"column":null}},"type":"if","locations":[{"start":{"line":30,"column":4},"end":{"line":32,"column":null}},{"start":{"line":30,"column":4},"end":{"line":32,"column":null}}]},"8":{"loc":{"start":{"line":58,"column":21},"end":{"line":58,"column":53}},"type":"binary-expr","locations":[{"start":{"line":58,"column":21},"end":{"line":58,"column":53}},{"start":{"line":58,"column":57},"end":{"line":58,"column":61}}]},"9":{"loc":{"start":{"line":58,"column":46},"end":{"line":58,"column":50}},"type":"cond-expr","locations":[{"start":{"line":58,"column":46},"end":{"line":58,"column":50}},{"start":{"line":58,"column":50},"end":{"line":58,"column":52}}]},"10":{"loc":{"start":{"line":58,"column":29},"end":{"line":58,"column":50}},"type":"binary-expr","locations":[{"start":{"line":58,"column":29},"end":{"line":58,"column":50}},{"start":{"line":58,"column":46},"end":{"line":58,"column":50}}]},"11":{"loc":{"start":{"line":62,"column":0},"end":{"line":68,"column":null}},"type":"if","locations":[{"start":{"line":62,"column":0},"end":{"line":68,"column":null}},{"start":{"line":62,"column":0},"end":{"line":68,"column":null}}]},"12":{"loc":{"start":{"line":90,"column":0},"end":{"line":92,"column":null}},"type":"if","locations":[{"start":{"line":90,"column":0},"end":{"line":92,"column":null}},{"start":{"line":90,"column":0},"end":{"line":92,"column":null}}]},"13":{"loc":{"start":{"line":94,"column":0},"end":{"line":97,"column":null}},"type":"if","locations":[{"start":{"line":94,"column":0},"end":{"line":97,"column":null}},{"start":{"line":94,"column":0},"end":{"line":97,"column":null}}]},"14":{"loc":{"start":{"line":100,"column":0},"end":{"line":102,"column":null}},"type":"if","locations":[{"start":{"line":100,"column":0},"end":{"line":102,"column":null}},{"start":{"line":100,"column":0},"end":{"line":102,"column":null}}]},"15":{"loc":{"start":{"line":109,"column":4},"end":{"line":109,"column":47}},"type":"if","locations":[{"start":{"line":109,"column":4},"end":{"line":109,"column":47}},{"start":{"line":109,"column":4},"end":{"line":109,"column":47}}]},"16":{"loc":{"start":{"line":115,"column":54},"end":{"line":115,"column":58}},"type":"cond-expr","locations":[{"start":{"line":115,"column":54},"end":{"line":115,"column":58}},{"start":{"line":115,"column":58},"end":{"line":115,"column":60}}]},"17":{"loc":{"start":{"line":115,"column":30},"end":{"line":115,"column":58}},"type":"binary-expr","locations":[{"start":{"line":115,"column":30},"end":{"line":115,"column":58}},{"start":{"line":115,"column":54},"end":{"line":115,"column":58}}]}},"s":{"0":4,"1":4,"2":4,"3":4,"4":4,"5":0,"6":0,"7":0,"8":0,"9":0,"10":0,"11":0,"12":0,"13":0,"14":0,"15":0,"16":0,"17":0,"18":0,"19":0,"20":4,"21":4,"22":4,"23":4,"24":4,"25":4,"26":4,"27":4,"28":4,"29":4,"30":4,"31":4,"32":4,"33":0,"34":0,"35":4,"36":4,"37":4,"38":4,"39":4,"40":4,"41":4,"42":0,"43":4,"44":0,"45":4,"46":0,"47":4,"48":0,"49":4,"50":0,"51":4,"52":4,"53":4,"54":4,"55":4,"56":4,"57":0,"58":0,"59":0,"60":0,"61":0,"62":0,"63":0,"64":0,"65":0,"66":0,"67":0,"68":4,"69":4},"f":{"0":0,"1":0,"2":4,"3":4,"4":0,"5":0},"b":{"0":[4,0],"1":[0,4],"2":[0,0],"3":[0,0],"4":[0,0],"5":[0,0],"6":[0,0],"7":[0,0],"8":[4,0],"9":[4,0],"10":[4,4],"11":[0,4],"12":[0,4],"13":[0,4],"14":[0,4],"15":[4,0],"16":[0,0],"17":[0,0]}}
,"C:\\react\\medicine-consultation\\server\\models\\admin.ts": {"path":"C:\\react\\medicine-consultation\\server\\models\\admin.ts","statementMap":{"0":{"start":{"line":1,"column":0},"end":{"line":1,"column":41}},"1":{"start":{"line":4,"column":14},"end":{"line":12,"column":2}},"2":{"start":{"line":14,"column":27},"end":{"line":19,"column":2}},"3":{"start":{"line":21,"column":0},"end":{"line":21,"column":45}},"4":{"start":{"line":23,"column":13},"end":{"line":26,"column":2}}},"fnMap":{},"branchMap":{},"s":{"0":5,"1":5,"2":5,"3":5,"4":5},"f":{},"b":{}}
,"C:\\react\\medicine-consultation\\server\\models\\doctor.ts": {"path":"C:\\react\\medicine-consultation\\server\\models\\doctor.ts","statementMap":{"0":{"start":{"line":1,"column":0},"end":{"line":1,"column":51}},"1":{"start":{"line":2,"column":0},"end":{"line":2,"column":52}},"2":{"start":{"line":5,"column":0},"end":{"line":5,"column":26}},"3":{"start":{"line":8,"column":15},"end":{"line":96,"column":2}},"4":{"start":{"line":98,"column":0},"end":{"line":98,"column":48}},"5":{"start":{"line":100,"column":34},"end":{"line":119,"column":2}},"6":{"start":{"line":121,"column":13},"end":{"line":124,"column":2}}},"fnMap":{},"branchMap":{},"s":{"0":6,"1":6,"2":6,"3":6,"4":6,"5":6,"6":6},"f":{},"b":{}}
,"C:\\react\\medicine-consultation\\server\\models\\index.ts": {"path":"C:\\react\\medicine-consultation\\server\\models\\index.ts","statementMap":{"0":{"start":{"line":1,"column":0},"end":{"line":1,"column":30}},"1":{"start":{"line":2,"column":0},"end":{"line":2,"column":30}},"2":{"start":{"line":3,"column":0},"end":{"line":3,"column":28}},"3":{"start":{"line":5,"column":14},"end":{"line":9,"column":2}},"4":{"start":{"line":5,"column":40},"end":{"line":9,"column":2}},"5":{"start":{"line":6,"column":4},"end":{"line":6,"column":26}},"6":{"start":{"line":7,"column":4},"end":{"line":7,"column":26}},"7":{"start":{"line":8,"column":4},"end":{"line":8,"column":24}},"8":{"start":{"line":11,"column":0},"end":{"line":11,"column":21}}},"fnMap":{"0":{"name":"(anonymous_8)","decl":{"start":{"line":5,"column":14},"end":{"line":5,"column":38}},"loc":{"start":{"line":5,"column":40},"end":{"line":9,"column":2}}},"1":{"name":"(anonymous_9)","decl":{"start":{"line":5,"column":40},"end":{"line":5,"column":null}},"loc":{"start":{"line":5,"column":40},"end":{"line":9,"column":1}}}},"branchMap":{},"s":{"0":5,"1":5,"2":5,"3":5,"4":5,"5":5,"6":5,"7":5,"8":5},"f":{"0":5,"1":5},"b":{}}
,"C:\\react\\medicine-consultation\\server\\models\\mails.ts": {"path":"C:\\react\\medicine-consultation\\server\\models\\mails.ts","statementMap":{"0":{"start":{"line":1,"column":0},"end":{"line":1,"column":51}},"1":{"start":{"line":3,"column":25},"end":{"line":5,"column":2}},"2":{"start":{"line":7,"column":35},"end":{"line":10,"column":2}},"3":{"start":{"line":12,"column":13},"end":{"line":12,"column":64}},"4":{"start":{"line":13,"column":13},"end":{"line":16,"column":2}}},"fnMap":{},"branchMap":{},"s":{"0":6,"1":6,"2":6,"3":6,"4":6},"f":{},"b":{}}
,"C:\\react\\medicine-consultation\\server\\models\\payment.ts": {"path":"C:\\react\\medicine-consultation\\server\\models\\payment.ts","statementMap":{"0":{"start":{"line":1,"column":0},"end":{"line":1,"column":48}},"1":{"start":{"line":4,"column":34},"end":{"line":39,"column":2}},"2":{"start":{"line":41,"column":0},"end":{"line":44,"column":2}}},"fnMap":{},"branchMap":{},"s":{"0":4,"1":4,"2":4},"f":{},"b":{}}
,"C:\\react\\medicine-consultation\\server\\models\\review.ts": {"path":"C:\\react\\medicine-consultation\\server\\models\\review.ts","statementMap":{"0":{"start":{"line":1,"column":0},"end":{"line":1,"column":48}},"1":{"start":{"line":4,"column":15},"end":{"line":27,"column":2}},"2":{"start":{"line":29,"column":0},"end":{"line":29,"column":48}}},"fnMap":{},"branchMap":{},"s":{"0":5,"1":5,"2":5},"f":{},"b":{}}
,"C:\\react\\medicine-consultation\\server\\models\\tokens.ts": {"path":"C:\\react\\medicine-consultation\\server\\models\\tokens.ts","statementMap":{"0":{"start":{"line":1,"column":0},"end":{"line":1,"column":41}},"1":{"start":{"line":3,"column":20},"end":{"line":8,"column":2}},"2":{"start":{"line":10,"column":21},"end":{"line":15,"column":2}},"3":{"start":{"line":17,"column":25},"end":{"line":22,"column":2}},"4":{"start":{"line":24,"column":26},"end":{"line":29,"column":2}},"5":{"start":{"line":31,"column":13},"end":{"line":31,"column":61}},"6":{"start":{"line":32,"column":13},"end":{"line":32,"column":64}},"7":{"start":{"line":33,"column":13},"end":{"line":33,"column":76}},"8":{"start":{"line":34,"column":13},"end":{"line":34,"column":79}}},"fnMap":{},"branchMap":{},"s":{"0":7,"1":7,"2":7,"3":7,"4":7,"5":7,"6":7,"7":7,"8":7},"f":{},"b":{}}
,"C:\\react\\medicine-consultation\\server\\models\\user.ts": {"path":"C:\\react\\medicine-consultation\\server\\models\\user.ts","statementMap":{"0":{"start":{"line":1,"column":0},"end":{"line":1,"column":51}},"1":{"start":{"line":6,"column":21},"end":{"line":6,"column":45}},"2":{"start":{"line":7,"column":20},"end":{"line":7,"column":42}},"3":{"start":{"line":9,"column":19},"end":{"line":105,"column":2}},"4":{"start":{"line":13,"column":30},"end":{"line":13,"column":46}},"5":{"start":{"line":18,"column":30},"end":{"line":18,"column":46}},"6":{"start":{"line":38,"column":25},"end":{"line":38,"column":72}},"7":{"start":{"line":39,"column":16},"end":{"line":39,"column":36}},"8":{"start":{"line":47,"column":30},"end":{"line":47,"column":47}},"9":{"start":{"line":107,"column":0},"end":{"line":107,"column":48}}},"fnMap":{"0":{"name":"(anonymous_0)","decl":{"start":{"line":13,"column":19},"end":{"line":13,"column":20}},"loc":{"start":{"line":13,"column":30},"end":{"line":13,"column":46}}},"1":{"name":"(anonymous_1)","decl":{"start":{"line":18,"column":19},"end":{"line":18,"column":20}},"loc":{"start":{"line":18,"column":30},"end":{"line":18,"column":46}}},"2":{"name":"(anonymous_2)","decl":{"start":{"line":37,"column":12},"end":{"line":37,"column":13}},"loc":{"start":{"line":37,"column":20},"end":{"line":40,"column":13}}},"3":{"name":"(anonymous_3)","decl":{"start":{"line":47,"column":19},"end":{"line":47,"column":20}},"loc":{"start":{"line":47,"column":30},"end":{"line":47,"column":47}}}},"branchMap":{},"s":{"0":7,"1":7,"2":7,"3":7,"4":119,"5":119,"6":119,"7":119,"8":119,"9":7},"f":{"0":119,"1":119,"2":119,"3":119},"b":{}}
,"C:\\react\\medicine-consultation\\server\\routes\\admin_routes.ts": {"path":"C:\\react\\medicine-consultation\\server\\routes\\admin_routes.ts","statementMap":{"0":{"start":{"line":1,"column":0},"end":{"line":1,"column":40}},"1":{"start":{"line":3,"column":0},"end":{"line":3,"column":55}},"2":{"start":{"line":4,"column":0},"end":{"line":4,"column":55}},"3":{"start":{"line":5,"column":0},"end":{"line":5,"column":62}},"4":{"start":{"line":8,"column":0},"end":{"line":8,"column":31}},"5":{"start":{"line":12,"column":15},"end":{"line":12,"column":31}},"6":{"start":{"line":15,"column":0},"end":{"line":42,"column":3}},"7":{"start":{"line":15,"column":41},"end":{"line":42,"column":2}},"8":{"start":{"line":17,"column":21},"end":{"line":17,"column":38}},"9":{"start":{"line":18,"column":21},"end":{"line":18,"column":38}},"10":{"start":{"line":20,"column":4},"end":{"line":24,"column":null}},"11":{"start":{"line":21,"column":8},"end":{"line":23,"column":11}},"12":{"start":{"line":27,"column":28},"end":{"line":27,"column":73}},"13":{"start":{"line":29,"column":4},"end":{"line":33,"column":null}},"14":{"start":{"line":30,"column":8},"end":{"line":32,"column":11}},"15":{"start":{"line":36,"column":4},"end":{"line":41,"column":7}},"16":{"start":{"line":45,"column":0},"end":{"line":72,"column":2}},"17":{"start":{"line":48,"column":23},"end":{"line":71,"column":null}},"18":{"start":{"line":50,"column":31},"end":{"line":51,"column":null}},"19":{"start":{"line":53,"column":29},"end":{"line":54,"column":null}},"20":{"start":{"line":58,"column":25},"end":{"line":60,"column":null}},"21":{"start":{"line":64,"column":8},"end":{"line":70,"column":11}},"22":{"start":{"line":75,"column":0},"end":{"line":106,"column":2}},"23":{"start":{"line":78,"column":23},"end":{"line":105,"column":null}},"24":{"start":{"line":80,"column":26},"end":{"line":80,"column":39}},"25":{"start":{"line":82,"column":8},"end":{"line":86,"column":null}},"26":{"start":{"line":83,"column":12},"end":{"line":85,"column":15}},"27":{"start":{"line":89,"column":32},"end":{"line":90,"column":null}},"28":{"start":{"line":93,"column":8},"end":{"line":93,"column":42}},"29":{"start":{"line":95,"column":8},"end":{"line":99,"column":null}},"30":{"start":{"line":96,"column":12},"end":{"line":98,"column":15}},"31":{"start":{"line":102,"column":8},"end":{"line":104,"column":11}},"32":{"start":{"line":109,"column":0},"end":{"line":124,"column":2}},"33":{"start":{"line":112,"column":23},"end":{"line":123,"column":null}},"34":{"start":{"line":114,"column":23},"end":{"line":114,"column":33}},"35":{"start":{"line":117,"column":21},"end":{"line":117,"column":70}},"36":{"start":{"line":120,"column":8},"end":{"line":122,"column":11}},"37":{"start":{"line":127,"column":0},"end":{"line":147,"column":3}},"38":{"start":{"line":127,"column":53},"end":{"line":147,"column":2}},"39":{"start":{"line":129,"column":26},"end":{"line":129,"column":35}},"40":{"start":{"line":131,"column":4},"end":{"line":135,"column":null}},"41":{"start":{"line":132,"column":8},"end":{"line":134,"column":11}},"42":{"start":{"line":138,"column":17},"end":{"line":140,"column":null}},"43":{"start":{"line":144,"column":4},"end":{"line":146,"column":7}},"44":{"start":{"line":150,"column":0},"end":{"line":167,"column":3}},"45":{"start":{"line":150,"column":51},"end":{"line":167,"column":2}},"46":{"start":{"line":152,"column":22},"end":{"line":152,"column":31}},"47":{"start":{"line":154,"column":4},"end":{"line":158,"column":null}},"48":{"start":{"line":155,"column":8},"end":{"line":157,"column":11}},"49":{"start":{"line":161,"column":22},"end":{"line":161,"column":68}},"50":{"start":{"line":164,"column":4},"end":{"line":166,"column":7}},"51":{"start":{"line":170,"column":0},"end":{"line":209,"column":3}},"52":{"start":{"line":170,"column":55},"end":{"line":209,"column":2}},"53":{"start":{"line":172,"column":51},"end":{"line":172,"column":59}},"54":{"start":{"line":174,"column":4},"end":{"line":174,"column":52}},"55":{"start":{"line":176,"column":4},"end":{"line":180,"column":null}},"56":{"start":{"line":177,"column":8},"end":{"line":179,"column":11}},"57":{"start":{"line":182,"column":4},"end":{"line":185,"column":6}},"58":{"start":{"line":188,"column":17},"end":{"line":188,"column":77}},"59":{"start":{"line":191,"column":4},"end":{"line":195,"column":null}},"60":{"start":{"line":192,"column":8},"end":{"line":194,"column":11}},"61":{"start":{"line":198,"column":19},"end":{"line":201,"column":null}},"62":{"start":{"line":205,"column":4},"end":{"line":208,"column":7}},"63":{"start":{"line":211,"column":0},"end":{"line":211,"column":22}}},"fnMap":{"0":{"name":"(anonymous_8)","decl":{"start":{"line":15,"column":22},"end":{"line":15,"column":29}},"loc":{"start":{"line":15,"column":41},"end":{"line":42,"column":2}}},"1":{"name":"(anonymous_9)","decl":{"start":{"line":15,"column":41},"end":{"line":15,"column":null}},"loc":{"start":{"line":15,"column":41},"end":{"line":42,"column":1}}},"2":{"name":"(anonymous_10)","decl":{"start":{"line":48,"column":4},"end":{"line":48,"column":11}},"loc":{"start":{"line":48,"column":23},"end":{"line":71,"column":null}}},"3":{"name":"(anonymous_11)","decl":{"start":{"line":48,"column":23},"end":{"line":48,"column":null}},"loc":{"start":{"line":48,"column":23},"end":{"line":71,"column":5}}},"4":{"name":"(anonymous_12)","decl":{"start":{"line":78,"column":4},"end":{"line":78,"column":11}},"loc":{"start":{"line":78,"column":23},"end":{"line":105,"column":null}}},"5":{"name":"(anonymous_13)","decl":{"start":{"line":78,"column":23},"end":{"line":78,"column":null}},"loc":{"start":{"line":78,"column":23},"end":{"line":105,"column":5}}},"6":{"name":"(anonymous_14)","decl":{"start":{"line":112,"column":4},"end":{"line":112,"column":11}},"loc":{"start":{"line":112,"column":23},"end":{"line":123,"column":null}}},"7":{"name":"(anonymous_15)","decl":{"start":{"line":112,"column":23},"end":{"line":112,"column":null}},"loc":{"start":{"line":112,"column":23},"end":{"line":123,"column":5}}},"8":{"name":"(anonymous_16)","decl":{"start":{"line":127,"column":34},"end":{"line":127,"column":41}},"loc":{"start":{"line":127,"column":53},"end":{"line":147,"column":2}}},"9":{"name":"(anonymous_17)","decl":{"start":{"line":127,"column":53},"end":{"line":127,"column":null}},"loc":{"start":{"line":127,"column":53},"end":{"line":147,"column":1}}},"10":{"name":"(anonymous_18)","decl":{"start":{"line":150,"column":32},"end":{"line":150,"column":39}},"loc":{"start":{"line":150,"column":51},"end":{"line":167,"column":2}}},"11":{"name":"(anonymous_19)","decl":{"start":{"line":150,"column":51},"end":{"line":150,"column":null}},"loc":{"start":{"line":150,"column":51},"end":{"line":167,"column":1}}},"12":{"name":"(anonymous_20)","decl":{"start":{"line":170,"column":36},"end":{"line":170,"column":43}},"loc":{"start":{"line":170,"column":55},"end":{"line":209,"column":2}}},"13":{"name":"(anonymous_21)","decl":{"start":{"line":170,"column":55},"end":{"line":170,"column":null}},"loc":{"start":{"line":170,"column":55},"end":{"line":209,"column":1}}}},"branchMap":{"0":{"loc":{"start":{"line":20,"column":4},"end":{"line":24,"column":null}},"type":"if","locations":[{"start":{"line":20,"column":4},"end":{"line":24,"column":null}},{"start":{"line":20,"column":4},"end":{"line":24,"column":null}}]},"1":{"loc":{"start":{"line":20,"column":8},"end":{"line":20,"column":17}},"type":"binary-expr","locations":[{"start":{"line":20,"column":8},"end":{"line":20,"column":17}},{"start":{"line":20,"column":21},"end":{"line":20,"column":30}}]},"2":{"loc":{"start":{"line":29,"column":4},"end":{"line":33,"column":null}},"type":"if","locations":[{"start":{"line":29,"column":4},"end":{"line":33,"column":null}},{"start":{"line":29,"column":4},"end":{"line":33,"column":null}}]},"3":{"loc":{"start":{"line":51,"column":53},"end":{"line":51,"column":57}},"type":"cond-expr","locations":[{"start":{"line":51,"column":53},"end":{"line":51,"column":57}},{"start":{"line":51,"column":57},"end":{"line":51,"column":61}}]},"4":{"loc":{"start":{"line":50,"column":39},"end":{"line":51,"column":57}},"type":"binary-expr","locations":[{"start":{"line":50,"column":39},"end":{"line":51,"column":57}},{"start":{"line":51,"column":53},"end":{"line":51,"column":57}}]},"5":{"loc":{"start":{"line":51,"column":22},"end":{"line":51,"column":24}},"type":"cond-expr","locations":[{"start":{"line":51,"column":22},"end":{"line":51,"column":24}},{"start":{"line":51,"column":22},"end":{"line":51,"column":53}}]},"6":{"loc":{"start":{"line":51,"column":13},"end":{"line":51,"column":24}},"type":"binary-expr","locations":[{"start":{"line":51,"column":13},"end":{"line":51,"column":24}},{"start":{"line":51,"column":22},"end":{"line":51,"column":24}}]},"7":{"loc":{"start":{"line":54,"column":53},"end":{"line":54,"column":57}},"type":"cond-expr","locations":[{"start":{"line":54,"column":53},"end":{"line":54,"column":57}},{"start":{"line":54,"column":57},"end":{"line":54,"column":60}}]},"8":{"loc":{"start":{"line":53,"column":37},"end":{"line":54,"column":57}},"type":"binary-expr","locations":[{"start":{"line":53,"column":37},"end":{"line":54,"column":57}},{"start":{"line":54,"column":53},"end":{"line":54,"column":57}}]},"9":{"loc":{"start":{"line":54,"column":22},"end":{"line":54,"column":24}},"type":"cond-expr","locations":[{"start":{"line":54,"column":22},"end":{"line":54,"column":24}},{"start":{"line":54,"column":22},"end":{"line":54,"column":53}}]},"10":{"loc":{"start":{"line":54,"column":13},"end":{"line":54,"column":24}},"type":"binary-expr","locations":[{"start":{"line":54,"column":13},"end":{"line":54,"column":24}},{"start":{"line":54,"column":22},"end":{"line":54,"column":24}}]},"11":{"loc":{"start":{"line":82,"column":8},"end":{"line":86,"column":null}},"type":"if","locations":[{"start":{"line":82,"column":8},"end":{"line":86,"column":null}},{"start":{"line":82,"column":8},"end":{"line":86,"column":null}}]},"12":{"loc":{"start":{"line":95,"column":8},"end":{"line":99,"column":null}},"type":"if","locations":[{"start":{"line":95,"column":8},"end":{"line":99,"column":null}},{"start":{"line":95,"column":8},"end":{"line":99,"column":null}}]},"13":{"loc":{"start":{"line":120,"column":33},"end":{"line":120,"column":36}},"type":"cond-expr","locations":[{"start":{"line":120,"column":33},"end":{"line":120,"column":36}},{"start":{"line":120,"column":39},"end":{"line":120,"column":42}}]},"14":{"loc":{"start":{"line":131,"column":4},"end":{"line":135,"column":null}},"type":"if","locations":[{"start":{"line":131,"column":4},"end":{"line":135,"column":null}},{"start":{"line":131,"column":4},"end":{"line":135,"column":null}}]},"15":{"loc":{"start":{"line":131,"column":8},"end":{"line":131,"column":14}},"type":"binary-expr","locations":[{"start":{"line":131,"column":8},"end":{"line":131,"column":14}},{"start":{"line":131,"column":18},"end":{"line":131,"column":21}}]},"16":{"loc":{"start":{"line":144,"column":29},"end":{"line":144,"column":32}},"type":"cond-expr","locations":[{"start":{"line":144,"column":29},"end":{"line":144,"column":32}},{"start":{"line":144,"column":35},"end":{"line":144,"column":38}}]},"17":{"loc":{"start":{"line":154,"column":4},"end":{"line":158,"column":null}},"type":"if","locations":[{"start":{"line":154,"column":4},"end":{"line":158,"column":null}},{"start":{"line":154,"column":4},"end":{"line":158,"column":null}}]},"18":{"loc":{"start":{"line":176,"column":4},"end":{"line":180,"column":null}},"type":"if","locations":[{"start":{"line":176,"column":4},"end":{"line":180,"column":null}},{"start":{"line":176,"column":4},"end":{"line":180,"column":null}}]},"19":{"loc":{"start":{"line":176,"column":8},"end":{"line":176,"column":21}},"type":"binary-expr","locations":[{"start":{"line":176,"column":8},"end":{"line":176,"column":21}},{"start":{"line":176,"column":25},"end":{"line":176,"column":33}},{"start":{"line":176,"column":37},"end":{"line":176,"column":49}}]},"20":{"loc":{"start":{"line":191,"column":4},"end":{"line":195,"column":null}},"type":"if","locations":[{"start":{"line":191,"column":4},"end":{"line":195,"column":null}},{"start":{"line":191,"column":4},"end":{"line":195,"column":null}}]}},"s":{"0":4,"1":4,"2":4,"3":4,"4":4,"5":4,"6":4,"7":2,"8":2,"9":2,"10":2,"11":0,"12":2,"13":2,"14":1,"15":1,"16":4,"17":4,"18":4,"19":4,"20":4,"21":4,"22":4,"23":2,"24":2,"25":2,"26":0,"27":2,"28":2,"29":2,"30":1,"31":1,"32":4,"33":3,"34":3,"35":3,"36":3,"37":4,"38":2,"39":2,"40":2,"41":0,"42":2,"43":2,"44":4,"45":2,"46":2,"47":2,"48":0,"49":2,"50":2,"51":4,"52":2,"53":2,"54":2,"55":2,"56":0,"57":2,"58":2,"59":2,"60":1,"61":1,"62":1,"63":4},"f":{"0":2,"1":2,"2":4,"3":4,"4":2,"5":2,"6":3,"7":3,"8":2,"9":2,"10":2,"11":2,"12":2,"13":2},"b":{"0":[0,2],"1":[2,2],"2":[1,1],"3":[3,1],"4":[4,4],"5":[0,4],"6":[4,4],"7":[3,1],"8":[4,4],"9":[0,4],"10":[4,4],"11":[0,2],"12":[1,1],"13":[2,1],"14":[0,2],"15":[2,2],"16":[1,1],"17":[0,2],"18":[0,2],"19":[2,2,2],"20":[1,1]}}
,"C:\\react\\medicine-consultation\\server\\routes\\doctor_routes.ts": {"path":"C:\\react\\medicine-consultation\\server\\routes\\doctor_routes.ts","statementMap":{"0":{"start":{"line":1,"column":0},"end":{"line":1,"column":30}},"1":{"start":{"line":3,"column":0},"end":{"line":3,"column":57}},"2":{"start":{"line":4,"column":0},"end":{"line":4,"column":33}},"3":{"start":{"line":5,"column":0},"end":{"line":5,"column":31}},"4":{"start":{"line":6,"column":0},"end":{"line":6,"column":46}},"5":{"start":{"line":7,"column":0},"end":{"line":7,"column":32}},"6":{"start":{"line":8,"column":0},"end":{"line":8,"column":57}},"7":{"start":{"line":12,"column":15},"end":{"line":12,"column":31}},"8":{"start":{"line":14,"column":28},"end":{"line":22,"column":1}},"9":{"start":{"line":15,"column":4},"end":{"line":20,"column":null}},"10":{"start":{"line":17,"column":8},"end":{"line":17,"column":60}},"11":{"start":{"line":18,"column":8},"end":{"line":18,"column":54}},"12":{"start":{"line":19,"column":8},"end":{"line":19,"column":66}},"13":{"start":{"line":21,"column":4},"end":{"line":21,"column":18}},"14":{"start":{"line":25,"column":0},"end":{"line":43,"column":3}},"15":{"start":{"line":25,"column":42},"end":{"line":43,"column":2}},"16":{"start":{"line":26,"column":19},"end":{"line":26,"column":48}},"17":{"start":{"line":28,"column":21},"end":{"line":28,"column":56}},"18":{"start":{"line":30,"column":4},"end":{"line":35,"column":null}},"19":{"start":{"line":31,"column":8},"end":{"line":34,"column":11}},"20":{"start":{"line":37,"column":4},"end":{"line":42,"column":7}},"21":{"start":{"line":46,"column":0},"end":{"line":67,"column":3}},"22":{"start":{"line":46,"column":41},"end":{"line":67,"column":2}},"23":{"start":{"line":47,"column":19},"end":{"line":47,"column":48}},"24":{"start":{"line":49,"column":22},"end":{"line":49,"column":60}},"25":{"start":{"line":50,"column":19},"end":{"line":50,"column":49}},"26":{"start":{"line":52,"column":21},"end":{"line":52,"column":59}},"27":{"start":{"line":54,"column":4},"end":{"line":59,"column":null}},"28":{"start":{"line":55,"column":8},"end":{"line":58,"column":11}},"29":{"start":{"line":61,"column":4},"end":{"line":66,"column":7}},"30":{"start":{"line":70,"column":0},"end":{"line":95,"column":3}},"31":{"start":{"line":70,"column":48},"end":{"line":95,"column":2}},"32":{"start":{"line":71,"column":15},"end":{"line":71,"column":28}},"33":{"start":{"line":73,"column":4},"end":{"line":79,"column":null}},"34":{"start":{"line":74,"column":8},"end":{"line":78,"column":11}},"35":{"start":{"line":81,"column":21},"end":{"line":81,"column":52}},"36":{"start":{"line":83,"column":4},"end":{"line":94,"column":null}},"37":{"start":{"line":84,"column":8},"end":{"line":87,"column":11}},"38":{"start":{"line":89,"column":8},"end":{"line":93,"column":11}},"39":{"start":{"line":98,"column":0},"end":{"line":123,"column":3}},"40":{"start":{"line":98,"column":45},"end":{"line":123,"column":2}},"41":{"start":{"line":99,"column":15},"end":{"line":99,"column":28}},"42":{"start":{"line":101,"column":4},"end":{"line":107,"column":null}},"43":{"start":{"line":102,"column":8},"end":{"line":106,"column":11}},"44":{"start":{"line":109,"column":21},"end":{"line":109,"column":52}},"45":{"start":{"line":111,"column":4},"end":{"line":122,"column":null}},"46":{"start":{"line":112,"column":8},"end":{"line":115,"column":11}},"47":{"start":{"line":117,"column":8},"end":{"line":121,"column":11}},"48":{"start":{"line":126,"column":0},"end":{"line":181,"column":3}},"49":{"start":{"line":126,"column":42},"end":{"line":181,"column":2}},"50":{"start":{"line":127,"column":18},"end":{"line":141,"column":6}},"51":{"start":{"line":143,"column":4},"end":{"line":143,"column":23}},"52":{"start":{"line":145,"column":17},"end":{"line":145,"column":48}},"53":{"start":{"line":147,"column":4},"end":{"line":149,"column":null}},"54":{"start":{"line":148,"column":8},"end":{"line":148,"column":30}},"55":{"start":{"line":150,"column":4},"end":{"line":152,"column":null}},"56":{"start":{"line":151,"column":8},"end":{"line":151,"column":32}},"57":{"start":{"line":154,"column":4},"end":{"line":180,"column":null}},"58":{"start":{"line":155,"column":27},"end":{"line":158,"column":null}},"59":{"start":{"line":161,"column":8},"end":{"line":171,"column":null}},"60":{"start":{"line":162,"column":12},"end":{"line":170,"column":16}},"61":{"start":{"line":162,"column":56},"end":{"line":170,"column":14}},"62":{"start":{"line":173,"column":8},"end":{"line":176,"column":11}},"63":{"start":{"line":178,"column":8},"end":{"line":178,"column":20}},"64":{"start":{"line":179,"column":8},"end":{"line":179,"column":33}},"65":{"start":{"line":184,"column":0},"end":{"line":208,"column":3}},"66":{"start":{"line":184,"column":55},"end":{"line":208,"column":2}},"67":{"start":{"line":185,"column":20},"end":{"line":185,"column":28}},"68":{"start":{"line":187,"column":4},"end":{"line":193,"column":null}},"69":{"start":{"line":188,"column":8},"end":{"line":192,"column":11}},"70":{"start":{"line":195,"column":21},"end":{"line":195,"column":74}},"71":{"start":{"line":197,"column":4},"end":{"line":207,"column":null}},"72":{"start":{"line":198,"column":8},"end":{"line":200,"column":11}},"73":{"start":{"line":202,"column":8},"end":{"line":206,"column":11}},"74":{"start":{"line":211,"column":0},"end":{"line":233,"column":3}},"75":{"start":{"line":211,"column":43},"end":{"line":233,"column":2}},"76":{"start":{"line":212,"column":25},"end":{"line":212,"column":34}},"77":{"start":{"line":214,"column":4},"end":{"line":232,"column":null}},"78":{"start":{"line":215,"column":8},"end":{"line":226,"column":null}},"79":{"start":{"line":216,"column":12},"end":{"line":220,"column":15}},"80":{"start":{"line":222,"column":12},"end":{"line":225,"column":15}},"81":{"start":{"line":228,"column":8},"end":{"line":231,"column":11}},"82":{"start":{"line":235,"column":0},"end":{"line":235,"column":22}}},"fnMap":{"0":{"name":"(anonymous_14)","decl":{"start":{"line":14,"column":28},"end":{"line":14,"column":29}},"loc":{"start":{"line":14,"column":44},"end":{"line":22,"column":1}}},"1":{"name":"(anonymous_15)","decl":{"start":{"line":25,"column":23},"end":{"line":25,"column":30}},"loc":{"start":{"line":25,"column":42},"end":{"line":43,"column":2}}},"2":{"name":"(anonymous_16)","decl":{"start":{"line":25,"column":42},"end":{"line":25,"column":null}},"loc":{"start":{"line":25,"column":42},"end":{"line":43,"column":1}}},"3":{"name":"(anonymous_17)","decl":{"start":{"line":46,"column":22},"end":{"line":46,"column":29}},"loc":{"start":{"line":46,"column":41},"end":{"line":67,"column":2}}},"4":{"name":"(anonymous_18)","decl":{"start":{"line":46,"column":41},"end":{"line":46,"column":null}},"loc":{"start":{"line":46,"column":41},"end":{"line":67,"column":1}}},"5":{"name":"(anonymous_19)","decl":{"start":{"line":70,"column":29},"end":{"line":70,"column":36}},"loc":{"start":{"line":70,"column":48},"end":{"line":95,"column":2}}},"6":{"name":"(anonymous_20)","decl":{"start":{"line":70,"column":48},"end":{"line":70,"column":null}},"loc":{"start":{"line":70,"column":48},"end":{"line":95,"column":1}}},"7":{"name":"(anonymous_21)","decl":{"start":{"line":98,"column":26},"end":{"line":98,"column":33}},"loc":{"start":{"line":98,"column":45},"end":{"line":123,"column":2}}},"8":{"name":"(anonymous_22)","decl":{"start":{"line":98,"column":45},"end":{"line":98,"column":null}},"loc":{"start":{"line":98,"column":45},"end":{"line":123,"column":1}}},"9":{"name":"(anonymous_23)","decl":{"start":{"line":126,"column":23},"end":{"line":126,"column":30}},"loc":{"start":{"line":126,"column":42},"end":{"line":181,"column":2}}},"10":{"name":"(anonymous_24)","decl":{"start":{"line":126,"column":42},"end":{"line":126,"column":null}},"loc":{"start":{"line":126,"column":42},"end":{"line":181,"column":1}}},"11":{"name":"(anonymous_25)","decl":{"start":{"line":162,"column":34},"end":{"line":162,"column":35}},"loc":{"start":{"line":162,"column":56},"end":{"line":170,"column":14}}},"12":{"name":"(anonymous_26)","decl":{"start":{"line":184,"column":36},"end":{"line":184,"column":43}},"loc":{"start":{"line":184,"column":55},"end":{"line":208,"column":2}}},"13":{"name":"(anonymous_27)","decl":{"start":{"line":184,"column":55},"end":{"line":184,"column":null}},"loc":{"start":{"line":184,"column":55},"end":{"line":208,"column":1}}},"14":{"name":"(anonymous_28)","decl":{"start":{"line":211,"column":24},"end":{"line":211,"column":31}},"loc":{"start":{"line":211,"column":43},"end":{"line":233,"column":2}}},"15":{"name":"(anonymous_29)","decl":{"start":{"line":211,"column":43},"end":{"line":211,"column":null}},"loc":{"start":{"line":211,"column":43},"end":{"line":233,"column":1}}}},"branchMap":{"0":{"loc":{"start":{"line":15,"column":4},"end":{"line":20,"column":null}},"type":"if","locations":[{"start":{"line":15,"column":4},"end":{"line":20,"column":null}},{"start":{"line":15,"column":4},"end":{"line":20,"column":null}}]},"1":{"loc":{"start":{"line":15,"column":8},"end":{"line":15,"column":27}},"type":"binary-expr","locations":[{"start":{"line":15,"column":8},"end":{"line":15,"column":27}},{"start":{"line":15,"column":31},"end":{"line":15,"column":47}},{"start":{"line":15,"column":51},"end":{"line":15,"column":73}}]},"2":{"loc":{"start":{"line":30,"column":4},"end":{"line":35,"column":null}},"type":"if","locations":[{"start":{"line":30,"column":4},"end":{"line":35,"column":null}},{"start":{"line":30,"column":4},"end":{"line":35,"column":null}}]},"3":{"loc":{"start":{"line":33,"column":32},"end":{"line":33,"column":34}},"type":"cond-expr","locations":[{"start":{"line":33,"column":32},"end":{"line":33,"column":34}},{"start":{"line":33,"column":32},"end":{"line":33,"column":36}}]},"4":{"loc":{"start":{"line":33,"column":15},"end":{"line":33,"column":34}},"type":"binary-expr","locations":[{"start":{"line":33,"column":15},"end":{"line":33,"column":34}},{"start":{"line":33,"column":32},"end":{"line":33,"column":34}}]},"5":{"loc":{"start":{"line":54,"column":4},"end":{"line":59,"column":null}},"type":"if","locations":[{"start":{"line":54,"column":4},"end":{"line":59,"column":null}},{"start":{"line":54,"column":4},"end":{"line":59,"column":null}}]},"6":{"loc":{"start":{"line":73,"column":4},"end":{"line":79,"column":null}},"type":"if","locations":[{"start":{"line":73,"column":4},"end":{"line":79,"column":null}},{"start":{"line":73,"column":4},"end":{"line":79,"column":null}}]},"7":{"loc":{"start":{"line":73,"column":8},"end":{"line":73,"column":11}},"type":"binary-expr","locations":[{"start":{"line":73,"column":8},"end":{"line":73,"column":11}},{"start":{"line":73,"column":15},"end":{"line":73,"column":42}}]},"8":{"loc":{"start":{"line":83,"column":4},"end":{"line":94,"column":null}},"type":"if","locations":[{"start":{"line":83,"column":4},"end":{"line":94,"column":null}},{"start":{"line":83,"column":4},"end":{"line":94,"column":null}}]},"9":{"loc":{"start":{"line":101,"column":4},"end":{"line":107,"column":null}},"type":"if","locations":[{"start":{"line":101,"column":4},"end":{"line":107,"column":null}},{"start":{"line":101,"column":4},"end":{"line":107,"column":null}}]},"10":{"loc":{"start":{"line":101,"column":8},"end":{"line":101,"column":11}},"type":"binary-expr","locations":[{"start":{"line":101,"column":8},"end":{"line":101,"column":11}},{"start":{"line":101,"column":15},"end":{"line":101,"column":42}}]},"11":{"loc":{"start":{"line":111,"column":4},"end":{"line":122,"column":null}},"type":"if","locations":[{"start":{"line":111,"column":4},"end":{"line":122,"column":null}},{"start":{"line":111,"column":4},"end":{"line":122,"column":null}}]},"12":{"loc":{"start":{"line":147,"column":4},"end":{"line":149,"column":null}},"type":"if","locations":[{"start":{"line":147,"column":4},"end":{"line":149,"column":null}},{"start":{"line":147,"column":4},"end":{"line":149,"column":null}}]},"13":{"loc":{"start":{"line":150,"column":4},"end":{"line":152,"column":null}},"type":"if","locations":[{"start":{"line":150,"column":4},"end":{"line":152,"column":null}},{"start":{"line":150,"column":4},"end":{"line":152,"column":null}}]},"14":{"loc":{"start":{"line":161,"column":8},"end":{"line":171,"column":null}},"type":"if","locations":[{"start":{"line":161,"column":8},"end":{"line":171,"column":null}},{"start":{"line":161,"column":8},"end":{"line":171,"column":null}}]},"15":{"loc":{"start":{"line":187,"column":4},"end":{"line":193,"column":null}},"type":"if","locations":[{"start":{"line":187,"column":4},"end":{"line":193,"column":null}},{"start":{"line":187,"column":4},"end":{"line":193,"column":null}}]},"16":{"loc":{"start":{"line":197,"column":4},"end":{"line":207,"column":null}},"type":"if","locations":[{"start":{"line":197,"column":4},"end":{"line":207,"column":null}},{"start":{"line":197,"column":4},"end":{"line":207,"column":null}}]},"17":{"loc":{"start":{"line":215,"column":8},"end":{"line":226,"column":null}},"type":"if","locations":[{"start":{"line":215,"column":8},"end":{"line":226,"column":null}},{"start":{"line":215,"column":8},"end":{"line":226,"column":null}}]}},"s":{"0":4,"1":4,"2":4,"3":4,"4":4,"5":4,"6":4,"7":4,"8":4,"9":5,"10":3,"11":3,"12":3,"13":5,"14":4,"15":2,"16":2,"17":2,"18":2,"19":1,"20":1,"21":4,"22":3,"23":3,"24":3,"25":3,"26":3,"27":3,"28":1,"29":2,"30":4,"31":2,"32":2,"33":2,"34":0,"35":2,"36":2,"37":1,"38":1,"39":4,"40":2,"41":2,"42":2,"43":0,"44":2,"45":2,"46":1,"47":1,"48":4,"49":2,"50":2,"51":2,"52":2,"53":2,"54":1,"55":2,"56":1,"57":2,"58":2,"59":2,"60":0,"61":0,"62":2,"63":0,"64":0,"65":4,"66":2,"67":2,"68":2,"69":0,"70":2,"71":2,"72":1,"73":1,"74":4,"75":15,"76":15,"77":15,"78":15,"79":14,"80":1,"81":0,"82":4},"f":{"0":5,"1":2,"2":2,"3":3,"4":3,"5":2,"6":2,"7":2,"8":2,"9":2,"10":2,"11":0,"12":2,"13":2,"14":15,"15":15},"b":{"0":[3,2],"1":[5,3,3],"2":[1,1],"3":[0,1],"4":[1,1],"5":[1,2],"6":[0,2],"7":[2,2],"8":[1,1],"9":[0,2],"10":[2,2],"11":[1,1],"12":[1,1],"13":[1,1],"14":[0,2],"15":[0,2],"16":[1,1],"17":[14,1]}}
,"C:\\react\\medicine-consultation\\server\\routes\\encoder.ts": {"path":"C:\\react\\medicine-consultation\\server\\routes\\encoder.ts","statementMap":{"0":{"start":{"line":6,"column":4},"end":{"line":19,"column":6}},"1":{"start":{"line":7,"column":37},"end":{"line":7,"column":39}},"2":{"start":{"line":8,"column":8},"end":{"line":16,"column":11}},"3":{"start":{"line":9,"column":12},"end":{"line":15,"column":null}},"4":{"start":{"line":10,"column":16},"end":{"line":12,"column":null}},"5":{"start":{"line":11,"column":20},"end":{"line":11,"column":56}},"6":{"start":{"line":14,"column":16},"end":{"line":14,"column":31}},"7":{"start":{"line":18,"column":8},"end":{"line":18,"column":21}},"8":{"start":{"line":22,"column":0},"end":{"line":22,"column":29}}},"fnMap":{"0":{"name":"(anonymous_0)","decl":{"start":{"line":5,"column":0},"end":{"line":5,"column":6}},"loc":{"start":{"line":5,"column":0},"end":{"line":20,"column":1}}},"1":{"name":"(anonymous_1)","decl":{"start":{"line":6,"column":12},"end":{"line":6,"column":13}},"loc":{"start":{"line":6,"column":58},"end":{"line":19,"column":5}}},"2":{"name":"(anonymous_2)","decl":{"start":{"line":8,"column":21},"end":{"line":8,"column":22}},"loc":{"start":{"line":8,"column":29},"end":{"line":16,"column":9}}}},"branchMap":{"0":{"loc":{"start":{"line":10,"column":16},"end":{"line":12,"column":null}},"type":"if","locations":[{"start":{"line":10,"column":16},"end":{"line":12,"column":null}},{"start":{"line":10,"column":16},"end":{"line":12,"column":null}}]}},"s":{"0":4,"1":2,"2":2,"3":26,"4":26,"5":2,"6":0,"7":2,"8":4},"f":{"0":4,"1":2,"2":26},"b":{"0":[2,24]}}
,"C:\\react\\medicine-consultation\\server\\routes\\fake_api_routes.ts": {"path":"C:\\react\\medicine-consultation\\server\\routes\\fake_api_routes.ts","statementMap":{"0":{"start":{"line":12,"column":0},"end":{"line":12,"column":50}},"1":{"start":{"line":13,"column":0},"end":{"line":13,"column":34}},"2":{"start":{"line":14,"column":0},"end":{"line":14,"column":61}},"3":{"start":{"line":16,"column":15},"end":{"line":16,"column":30}},"4":{"start":{"line":18,"column":0},"end":{"line":21,"column":3}},"5":{"start":{"line":18,"column":48},"end":{"line":21,"column":2}},"6":{"start":{"line":19,"column":4},"end":{"line":19,"column":26}},"7":{"start":{"line":20,"column":4},"end":{"line":20,"column":19}},"8":{"start":{"line":23,"column":0},"end":{"line":28,"column":3}},"9":{"start":{"line":23,"column":49},"end":{"line":28,"column":2}},"10":{"start":{"line":24,"column":4},"end":{"line":24,"column":27}},"11":{"start":{"line":25,"column":4},"end":{"line":25,"column":33}},"12":{"start":{"line":26,"column":4},"end":{"line":26,"column":34}},"13":{"start":{"line":27,"column":4},"end":{"line":27,"column":19}},"14":{"start":{"line":30,"column":0},"end":{"line":30,"column":22}}},"fnMap":{"0":{"name":"(anonymous_8)","decl":{"start":{"line":18,"column":29},"end":{"line":18,"column":36}},"loc":{"start":{"line":18,"column":48},"end":{"line":21,"column":2}}},"1":{"name":"(anonymous_9)","decl":{"start":{"line":18,"column":48},"end":{"line":18,"column":null}},"loc":{"start":{"line":18,"column":48},"end":{"line":21,"column":1}}},"2":{"name":"(anonymous_10)","decl":{"start":{"line":23,"column":30},"end":{"line":23,"column":37}},"loc":{"start":{"line":23,"column":49},"end":{"line":28,"column":2}}},"3":{"name":"(anonymous_11)","decl":{"start":{"line":23,"column":49},"end":{"line":23,"column":null}},"loc":{"start":{"line":23,"column":49},"end":{"line":28,"column":1}}}},"branchMap":{},"s":{"0":4,"1":4,"2":4,"3":4,"4":4,"5":0,"6":0,"7":0,"8":4,"9":0,"10":0,"11":0,"12":0,"13":0,"14":4},"f":{"0":0,"1":0,"2":0,"3":0},"b":{}}
,"C:\\react\\medicine-consultation\\server\\routes\\index.ts": {"path":"C:\\react\\medicine-consultation\\server\\routes\\index.ts","statementMap":{"0":{"start":{"line":1,"column":0},"end":{"line":1,"column":30}},"1":{"start":{"line":2,"column":0},"end":{"line":2,"column":39}},"2":{"start":{"line":3,"column":0},"end":{"line":3,"column":43}},"3":{"start":{"line":4,"column":0},"end":{"line":4,"column":41}},"4":{"start":{"line":5,"column":0},"end":{"line":5,"column":45}},"5":{"start":{"line":7,"column":15},"end":{"line":7,"column":31}},"6":{"start":{"line":9,"column":0},"end":{"line":9,"column":28}},"7":{"start":{"line":10,"column":0},"end":{"line":10,"column":30}},"8":{"start":{"line":11,"column":0},"end":{"line":11,"column":34}},"9":{"start":{"line":12,"column":0},"end":{"line":12,"column":31}},"10":{"start":{"line":14,"column":0},"end":{"line":14,"column":22}}},"fnMap":{},"branchMap":{},"s":{"0":4,"1":4,"2":4,"3":4,"4":4,"5":4,"6":4,"7":4,"8":4,"9":4,"10":4},"f":{},"b":{}}
,"C:\\react\\medicine-consultation\\server\\routes\\payment_routes.ts": {"path":"C:\\react\\medicine-consultation\\server\\routes\\payment_routes.ts","statementMap":{"0":{"start":{"line":1,"column":0},"end":{"line":1,"column":63}},"1":{"start":{"line":2,"column":0},"end":{"line":2,"column":60}},"2":{"start":{"line":3,"column":0},"end":{"line":3,"column":56}},"3":{"start":{"line":5,"column":15},"end":{"line":5,"column":24}},"4":{"start":{"line":7,"column":0},"end":{"line":14,"column":2}},"5":{"start":{"line":10,"column":23},"end":{"line":13,"column":null}},"6":{"start":{"line":11,"column":25},"end":{"line":11,"column":72}},"7":{"start":{"line":12,"column":8},"end":{"line":12,"column":71}},"8":{"start":{"line":16,"column":0},"end":{"line":24,"column":2}},"9":{"start":{"line":19,"column":23},"end":{"line":23,"column":null}},"10":{"start":{"line":20,"column":23},"end":{"line":20,"column":33}},"11":{"start":{"line":21,"column":23},"end":{"line":21,"column":59}},"12":{"start":{"line":22,"column":8},"end":{"line":22,"column":48}},"13":{"start":{"line":27,"column":0},"end":{"line":32,"column":3}},"14":{"start":{"line":27,"column":60},"end":{"line":32,"column":2}},"15":{"start":{"line":28,"column":19},"end":{"line":28,"column":27}},"16":{"start":{"line":29,"column":4},"end":{"line":29,"column":22}},"17":{"start":{"line":30,"column":4},"end":{"line":30,"column":41}},"18":{"start":{"line":31,"column":4},"end":{"line":31,"column":27}},"19":{"start":{"line":35,"column":0},"end":{"line":40,"column":3}},"20":{"start":{"line":35,"column":61},"end":{"line":40,"column":2}},"21":{"start":{"line":36,"column":19},"end":{"line":36,"column":27}},"22":{"start":{"line":37,"column":4},"end":{"line":37,"column":22}},"23":{"start":{"line":38,"column":4},"end":{"line":38,"column":40}},"24":{"start":{"line":39,"column":4},"end":{"line":39,"column":27}},"25":{"start":{"line":42,"column":16},"end":{"line":60,"column":1}},"26":{"start":{"line":43,"column":25},"end":{"line":52,"column":6}},"27":{"start":{"line":54,"column":4},"end":{"line":59,"column":null}},"28":{"start":{"line":55,"column":8},"end":{"line":58,"column":11}},"29":{"start":{"line":62,"column":0},"end":{"line":62,"column":22}}},"fnMap":{"0":{"name":"(anonymous_8)","decl":{"start":{"line":10,"column":4},"end":{"line":10,"column":11}},"loc":{"start":{"line":10,"column":23},"end":{"line":13,"column":null}}},"1":{"name":"(anonymous_9)","decl":{"start":{"line":10,"column":23},"end":{"line":10,"column":null}},"loc":{"start":{"line":10,"column":23},"end":{"line":13,"column":5}}},"2":{"name":"(anonymous_10)","decl":{"start":{"line":19,"column":4},"end":{"line":19,"column":11}},"loc":{"start":{"line":19,"column":23},"end":{"line":23,"column":null}}},"3":{"name":"(anonymous_11)","decl":{"start":{"line":19,"column":23},"end":{"line":19,"column":null}},"loc":{"start":{"line":19,"column":23},"end":{"line":23,"column":5}}},"4":{"name":"(anonymous_12)","decl":{"start":{"line":27,"column":41},"end":{"line":27,"column":48}},"loc":{"start":{"line":27,"column":60},"end":{"line":32,"column":2}}},"5":{"name":"(anonymous_13)","decl":{"start":{"line":27,"column":60},"end":{"line":27,"column":null}},"loc":{"start":{"line":27,"column":60},"end":{"line":32,"column":1}}},"6":{"name":"(anonymous_14)","decl":{"start":{"line":35,"column":42},"end":{"line":35,"column":49}},"loc":{"start":{"line":35,"column":61},"end":{"line":40,"column":2}}},"7":{"name":"(anonymous_15)","decl":{"start":{"line":35,"column":61},"end":{"line":35,"column":null}},"loc":{"start":{"line":35,"column":61},"end":{"line":40,"column":1}}},"8":{"name":"(anonymous_16)","decl":{"start":{"line":42,"column":16},"end":{"line":42,"column":17}},"loc":{"start":{"line":42,"column":54},"end":{"line":60,"column":1}}}},"branchMap":{"0":{"loc":{"start":{"line":12,"column":45},"end":{"line":12,"column":48}},"type":"cond-expr","locations":[{"start":{"line":12,"column":45},"end":{"line":12,"column":48}},{"start":{"line":12,"column":51},"end":{"line":12,"column":54}}]},"1":{"loc":{"start":{"line":54,"column":4},"end":{"line":59,"column":null}},"type":"if","locations":[{"start":{"line":54,"column":4},"end":{"line":59,"column":null}},{"start":{"line":54,"column":4},"end":{"line":59,"column":null}}]}},"s":{"0":4,"1":4,"2":4,"3":4,"4":4,"5":1,"6":1,"7":1,"8":4,"9":2,"10":2,"11":2,"12":2,"13":4,"14":0,"15":0,"16":0,"17":0,"18":0,"19":4,"20":0,"21":0,"22":0,"23":0,"24":0,"25":4,"26":0,"27":0,"28":0,"29":4},"f":{"0":1,"1":1,"2":2,"3":2,"4":0,"5":0,"6":0,"7":0,"8":0},"b":{"0":[1,0],"1":[0,0]}}
,"C:\\react\\medicine-consultation\\server\\routes\\user_routes.ts": {"path":"C:\\react\\medicine-consultation\\server\\routes\\user_routes.ts","statementMap":{"0":{"start":{"line":3,"column":0},"end":{"line":3,"column":30}},"1":{"start":{"line":4,"column":0},"end":{"line":4,"column":46}},"2":{"start":{"line":5,"column":0},"end":{"line":5,"column":28}},"3":{"start":{"line":6,"column":0},"end":{"line":6,"column":24}},"4":{"start":{"line":7,"column":0},"end":{"line":7,"column":31}},"5":{"start":{"line":8,"column":0},"end":{"line":8,"column":28}},"6":{"start":{"line":9,"column":0},"end":{"line":9,"column":53}},"7":{"start":{"line":10,"column":0},"end":{"line":10,"column":54}},"8":{"start":{"line":12,"column":0},"end":{"line":12,"column":31}},"9":{"start":{"line":16,"column":0},"end":{"line":16,"column":46}},"10":{"start":{"line":23,"column":15},"end":{"line":23,"column":31}},"11":{"start":{"line":26,"column":31},"end":{"line":26,"column":71}},"12":{"start":{"line":29,"column":16},"end":{"line":40,"column":2}},"13":{"start":{"line":31,"column":8},"end":{"line":31,"column":48}},"14":{"start":{"line":34,"column":29},"end":{"line":34,"column":67}},"15":{"start":{"line":35,"column":28},"end":{"line":35,"column":73}},"16":{"start":{"line":36,"column":8},"end":{"line":36,"column":58}},"17":{"start":{"line":38,"column":8},"end":{"line":38,"column":61}},"18":{"start":{"line":43,"column":19},"end":{"line":49,"column":1}},"19":{"start":{"line":44,"column":4},"end":{"line":48,"column":null}},"20":{"start":{"line":45,"column":8},"end":{"line":45,"column":29}},"21":{"start":{"line":47,"column":8},"end":{"line":47,"column":30}},"22":{"start":{"line":52,"column":15},"end":{"line":58,"column":2}},"23":{"start":{"line":81,"column":26},"end":{"line":125,"column":1}},"24":{"start":{"line":82,"column":39},"end":{"line":82,"column":55}},"25":{"start":{"line":84,"column":4},"end":{"line":91,"column":null}},"26":{"start":{"line":85,"column":8},"end":{"line":90,"column":11}},"27":{"start":{"line":97,"column":21},"end":{"line":97,"column":38}},"28":{"start":{"line":98,"column":18},"end":{"line":98,"column":63}},"29":{"start":{"line":101,"column":4},"end":{"line":108,"column":null}},"30":{"start":{"line":102,"column":8},"end":{"line":107,"column":11}},"31":{"start":{"line":110,"column":4},"end":{"line":124,"column":7}},"32":{"start":{"line":112,"column":8},"end":{"line":118,"column":null}},"33":{"start":{"line":113,"column":12},"end":{"line":117,"column":15}},"34":{"start":{"line":121,"column":8},"end":{"line":121,"column":28}},"35":{"start":{"line":123,"column":8},"end":{"line":123,"column":15}},"36":{"start":{"line":129,"column":30},"end":{"line":132,"column":2}},"37":{"start":{"line":136,"column":0},"end":{"line":165,"column":3}},"38":{"start":{"line":136,"column":73},"end":{"line":165,"column":2}},"39":{"start":{"line":137,"column":12},"end":{"line":137,"column":47}},"40":{"start":{"line":138,"column":21},"end":{"line":138,"column":65}},"41":{"start":{"line":139,"column":22},"end":{"line":139,"column":67}},"42":{"start":{"line":141,"column":4},"end":{"line":147,"column":null}},"43":{"start":{"line":142,"column":8},"end":{"line":146,"column":11}},"44":{"start":{"line":149,"column":35},"end":{"line":151,"column":null}},"45":{"start":{"line":153,"column":36},"end":{"line":155,"column":null}},"46":{"start":{"line":158,"column":4},"end":{"line":164,"column":7}},"47":{"start":{"line":169,"column":27},"end":{"line":172,"column":2}},"48":{"start":{"line":176,"column":0},"end":{"line":208,"column":3}},"49":{"start":{"line":176,"column":66},"end":{"line":208,"column":2}},"50":{"start":{"line":177,"column":38},"end":{"line":177,"column":52}},"51":{"start":{"line":178,"column":41},"end":{"line":178,"column":58}},"52":{"start":{"line":180,"column":4},"end":{"line":186,"column":null}},"53":{"start":{"line":181,"column":8},"end":{"line":185,"column":11}},"54":{"start":{"line":188,"column":19},"end":{"line":190,"column":null}},"55":{"start":{"line":193,"column":4},"end":{"line":199,"column":null}},"56":{"start":{"line":194,"column":8},"end":{"line":198,"column":11}},"57":{"start":{"line":201,"column":19},"end":{"line":201,"column":72}},"58":{"start":{"line":203,"column":4},"end":{"line":207,"column":7}},"59":{"start":{"line":212,"column":35},"end":{"line":215,"column":2}},"60":{"start":{"line":233,"column":22},"end":{"line":236,"column":2}},"61":{"start":{"line":240,"column":0},"end":{"line":275,"column":3}},"62":{"start":{"line":240,"column":56},"end":{"line":275,"column":2}},"63":{"start":{"line":241,"column":21},"end":{"line":241,"column":45}},"64":{"start":{"line":242,"column":22},"end":{"line":242,"column":47}},"65":{"start":{"line":243,"column":16},"end":{"line":243,"column":35}},"66":{"start":{"line":245,"column":4},"end":{"line":251,"column":null}},"67":{"start":{"line":246,"column":8},"end":{"line":250,"column":11}},"68":{"start":{"line":254,"column":8},"end":{"line":255,"column":66}},"69":{"start":{"line":257,"column":4},"end":{"line":263,"column":null}},"70":{"start":{"line":258,"column":8},"end":{"line":262,"column":11}},"71":{"start":{"line":265,"column":19},"end":{"line":268,"column":null}},"72":{"start":{"line":271,"column":4},"end":{"line":274,"column":7}},"73":{"start":{"line":279,"column":25},"end":{"line":282,"column":2}},"74":{"start":{"line":287,"column":0},"end":{"line":311,"column":3}},"75":{"start":{"line":287,"column":58},"end":{"line":311,"column":2}},"76":{"start":{"line":288,"column":16},"end":{"line":288,"column":48}},"77":{"start":{"line":289,"column":14},"end":{"line":289,"column":43}},"78":{"start":{"line":291,"column":4},"end":{"line":310,"column":null}},"79":{"start":{"line":293,"column":23},"end":{"line":293,"column":64}},"80":{"start":{"line":296,"column":8},"end":{"line":302,"column":null}},"81":{"start":{"line":297,"column":12},"end":{"line":301,"column":15}},"82":{"start":{"line":304,"column":8},"end":{"line":307,"column":11}},"83":{"start":{"line":309,"column":8},"end":{"line":309,"column":33}},"84":{"start":{"line":315,"column":24},"end":{"line":318,"column":2}},"85":{"start":{"line":322,"column":0},"end":{"line":357,"column":3}},"86":{"start":{"line":322,"column":66},"end":{"line":357,"column":2}},"87":{"start":{"line":324,"column":15},"end":{"line":324,"column":28}},"88":{"start":{"line":327,"column":4},"end":{"line":333,"column":null}},"89":{"start":{"line":328,"column":8},"end":{"line":332,"column":11}},"90":{"start":{"line":335,"column":4},"end":{"line":356,"column":null}},"91":{"start":{"line":337,"column":23},"end":{"line":337,"column":57}},"92":{"start":{"line":340,"column":8},"end":{"line":346,"column":null}},"93":{"start":{"line":341,"column":12},"end":{"line":345,"column":15}},"94":{"start":{"line":349,"column":8},"end":{"line":352,"column":11}},"95":{"start":{"line":354,"column":8},"end":{"line":354,"column":29}},"96":{"start":{"line":355,"column":8},"end":{"line":355,"column":33}},"97":{"start":{"line":361,"column":30},"end":{"line":364,"column":2}},"98":{"start":{"line":368,"column":0},"end":{"line":406,"column":2}},"99":{"start":{"line":372,"column":23},"end":{"line":405,"column":null}},"100":{"start":{"line":373,"column":23},"end":{"line":373,"column":38}},"101":{"start":{"line":375,"column":8},"end":{"line":381,"column":null}},"102":{"start":{"line":376,"column":12},"end":{"line":380,"column":15}},"103":{"start":{"line":384,"column":25},"end":{"line":384,"column":56}},"104":{"start":{"line":386,"column":8},"end":{"line":404,"column":null}},"105":{"start":{"line":387,"column":27},"end":{"line":387,"column":77}},"106":{"start":{"line":389,"column":12},"end":{"line":395,"column":null}},"107":{"start":{"line":390,"column":16},"end":{"line":394,"column":19}},"108":{"start":{"line":397,"column":12},"end":{"line":399,"column":15}},"109":{"start":{"line":401,"column":12},"end":{"line":401,"column":33}},"110":{"start":{"line":403,"column":12},"end":{"line":403,"column":37}},"111":{"start":{"line":412,"column":0},"end":{"line":472,"column":3}},"112":{"start":{"line":412,"column":40},"end":{"line":472,"column":2}},"113":{"start":{"line":414,"column":29},"end":{"line":414,"column":37}},"114":{"start":{"line":417,"column":4},"end":{"line":417,"column":46}},"115":{"start":{"line":418,"column":4},"end":{"line":418,"column":52}},"116":{"start":{"line":422,"column":4},"end":{"line":429,"column":null}},"117":{"start":{"line":423,"column":8},"end":{"line":423,"column":33}},"118":{"start":{"line":424,"column":8},"end":{"line":428,"column":11}},"119":{"start":{"line":432,"column":24},"end":{"line":432,"column":61}},"120":{"start":{"line":434,"column":4},"end":{"line":442,"column":null}},"121":{"start":{"line":435,"column":8},"end":{"line":435,"column":42}},"122":{"start":{"line":436,"column":8},"end":{"line":441,"column":11}},"123":{"start":{"line":444,"column":4},"end":{"line":471,"column":null}},"124":{"start":{"line":446,"column":23},"end":{"line":446,"column":58}},"125":{"start":{"line":449,"column":8},"end":{"line":455,"column":null}},"126":{"start":{"line":450,"column":12},"end":{"line":454,"column":15}},"127":{"start":{"line":457,"column":23},"end":{"line":458,"column":null}},"128":{"start":{"line":461,"column":8},"end":{"line":461,"column":73}},"129":{"start":{"line":463,"column":8},"end":{"line":467,"column":11}},"130":{"start":{"line":469,"column":8},"end":{"line":469,"column":29}},"131":{"start":{"line":470,"column":8},"end":{"line":470,"column":33}},"132":{"start":{"line":478,"column":0},"end":{"line":538,"column":3}},"133":{"start":{"line":478,"column":49},"end":{"line":538,"column":2}},"134":{"start":{"line":480,"column":15},"end":{"line":480,"column":28}},"135":{"start":{"line":483,"column":4},"end":{"line":489,"column":null}},"136":{"start":{"line":484,"column":8},"end":{"line":488,"column":11}},"137":{"start":{"line":492,"column":32},"end":{"line":492,"column":40}},"138":{"start":{"line":495,"column":4},"end":{"line":501,"column":null}},"139":{"start":{"line":496,"column":8},"end":{"line":500,"column":11}},"140":{"start":{"line":504,"column":4},"end":{"line":504,"column":52}},"141":{"start":{"line":505,"column":4},"end":{"line":505,"column":58}},"142":{"start":{"line":507,"column":24},"end":{"line":507,"column":71}},"143":{"start":{"line":509,"column":4},"end":{"line":516,"column":null}},"144":{"start":{"line":510,"column":8},"end":{"line":515,"column":11}},"145":{"start":{"line":518,"column":4},"end":{"line":537,"column":null}},"146":{"start":{"line":519,"column":23},"end":{"line":519,"column":61}},"147":{"start":{"line":522,"column":8},"end":{"line":528,"column":null}},"148":{"start":{"line":523,"column":12},"end":{"line":527,"column":15}},"149":{"start":{"line":530,"column":8},"end":{"line":533,"column":11}},"150":{"start":{"line":535,"column":8},"end":{"line":535,"column":29}},"151":{"start":{"line":536,"column":8},"end":{"line":536,"column":33}},"152":{"start":{"line":544,"column":0},"end":{"line":577,"column":3}},"153":{"start":{"line":544,"column":52},"end":{"line":577,"column":2}},"154":{"start":{"line":546,"column":15},"end":{"line":546,"column":28}},"155":{"start":{"line":549,"column":4},"end":{"line":555,"column":null}},"156":{"start":{"line":550,"column":8},"end":{"line":554,"column":11}},"157":{"start":{"line":557,"column":4},"end":{"line":576,"column":null}},"158":{"start":{"line":558,"column":23},"end":{"line":558,"column":56}},"159":{"start":{"line":561,"column":8},"end":{"line":567,"column":null}},"160":{"start":{"line":562,"column":12},"end":{"line":566,"column":15}},"161":{"start":{"line":569,"column":8},"end":{"line":572,"column":11}},"162":{"start":{"line":574,"column":8},"end":{"line":574,"column":29}},"163":{"start":{"line":575,"column":8},"end":{"line":575,"column":33}},"164":{"start":{"line":580,"column":0},"end":{"line":593,"column":3}},"165":{"start":{"line":580,"column":50},"end":{"line":593,"column":2}},"166":{"start":{"line":581,"column":36},"end":{"line":581,"column":44}},"167":{"start":{"line":583,"column":4},"end":{"line":588,"column":null}},"168":{"start":{"line":584,"column":8},"end":{"line":587,"column":11}},"169":{"start":{"line":590,"column":21},"end":{"line":590,"column":74}},"170":{"start":{"line":592,"column":4},"end":{"line":592,"column":67}},"171":{"start":{"line":595,"column":0},"end":{"line":608,"column":3}},"172":{"start":{"line":595,"column":61},"end":{"line":608,"column":2}},"173":{"start":{"line":596,"column":22},"end":{"line":596,"column":30}},"174":{"start":{"line":598,"column":4},"end":{"line":603,"column":null}},"175":{"start":{"line":599,"column":8},"end":{"line":602,"column":11}},"176":{"start":{"line":605,"column":21},"end":{"line":605,"column":69}},"177":{"start":{"line":607,"column":4},"end":{"line":607,"column":67}},"178":{"start":{"line":610,"column":0},"end":{"line":610,"column":22}}},"fnMap":{"0":{"name":"(anonymous_8)","decl":{"start":{"line":30,"column":17},"end":{"line":30,"column":18}},"loc":{"start":{"line":31,"column":8},"end":{"line":31,"column":48}}},"1":{"name":"(anonymous_9)","decl":{"start":{"line":32,"column":14},"end":{"line":32,"column":15}},"loc":{"start":{"line":32,"column":38},"end":{"line":39,"column":5}}},"2":{"name":"(anonymous_10)","decl":{"start":{"line":43,"column":19},"end":{"line":43,"column":20}},"loc":{"start":{"line":43,"column":58},"end":{"line":49,"column":1}}},"3":{"name":"(anonymous_11)","decl":{"start":{"line":81,"column":26},"end":{"line":81,"column":27}},"loc":{"start":{"line":81,"column":71},"end":{"line":125,"column":1}}},"4":{"name":"(anonymous_12)","decl":{"start":{"line":110,"column":52},"end":{"line":110,"column":53}},"loc":{"start":{"line":110,"column":78},"end":{"line":124,"column":5}}},"5":{"name":"(anonymous_13)","decl":{"start":{"line":136,"column":54},"end":{"line":136,"column":61}},"loc":{"start":{"line":136,"column":73},"end":{"line":165,"column":2}}},"6":{"name":"(anonymous_14)","decl":{"start":{"line":136,"column":73},"end":{"line":136,"column":null}},"loc":{"start":{"line":136,"column":73},"end":{"line":165,"column":1}}},"7":{"name":"(anonymous_15)","decl":{"start":{"line":176,"column":47},"end":{"line":176,"column":54}},"loc":{"start":{"line":176,"column":66},"end":{"line":208,"column":2}}},"8":{"name":"(anonymous_16)","decl":{"start":{"line":176,"column":66},"end":{"line":176,"column":null}},"loc":{"start":{"line":176,"column":66},"end":{"line":208,"column":1}}},"9":{"name":"(anonymous_17)","decl":{"start":{"line":240,"column":37},"end":{"line":240,"column":44}},"loc":{"start":{"line":240,"column":56},"end":{"line":275,"column":2}}},"10":{"name":"(anonymous_18)","decl":{"start":{"line":240,"column":56},"end":{"line":240,"column":null}},"loc":{"start":{"line":240,"column":56},"end":{"line":275,"column":1}}},"11":{"name":"(anonymous_19)","decl":{"start":{"line":287,"column":39},"end":{"line":287,"column":46}},"loc":{"start":{"line":287,"column":58},"end":{"line":311,"column":2}}},"12":{"name":"(anonymous_20)","decl":{"start":{"line":287,"column":58},"end":{"line":287,"column":null}},"loc":{"start":{"line":287,"column":58},"end":{"line":311,"column":1}}},"13":{"name":"(anonymous_21)","decl":{"start":{"line":322,"column":41},"end":{"line":322,"column":48}},"loc":{"start":{"line":322,"column":66},"end":{"line":357,"column":2}}},"14":{"name":"(anonymous_22)","decl":{"start":{"line":322,"column":66},"end":{"line":322,"column":null}},"loc":{"start":{"line":322,"column":66},"end":{"line":357,"column":1}}},"15":{"name":"(anonymous_23)","decl":{"start":{"line":372,"column":4},"end":{"line":372,"column":11}},"loc":{"start":{"line":372,"column":23},"end":{"line":405,"column":null}}},"16":{"name":"(anonymous_24)","decl":{"start":{"line":372,"column":23},"end":{"line":372,"column":null}},"loc":{"start":{"line":372,"column":23},"end":{"line":405,"column":5}}},"17":{"name":"(anonymous_25)","decl":{"start":{"line":412,"column":21},"end":{"line":412,"column":28}},"loc":{"start":{"line":412,"column":40},"end":{"line":472,"column":2}}},"18":{"name":"(anonymous_26)","decl":{"start":{"line":412,"column":40},"end":{"line":412,"column":null}},"loc":{"start":{"line":412,"column":40},"end":{"line":472,"column":1}}},"19":{"name":"(anonymous_27)","decl":{"start":{"line":478,"column":24},"end":{"line":478,"column":31}},"loc":{"start":{"line":478,"column":49},"end":{"line":538,"column":2}}},"20":{"name":"(anonymous_28)","decl":{"start":{"line":478,"column":49},"end":{"line":478,"column":null}},"loc":{"start":{"line":478,"column":49},"end":{"line":538,"column":1}}},"21":{"name":"(anonymous_29)","decl":{"start":{"line":544,"column":27},"end":{"line":544,"column":34}},"loc":{"start":{"line":544,"column":52},"end":{"line":577,"column":2}}},"22":{"name":"(anonymous_30)","decl":{"start":{"line":544,"column":52},"end":{"line":544,"column":null}},"loc":{"start":{"line":544,"column":52},"end":{"line":577,"column":1}}},"23":{"name":"(anonymous_31)","decl":{"start":{"line":580,"column":31},"end":{"line":580,"column":38}},"loc":{"start":{"line":580,"column":50},"end":{"line":593,"column":2}}},"24":{"name":"(anonymous_32)","decl":{"start":{"line":580,"column":50},"end":{"line":580,"column":null}},"loc":{"start":{"line":580,"column":50},"end":{"line":593,"column":1}}},"25":{"name":"(anonymous_33)","decl":{"start":{"line":595,"column":42},"end":{"line":595,"column":49}},"loc":{"start":{"line":595,"column":61},"end":{"line":608,"column":2}}},"26":{"name":"(anonymous_34)","decl":{"start":{"line":595,"column":61},"end":{"line":595,"column":null}},"loc":{"start":{"line":595,"column":61},"end":{"line":608,"column":1}}}},"branchMap":{"0":{"loc":{"start":{"line":44,"column":4},"end":{"line":48,"column":null}},"type":"if","locations":[{"start":{"line":44,"column":4},"end":{"line":48,"column":null}},{"start":{"line":44,"column":4},"end":{"line":48,"column":null}}]},"1":{"loc":{"start":{"line":84,"column":4},"end":{"line":91,"column":null}},"type":"if","locations":[{"start":{"line":84,"column":4},"end":{"line":91,"column":null}},{"start":{"line":84,"column":4},"end":{"line":91,"column":null}}]},"2":{"loc":{"start":{"line":98,"column":40},"end":{"line":98,"column":51}},"type":"cond-expr","locations":[{"start":{"line":98,"column":40},"end":{"line":98,"column":51}},{"start":{"line":98,"column":54},"end":{"line":98,"column":63}}]},"3":{"loc":{"start":{"line":101,"column":4},"end":{"line":108,"column":null}},"type":"if","locations":[{"start":{"line":101,"column":4},"end":{"line":108,"column":null}},{"start":{"line":101,"column":4},"end":{"line":108,"column":null}}]},"4":{"loc":{"start":{"line":110,"colu
[...]
":{"line":63,"column":2}},"16":{"start":{"line":64,"column":13},"end":{"line":68,"column":2}},"17":{"start":{"line":69,"column":13},"end":{"line":72,"column":2}},"18":{"start":{"line":73,"column":13},"end":{"line":73,"column":65}},"19":{"start":{"line":74,"column":13},"end":{"line":77,"column":2}},"20":{"start":{"line":78,"column":13},"end":{"line":81,"column":2}},"21":{"start":{"line":82,"column":13},"end":{"line":82,"column":55}},"22":{"start":{"line":83,"column":13},"end":{"line":87,"column":2}},"23":{"start":{"line":88,"column":13},"end":{"line":88,"column":61}},"24":{"start":{"line":89,"column":13},"end":{"line":92,"column":2}},"25":{"start":{"line":93,"column":13},"end":{"line":96,"column":2}},"26":{"start":{"line":97,"column":13},"end":{"line":100,"column":2}},"27":{"start":{"line":101,"column":13},"end":{"line":104,"column":2}},"28":{"start":{"line":105,"column":13},"end":{"line":108,"column":2}},"29":{"start":{"line":109,"column":13},"end":{"line":112,"column":2}},"30":{"start":{"line":113,"column":13},"end":{"line":116,"column":2}},"31":{"start":{"line":117,"column":13},"end":{"line":121,"column":2}},"32":{"start":{"line":122,"column":13},"end":{"line":125,"column":2}},"33":{"start":{"line":126,"column":13},"end":{"line":126,"column":74}},"34":{"start":{"line":127,"column":13},"end":{"line":131,"column":2}},"35":{"start":{"line":132,"column":13},"end":{"line":136,"column":2}},"36":{"start":{"line":137,"column":13},"end":{"line":141,"column":2}},"37":{"start":{"line":142,"column":13},"end":{"line":146,"column":2}},"38":{"start":{"line":147,"column":13},"end":{"line":151,"column":2}},"39":{"start":{"line":152,"column":13},"end":{"line":156,"column":2}},"40":{"start":{"line":157,"column":13},"end":{"line":161,"column":2}},"41":{"start":{"line":162,"column":13},"end":{"line":166,"column":2}},"42":{"start":{"line":167,"column":13},"end":{"line":171,"column":2}},"43":{"start":{"line":172,"column":13},"end":{"line":176,"column":2}},"44":{"start":{"line":177,"column":13},"end":{"line":181,"column":2}},"45":{"start":{"line":182,"column":13},"end":{"line":182,"column":77}},"46":{"start":{"line":183,"column":13},"end":{"line":186,"column":2}},"47":{"start":{"line":187,"column":13},"end":{"line":187,"column":73}},"48":{"start":{"line":188,"column":13},"end":{"line":191,"column":2}},"49":{"start":{"line":192,"column":13},"end":{"line":192,"column":78}},"50":{"start":{"line":193,"column":13},"end":{"line":196,"column":2}},"51":{"start":{"line":197,"column":13},"end":{"line":197,"column":74}},"52":{"start":{"line":198,"column":13},"end":{"line":201,"column":2}},"53":{"start":{"line":202,"column":13},"end":{"line":202,"column":76}},"54":{"start":{"line":203,"column":13},"end":{"line":206,"column":2}},"55":{"start":{"line":207,"column":13},"end":{"line":210,"column":2}},"56":{"start":{"line":211,"column":13},"end":{"line":214,"column":2}},"57":{"start":{"line":215,"column":13},"end":{"line":215,"column":73}},"58":{"start":{"line":216,"column":13},"end":{"line":220,"column":2}},"59":{"start":{"line":221,"column":13},"end":{"line":225,"column":2}},"60":{"start":{"line":226,"column":13},"end":{"line":230,"column":2}},"61":{"start":{"line":231,"column":13},"end":{"line":235,"column":2}},"62":{"start":{"line":236,"column":13},"end":{"line":239,"column":2}},"63":{"start":{"line":240,"column":13},"end":{"line":244,"column":2}},"64":{"start":{"line":245,"column":13},"end":{"line":248,"column":2}},"65":{"start":{"line":249,"column":13},"end":{"line":252,"column":2}},"66":{"start":{"line":253,"column":13},"end":{"line":253,"column":73}},"67":{"start":{"line":254,"column":13},"end":{"line":257,"column":2}},"68":{"start":{"line":258,"column":13},"end":{"line":261,"column":2}},"69":{"start":{"line":262,"column":13},"end":{"line":262,"column":75}},"70":{"start":{"line":263,"column":13},"end":{"line":263,"column":71}},"71":{"start":{"line":264,"column":13},"end":{"line":264,"column":78}},"72":{"start":{"line":265,"column":13},"end":{"line":268,"column":2}},"73":{"start":{"line":269,"column":13},"end":{"line":272,"column":2}},"74":{"start":{"line":273,"column":13},"end":{"line":276,"column":2}},"75":{"start":{"line":277,"column":13},"end":{"line":280,"column":2}},"76":{"start":{"line":281,"column":13},"end":{"line":284,"column":2}},"77":{"start":{"line":285,"column":13},"end":{"line":288,"column":2}},"78":{"start":{"line":289,"column":13},"end":{"line":293,"column":2}},"79":{"start":{"line":294,"column":13},"end":{"line":297,"column":2}},"80":{"start":{"line":298,"column":13},"end":{"line":302,"column":2}},"81":{"start":{"line":303,"column":13},"end":{"line":307,"column":2}},"82":{"start":{"line":308,"column":13},"end":{"line":312,"column":2}},"83":{"start":{"line":313,"column":13},"end":{"line":317,"column":2}},"84":{"start":{"line":318,"column":13},"end":{"line":322,"column":2}},"85":{"start":{"line":323,"column":13},"end":{"line":326,"column":2}},"86":{"start":{"line":327,"column":13},"end":{"line":331,"column":2}},"87":{"start":{"line":332,"column":13},"end":{"line":336,"column":2}},"88":{"start":{"line":337,"column":13},"end":{"line":341,"column":2}},"89":{"start":{"line":342,"column":13},"end":{"line":346,"column":2}},"90":{"start":{"line":347,"column":13},"end":{"line":350,"column":2}},"91":{"start":{"line":351,"column":13},"end":{"line":354,"column":2}},"92":{"start":{"line":355,"column":13},"end":{"line":358,"column":2}},"93":{"start":{"line":359,"column":13},"end":{"line":362,"column":2}},"94":{"start":{"line":363,"column":13},"end":{"line":366,"column":2}},"95":{"start":{"line":367,"column":13},"end":{"line":367,"column":76}},"96":{"start":{"line":368,"column":13},"end":{"line":372,"column":2}},"97":{"start":{"line":373,"column":13},"end":{"line":376,"column":2}},"98":{"start":{"line":377,"column":13},"end":{"line":380,"column":2}},"99":{"start":{"line":381,"column":13},"end":{"line":381,"column":73}},"100":{"start":{"line":382,"column":13},"end":{"line":385,"column":2}},"101":{"start":{"line":386,"column":13},"end":{"line":389,"column":2}},"102":{"start":{"line":390,"column":13},"end":{"line":393,"column":2}},"103":{"start":{"line":394,"column":13},"end":{"line":397,"column":2}},"104":{"start":{"line":398,"column":13},"end":{"line":401,"column":2}},"105":{"start":{"line":402,"column":13},"end":{"line":405,"column":2}},"106":{"start":{"line":406,"column":13},"end":{"line":409,"column":2}},"107":{"start":{"line":410,"column":13},"end":{"line":413,"column":2}},"108":{"start":{"line":414,"column":13},"end":{"line":417,"column":2}},"109":{"start":{"line":419,"column":13},"end":{"line":423,"column":2}},"110":{"start":{"line":424,"column":13},"end":{"line":428,"column":2}},"111":{"start":{"line":429,"column":13},"end":{"line":433,"column":2}},"112":{"start":{"line":434,"column":13},"end":{"line":437,"column":2}},"113":{"start":{"line":438,"column":13},"end":{"line":441,"column":2}},"114":{"start":{"line":442,"column":13},"end":{"line":446,"column":2}},"115":{"start":{"line":447,"column":13},"end":{"line":451,"column":2}},"116":{"start":{"line":452,"column":13},"end":{"line":452,"column":72}},"117":{"start":{"line":453,"column":13},"end":{"line":456,"column":2}},"118":{"start":{"line":457,"column":13},"end":{"line":460,"column":2}},"119":{"start":{"line":461,"column":13},"end":{"line":464,"column":2}},"120":{"start":{"line":465,"column":13},"end":{"line":469,"column":2}},"121":{"start":{"line":470,"column":13},"end":{"line":474,"column":2}},"122":{"start":{"line":475,"column":13},"end":{"line":478,"column":2}},"123":{"start":{"line":479,"column":13},"end":{"line":482,"column":2}},"124":{"start":{"line":483,"column":13},"end":{"line":483,"column":78}},"125":{"start":{"line":484,"column":13},"end":{"line":487,"column":2}},"126":{"start":{"line":488,"column":13},"end":{"line":492,"column":2}},"127":{"start":{"line":493,"column":13},"end":{"line":497,"column":2}},"128":{"start":{"line":498,"column":13},"end":{"line":501,"column":2}},"129":{"start":{"line":502,"column":13},"end":{"line":505,"column":2}},"130":{"start":{"line":506,"column":13},"end":{"line":509,"column":2}},"131":{"start":{"line":510,"column":13},"end":{"line":510,"column":70}},"132":{"start":{"line":511,"column":13},"end":{"line":511,"column":79}},"133":{"start":{"line":512,"column":13},"end":{"line":515,"column":2}},"134":{"start":{"line":516,"column":13},"end":{"line":520,"column":2}},"135":{"start":{"line":521,"column":13},"end":{"line":521,"column":73}},"136":{"start":{"line":522,"column":13},"end":{"line":522,"column":70}},"137":{"start":{"line":523,"column":13},"end":{"line":526,"column":2}},"138":{"start":{"line":527,"column":13},"end":{"line":530,"column":2}},"139":{"start":{"line":531,"column":13},"end":{"line":534,"column":2}},"140":{"start":{"line":535,"column":13},"end":{"line":535,"column":72}},"141":{"start":{"line":536,"column":13},"end":{"line":539,"column":2}},"142":{"start":{"line":540,"column":13},"end":{"line":540,"column":72}},"143":{"start":{"line":541,"column":13},"end":{"line":541,"column":78}},"144":{"start":{"line":542,"column":13},"end":{"line":545,"column":2}},"145":{"start":{"line":546,"column":13},"end":{"line":550,"column":2}},"146":{"start":{"line":551,"column":13},"end":{"line":555,"column":2}},"147":{"start":{"line":556,"column":13},"end":{"line":560,"column":2}},"148":{"start":{"line":561,"column":13},"end":{"line":565,"column":2}},"149":{"start":{"line":566,"column":13},"end":{"line":569,"column":2}},"150":{"start":{"line":570,"column":13},"end":{"line":570,"column":74}},"151":{"start":{"line":571,"column":13},"end":{"line":574,"column":2}},"152":{"start":{"line":575,"column":13},"end":{"line":578,"column":2}},"153":{"start":{"line":579,"column":13},"end":{"line":582,"column":2}},"154":{"start":{"line":583,"column":13},"end":{"line":586,"column":2}},"155":{"start":{"line":587,"column":13},"end":{"line":591,"column":2}},"156":{"start":{"line":592,"column":13},"end":{"line":592,"column":71}},"157":{"start":{"line":593,"column":13},"end":{"line":597,"column":2}},"158":{"start":{"line":598,"column":13},"end":{"line":601,"column":2}},"159":{"start":{"line":602,"column":13},"end":{"line":606,"column":2}},"160":{"start":{"line":607,"column":13},"end":{"line":611,"column":2}},"161":{"start":{"line":612,"column":13},"end":{"line":616,"column":2}},"162":{"start":{"line":617,"column":13},"end":{"line":621,"column":2}},"163":{"start":{"line":622,"column":13},"end":{"line":626,"column":2}},"164":{"start":{"line":627,"column":13},"end":{"line":631,"column":2}},"165":{"start":{"line":632,"column":13},"end":{"line":635,"column":2}},"166":{"start":{"line":636,"column":13},"end":{"line":640,"column":2}},"167":{"start":{"line":641,"column":13},"end":{"line":644,"column":2}},"168":{"start":{"line":645,"column":13},"end":{"line":649,"column":2}},"169":{"start":{"line":650,"column":13},"end":{"line":654,"column":2}},"170":{"start":{"line":655,"column":13},"end":{"line":659,"column":2}},"171":{"start":{"line":660,"column":13},"end":{"line":664,"column":2}},"172":{"start":{"line":665,"column":13},"end":{"line":668,"column":2}},"173":{"start":{"line":669,"column":13},"end":{"line":673,"column":2}},"174":{"start":{"line":674,"column":13},"end":{"line":678,"column":2}},"175":{"start":{"line":679,"column":13},"end":{"line":683,"column":2}},"176":{"start":{"line":684,"column":13},"end":{"line":687,"column":2}},"177":{"start":{"line":688,"column":13},"end":{"line":688,"column":77}},"178":{"start":{"line":689,"column":13},"end":{"line":692,"column":2}},"179":{"start":{"line":693,"column":13},"end":{"line":696,"column":2}},"180":{"start":{"line":697,"column":13},"end":{"line":697,"column":79}},"181":{"start":{"line":698,"column":13},"end":{"line":702,"column":2}},"182":{"start":{"line":703,"column":13},"end":{"line":703,"column":74}},"183":{"start":{"line":705,"column":13},"end":{"line":705,"column":64}},"184":{"start":{"line":706,"column":13},"end":{"line":706,"column":67}},"185":{"start":{"line":707,"column":13},"end":{"line":707,"column":50}},"186":{"start":{"line":708,"column":13},"end":{"line":708,"column":61}},"187":{"start":{"line":709,"column":13},"end":{"line":711,"column":2}},"188":{"start":{"line":712,"column":13},"end":{"line":712,"column":48}},"189":{"start":{"line":713,"column":13},"end":{"line":715,"column":2}},"190":{"start":{"line":716,"column":13},"end":{"line":716,"column":60}},"191":{"start":{"line":717,"column":13},"end":{"line":717,"column":76}},"192":{"start":{"line":718,"column":13},"end":{"line":718,"column":54}},"193":{"start":{"line":719,"column":13},"end":{"line":719,"column":56}},"194":{"start":{"line":720,"column":13},"end":{"line":720,"column":74}},"195":{"start":{"line":721,"column":13},"end":{"line":721,"column":58}},"196":{"start":{"line":722,"column":13},"end":{"line":722,"column":51}},"197":{"start":{"line":724,"column":13},"end":{"line":724,"column":47}},"198":{"start":{"line":725,"column":13},"end":{"line":725,"column":52}},"199":{"start":{"line":726,"column":13},"end":{"line":726,"column":53}},"200":{"start":{"line":727,"column":13},"end":{"line":727,"column":50}},"201":{"start":{"line":728,"column":13},"end":{"line":728,"column":45}},"202":{"start":{"line":729,"column":13},"end":{"line":729,"column":61}},"203":{"start":{"line":730,"column":13},"end":{"line":730,"column":69}},"204":{"start":{"line":731,"column":13},"end":{"line":731,"column":55}},"205":{"start":{"line":732,"column":13},"end":{"line":734,"column":2}},"206":{"start":{"line":735,"column":13},"end":{"line":737,"column":2}},"207":{"start":{"line":738,"column":13},"end":{"line":738,"column":56}},"208":{"start":{"line":739,"column":13},"end":{"line":739,"column":55}},"209":{"start":{"line":740,"column":13},"end":{"line":740,"column":41}},"210":{"start":{"line":741,"column":13},"end":{"line":741,"column":69}},"211":{"start":{"line":742,"column":13},"end":{"line":744,"column":2}},"212":{"start":{"line":745,"column":13},"end":{"line":745,"column":58}},"213":{"start":{"line":746,"column":13},"end":{"line":748,"column":2}},"214":{"start":{"line":749,"column":13},"end":{"line":751,"column":2}},"215":{"start":{"line":752,"column":13},"end":{"line":754,"column":2}},"216":{"start":{"line":755,"column":13},"end":{"line":755,"column":66}},"217":{"start":{"line":756,"column":13},"end":{"line":756,"column":44}},"218":{"start":{"line":757,"column":13},"end":{"line":757,"column":62}},"219":{"start":{"line":758,"column":13},"end":{"line":758,"column":57}},"220":{"start":{"line":759,"column":13},"end":{"line":759,"column":59}},"221":{"start":{"line":760,"column":13},"end":{"line":760,"column":39}},"222":{"start":{"line":761,"column":13},"end":{"line":763,"column":2}},"223":{"start":{"line":764,"column":13},"end":{"line":764,"column":39}},"224":{"start":{"line":765,"column":13},"end":{"line":765,"column":58}},"225":{"start":{"line":766,"column":13},"end":{"line":766,"column":53}},"226":{"start":{"line":767,"column":13},"end":{"line":767,"column":56}},"227":{"start":{"line":768,"column":13},"end":{"line":768,"column":44}},"228":{"start":{"line":769,"column":13},"end":{"line":769,"column":37}},"229":{"start":{"line":770,"column":13},"end":{"line":770,"column":72}},"230":{"start":{"line":772,"column":13},"end":{"line":772,"column":59}},"231":{"start":{"line":773,"column":13},"end":{"line":773,"column":41}},"232":{"start":{"line":774,"column":13},"end":{"line":776,"column":2}},"233":{"start":{"line":777,"column":13},"end":{"line":779,"column":2}},"234":{"start":{"line":780,"column":13},"end":{"line":780,"column":58}},"235":{"start":{"line":781,"column":13},"end":{"line":781,"column":61}},"236":{"start":{"line":783,"column":13},"end":{"line":785,"column":2}},"237":{"start":{"line":786,"column":13},"end":{"line":788,"column":2}},"238":{"start":{"line":789,"column":13},"end":{"line":791,"column":2}},"239":{"start":{"line":792,"column":13},"end":{"line":794,"column":2}},"240":{"start":{"line":795,"column":13},"end":{"line":797,"column":2}},"241":{"start":{"line":798,"column":13},"end":{"line":798,"column":43}},"242":{"start":{"line":799,"column":13},"end":{"line":799,"column":39}},"243":{"start":{"line":800,"column":13},"end":{"line":800,"column":35}},"244":{"start":{"line":801,"column":13},"end":{"line":801,"column":49}},"245":{"start":{"line":803,"column":17},"end":{"line":1305,"column":2}},"246":{"start":{"line":1307,"column":0},"end":{"line":1307,"column":24}},"247":{"start":{"line":1309,"column":13},"end":{"line":1309,"column":47}},"248":{"start":{"line":1310,"column":0},"end":{"line":1310,"column":null}},"249":{"start":{"line":1311,"column":4},"end":{"line":1311,"column":null}},"250":{"start":{"line":1312,"column":4},"end":{"line":1312,"column":null}},"251":{"start":{"line":1313,"column":4},"end":{"line":1313,"column":null}},"252":{"start":{"line":1314,"column":4},"end":{"line":1314,"column":null}},"253":{"start":{"line":1315,"column":4},"end":{"line":1315,"column":null}},"254":{"start":{"line":1316,"column":4},"end":{"line":1316,"column":null}},"255":{"start":{"line":1317,"column":4},"end":{"line":1317,"column":null}},"256":{"start":{"line":1318,"column":4},"end":{"line":1318,"column":null}},"257":{"start":{"line":1319,"column":4},"end":{"line":1319,"column":null}},"258":{"start":{"line":1320,"column":4},"end":{"line":1320,"column":null}},"259":{"start":{"line":1321,"column":4},"end":{"line":1321,"column":null}},"260":{"start":{"line":1322,"column":4},"end":{"line":1322,"column":null}},"261":{"start":{"line":1325,"column":13},"end":{"line":1341,"column":2}}},"fnMap":{"0":{"name":"(anonymous_0)","decl":{"start":{"line":1310,"column":0},"end":{"line":1310,"column":12}},"loc":{"start":{"line":1310,"column":22},"end":{"line":1323,"column":1}}}},"branchMap":{"0":{"loc":{"start":{"line":1310,"column":12},"end":{"line":1310,"column":22}},"type":"binary-expr","locations":[{"start":{"line":1310,"column":12},"end":{"line":1310,"column":22}},{"start":{"line":1310,"column":12},"end":{"line":1310,"column":null}}]}},"s":{"0":5,"1":5,"2":5,"3":5,"4":5,"5":5,"6":5,"7":5,"8":5,"9":5,"10":5,"11":5,"12":5,"13":5,"14":5,"15":5,"16":5,"17":5,"18":5,"19":5,"20":5,"21":5,"22":5,"23":5,"24":5,"25":5,"26":5,"27":5,"28":5,"29":5,"30":5,"31":5,"32":5,"33":5,"34":5,"35":5,"36":5,"37":5,"38":5,"39":5,"40":5,"41":5,"42":5,"43":5,"44":5,"45":5,"46":5,"47":5,"48":5,"49":5,"50":5,"51":5,"52":5,"53":5,"54":5,"55":5,"56":5,"57":5,"58":5,"59":5,"60":5,"61":5,"62":5,"63":5,"64":5,"65":5,"66":5,"67":5,"68":5,"69":5,"70":5,"71":5,"72":5,"73":5,"74":5,"75":5,"76":5,"77":5,"78":5,"79":5,"80":5,"81":5,"82":5,"83":5,"84":5,"85":5,"86":5,"87":5,"88":5,"89":5,"90":5,"91":5,"92":5,"93":5,"94":5,"95":5,"96":5,"97":5,"98":5,"99":5,"100":5,"101":5,"102":5,"103":5,"104":5,"105":5,"106":5,"107":5,"108":5,"109":5,"110":5,"111":5,"112":5,"113":5,"114":5,"115":5,"116":5,"117":5,"118":5,"119":5,"120":5,"121":5,"122":5,"123":5,"124":5,"125":5,"126":5,"127":5,"128":5,"129":5,"130":5,"131":5,"132":5,"133":5,"134":5,"135":5,"136":5,"137":5,"138":5,"139":5,"140":5,"141":5,"142":5,"143":5,"144":5,"145":5,"146":5,"147":5,"148":5,"149":5,"150":5,"151":5,"152":5,"153":5,"154":5,"155":5,"156":5,"157":5,"158":5,"159":5,"160":5,"161":5,"162":5,"163":5,"164":5,"165":5,"166":5,"167":5,"168":5,"169":5,"170":5,"171":5,"172":5,"173":5,"174":5,"175":5,"176":5,"177":5,"178":5,"179":5,"180":5,"181":5,"182":5,"183":5,"184":5,"185":5,"186":5,"187":5,"188":5,"189":5,"190":5,"191":5,"192":5,"193":5,"194":5,"195":5,"196":5,"197":5,"198":5,"199":5,"200":5,"201":5,"202":5,"203":5,"204":5,"205":5,"206":5,"207":5,"208":5,"209":5,"210":5,"211":5,"212":5,"213":5,"214":5,"215":5,"216":5,"217":5,"218":5,"219":5,"220":5,"221":5,"222":5,"223":5,"224":5,"225":5,"226":5,"227":5,"228":5,"229":5,"230":5,"231":5,"232":5,"233":5,"234":5,"235":5,"236":5,"237":5,"238":5,"239":5,"240":5,"241":5,"242":5,"243":5,"244":5,"245":5,"246":5,"247":5,"248":5,"249":5,"250":5,"251":5,"252":5,"253":5,"254":5,"255":5,"256":5,"257":5,"258":5,"259":5,"260":5,"261":5},"f":{"0":5},"b":{"0":[5,5]}}
}
