TN:
SF:logger.ts
FN:13,(anonymous_8)
FN:17,(anonymous_9)
FN:17,(anonymous_10)
FN:25,(anonymous_11)
FN:32,(anonymous_12)
FN:39,(anonymous_13)
FN:57,(anonymous_14)
FN:73,(anonymous_15)
FN:87,(anonymous_16)
FN:87,(anonymous_17)
FN:88,(anonymous_18)
FN:92,(anonymous_19)
FN:112,(anonymous_20)
FNF:13
FNH:9
FNDA:7,(anonymous_8)
FNDA:9,(anonymous_9)
FNDA:9,(anonymous_10)
FNDA:9,(anonymous_11)
FNDA:180,(anonymous_12)
FNDA:9,(anonymous_13)
FNDA:20,(anonymous_14)
FNDA:151,(anonymous_15)
FNDA:0,(anonymous_16)
FNDA:0,(anonymous_17)
FNDA:0,(anonymous_18)
FNDA:0,(anonymous_19)
FNDA:7,(anonymous_20)
DA:3,7
DA:4,7
DA:5,7
DA:9,7
DA:10,7
DA:11,7
DA:14,7
DA:17,9
DA:18,9
DA:20,9
DA:25,9
DA:26,9
DA:27,0
DA:32,7
DA:33,180
DA:34,44
DA:36,180
DA:39,7
DA:40,9
DA:42,9
DA:43,9
DA:44,9
DA:46,9
DA:53,9
DA:54,9
DA:57,7
DA:58,20
DA:60,20
DA:61,20
DA:63,20
DA:70,20
DA:73,7
DA:74,151
DA:76,151
DA:78,151
DA:84,151
DA:87,7
DA:88,0
DA:89,0
DA:91,0
DA:92,0
DA:93,0
DA:100,7
DA:101,7
DA:102,7
DA:112,7
DA:113,7
DA:114,7
DA:115,7
DA:118,7
LF:50
LH:44
BRDA:26,0,0,0
BRDA:26,0,1,9
BRDA:33,1,0,44
BRDA:33,1,1,136
BRDA:39,2,0,9
BRDA:57,3,0,20
BRDA:89,4,0,0
BRDA:89,4,1,0
BRDA:93,5,0,0
BRDA:93,5,1,0
BRDA:112,6,0,7
BRDA:112,6,1,7
BRF:12
BRH:7
end_of_record
TN:
SF:server.ts
FN:83,(anonymous_14)
FN:86,(anonymous_15)
FN:108,(anonymous_16)
FN:108,(anonymous_17)
FN:124,(anonymous_18)
FN:127,(anonymous_19)
FNF:6
FNH:2
FNDA:0,(anonymous_14)
FNDA:0,(anonymous_15)
FNDA:4,(anonymous_16)
FNDA:4,(anonymous_17)
FNDA:0,(anonymous_18)
FNDA:0,(anonymous_19)
DA:1,4
DA:4,4
DA:5,4
DA:8,4
DA:9,4
DA:10,0
DA:12,0
DA:14,0
DA:15,0
DA:16,0
DA:18,0
DA:19,0
DA:22,0
DA:23,0
DA:24,0
DA:26,0
DA:27,0
DA:29,0
DA:30,0
DA:31,0
DA:35,4
DA:36,4
DA:37,4
DA:38,4
DA:39,4
DA:40,4
DA:41,4
DA:46,4
DA:47,4
DA:52,4
DA:58,4
DA:59,4
DA:62,4
DA:63,0
DA:67,0
DA:71,4
DA:72,4
DA:73,4
DA:78,4
DA:79,4
DA:80,4
DA:83,4
DA:84,0
DA:86,4
DA:87,0
DA:90,4
DA:91,0
DA:94,4
DA:96,0
DA:100,4
DA:101,0
DA:104,4
DA:108,4
DA:109,4
DA:111,0
DA:112,0
DA:115,0
DA:120,0
DA:121,0
DA:124,0
DA:127,0
DA:128,0
DA:129,0
DA:132,0
DA:137,4
DA:139,4
DA:140,4
LF:67
LH:35
BRDA:4,0,0,4
BRDA:4,0,1,0
BRDA:9,1,0,0
BRDA:9,1,1,4
BRDA:12,2,0,0
BRDA:12,2,1,0
BRDA:15,3,0,0
BRDA:15,3,1,0
BRDA:18,4,0,0
BRDA:18,4,1,0
BRDA:23,5,0,0
BRDA:23,5,1,0
BRDA:26,6,0,0
BRDA:26,6,1,0
BRDA:30,7,0,0
BRDA:30,7,1,0
BRDA:58,8,0,4
BRDA:58,8,1,0
BRDA:58,9,0,4
BRDA:58,9,1,0
BRDA:58,10,0,4
BRDA:58,10,1,4
BRDA:62,11,0,0
BRDA:62,11,1,4
BRDA:90,12,0,0
BRDA:90,12,1,4
BRDA:94,13,0,0
BRDA:94,13,1,4
BRDA:100,14,0,0
BRDA:100,14,1,4
BRDA:109,15,0,4
BRDA:109,15,1,0
BRDA:115,16,0,0
BRDA:115,16,1,0
BRDA:115,17,0,0
BRDA:115,17,1,0
BRF:36
BRH:11
end_of_record
TN:
SF:models\admin.ts
FNF:0
FNH:0
DA:1,5
DA:4,5
DA:14,5
DA:21,5
DA:23,5
LF:5
LH:5
BRF:0
BRH:0
end_of_record
TN:
SF:models\doctor.ts
FNF:0
FNH:0
DA:1,6
DA:2,6
DA:5,6
DA:8,6
DA:98,6
DA:100,6
DA:121,6
LF:7
LH:7
BRF:0
BRH:0
end_of_record
TN:
SF:models\index.ts
FN:5,(anonymous_8)
FN:5,(anonymous_9)
FNF:2
FNH:2
FNDA:5,(anonymous_8)
FNDA:5,(anonymous_9)
DA:1,5
DA:2,5
DA:3,5
DA:5,5
DA:6,5
DA:7,5
DA:8,5
DA:11,5
LF:8
LH:8
BRF:0
BRH:0
end_of_record
TN:
SF:models\mails.ts
FNF:0
FNH:0
DA:1,6
DA:3,6
DA:7,6
DA:12,6
DA:13,6
LF:5
LH:5
BRF:0
BRH:0
end_of_record
TN:
SF:models\payment.ts
FNF:0
FNH:0
DA:1,4
DA:4,4
DA:41,4
LF:3
LH:3
BRF:0
BRH:0
end_of_record
TN:
SF:models\review.ts
FNF:0
FNH:0
DA:1,5
DA:4,5
DA:29,5
LF:3
LH:3
BRF:0
BRH:0
end_of_record
TN:
SF:models\tokens.ts
FNF:0
FNH:0
DA:1,7
DA:3,7
DA:10,7
DA:17,7
DA:24,7
DA:31,7
DA:32,7
DA:33,7
DA:34,7
LF:9
LH:9
BRF:0
BRH:0
end_of_record
TN:
SF:models\user.ts
FN:13,(anonymous_0)
FN:18,(anonymous_1)
FN:37,(anonymous_2)
FN:47,(anonymous_3)
FNF:4
FNH:4
FNDA:118,(anonymous_0)
FNDA:118,(anonymous_1)
FNDA:118,(anonymous_2)
FNDA:118,(anonymous_3)
DA:1,7
DA:6,7
DA:7,7
DA:9,7
DA:13,118
DA:18,118
DA:38,118
DA:39,118
DA:47,118
DA:107,7
LF:10
LH:10
BRF:0
BRH:0
end_of_record
TN:
SF:routes\admin_routes.ts
FN:15,(anonymous_8)
FN:15,(anonymous_9)
FN:48,(anonymous_10)
FN:48,(anonymous_11)
FN:78,(anonymous_12)
FN:78,(anonymous_13)
FN:112,(anonymous_14)
FN:112,(anonymous_15)
FN:127,(anonymous_16)
FN:127,(anonymous_17)
FN:150,(anonymous_18)
FN:150,(anonymous_19)
FN:170,(anonymous_20)
FN:170,(anonymous_21)
FNF:14
FNH:14
FNDA:2,(anonymous_8)
FNDA:2,(anonymous_9)
FNDA:4,(anonymous_10)
FNDA:4,(anonymous_11)
FNDA:2,(anonymous_12)
FNDA:2,(anonymous_13)
FNDA:3,(anonymous_14)
FNDA:3,(anonymous_15)
FNDA:2,(anonymous_16)
FNDA:2,(anonymous_17)
FNDA:2,(anonymous_18)
FNDA:2,(anonymous_19)
FNDA:2,(anonymous_20)
FNDA:2,(anonymous_21)
DA:1,4
DA:3,4
DA:4,4
DA:5,4
DA:8,4
DA:12,4
DA:15,4
DA:17,2
DA:18,2
DA:20,2
DA:21,0
DA:27,2
DA:29,2
DA:30,1
DA:36,1
DA:45,4
DA:48,4
DA:50,4
DA:53,4
DA:58,4
DA:64,4
DA:75,4
DA:78,2
DA:80,2
DA:82,2
DA:83,0
DA:89,2
DA:93,2
DA:95,2
DA:96,1
DA:102,1
DA:109,4
DA:112,3
DA:114,3
DA:117,3
DA:120,3
DA:127,4
DA:129,2
DA:131,2
DA:132,0
DA:138,2
DA:144,2
DA:150,4
DA:152,2
DA:154,2
DA:155,0
DA:161,2
DA:164,2
DA:170,4
DA:172,2
DA:174,2
DA:176,2
DA:177,0
DA:182,2
DA:188,2
DA:191,2
DA:192,1
DA:198,1
DA:205,1
DA:211,4
LF:60
LH:55
BRDA:20,0,0,0
BRDA:20,0,1,2
BRDA:20,1,0,2
BRDA:20,1,1,2
BRDA:29,2,0,1
BRDA:29,2,1,1
BRDA:51,3,0,3
BRDA:51,3,1,1
BRDA:50,4,0,4
BRDA:50,4,1,4
BRDA:51,5,0,0
BRDA:51,5,1,4
BRDA:51,6,0,4
BRDA:51,6,1,4
BRDA:54,7,0,3
BRDA:54,7,1,1
BRDA:53,8,0,4
BRDA:53,8,1,4
BRDA:54,9,0,0
BRDA:54,9,1,4
BRDA:54,10,0,4
BRDA:54,10,1,4
BRDA:82,11,0,0
BRDA:82,11,1,2
BRDA:95,12,0,1
BRDA:95,12,1,1
BRDA:120,13,0,2
BRDA:120,13,1,1
BRDA:131,14,0,0
BRDA:131,14,1,2
BRDA:131,15,0,2
BRDA:131,15,1,2
BRDA:144,16,0,1
BRDA:144,16,1,1
BRDA:154,17,0,0
BRDA:154,17,1,2
BRDA:176,18,0,0
BRDA:176,18,1,2
BRDA:176,19,0,2
BRDA:176,19,1,2
BRDA:176,19,2,2
BRDA:191,20,0,1
BRDA:191,20,1,1
BRF:43
BRH:36
end_of_record
TN:
SF:routes\doctor_routes.ts
FN:14,(anonymous_14)
FN:25,(anonymous_15)
FN:25,(anonymous_16)
FN:46,(anonymous_17)
FN:46,(anonymous_18)
FN:70,(anonymous_19)
FN:70,(anonymous_20)
FN:98,(anonymous_21)
FN:98,(anonymous_22)
FN:126,(anonymous_23)
FN:126,(anonymous_24)
FN:162,(anonymous_25)
FN:184,(anonymous_26)
FN:184,(anonymous_27)
FN:211,(anonymous_28)
FN:211,(anonymous_29)
FNF:16
FNH:15
FNDA:5,(anonymous_14)
FNDA:2,(anonymous_15)
FNDA:2,(anonymous_16)
FNDA:3,(anonymous_17)
FNDA:3,(anonymous_18)
FNDA:2,(anonymous_19)
FNDA:2,(anonymous_20)
FNDA:2,(anonymous_21)
FNDA:2,(anonymous_22)
FNDA:2,(anonymous_23)
FNDA:2,(anonymous_24)
FNDA:0,(anonymous_25)
FNDA:2,(anonymous_26)
FNDA:2,(anonymous_27)
FNDA:15,(anonymous_28)
FNDA:15,(anonymous_29)
DA:1,4
DA:3,4
DA:4,4
DA:5,4
DA:6,4
DA:7,4
DA:8,4
DA:12,4
DA:14,4
DA:15,5
DA:17,3
DA:18,3
DA:19,3
DA:21,5
DA:25,4
DA:26,2
DA:28,2
DA:30,2
DA:31,1
DA:37,1
DA:46,4
DA:47,3
DA:49,3
DA:50,3
DA:52,3
DA:54,3
DA:55,1
DA:61,2
DA:70,4
DA:71,2
DA:73,2
DA:74,0
DA:81,2
DA:83,2
DA:84,1
DA:89,1
DA:98,4
DA:99,2
DA:101,2
DA:102,0
DA:109,2
DA:111,2
DA:112,1
DA:117,1
DA:126,4
DA:127,2
DA:143,2
DA:145,2
DA:147,2
DA:148,1
DA:150,2
DA:151,1
DA:154,2
DA:155,2
DA:161,2
DA:162,0
DA:173,2
DA:178,0
DA:179,0
DA:184,4
DA:185,2
DA:187,2
DA:188,0
DA:195,2
DA:197,2
DA:198,1
DA:202,1
DA:211,15
DA:212,15
DA:214,15
DA:215,15
DA:216,14
DA:222,1
DA:228,0
DA:235,4
LF:75
LH:68
BRDA:15,0,0,3
BRDA:15,0,1,2
BRDA:15,1,0,5
BRDA:15,1,1,3
BRDA:15,1,2,3
BRDA:30,2,0,1
BRDA:30,2,1,1
BRDA:33,3,0,0
BRDA:33,3,1,1
BRDA:33,4,0,1
BRDA:33,4,1,1
BRDA:54,5,0,1
BRDA:54,5,1,2
BRDA:73,6,0,0
BRDA:73,6,1,2
BRDA:73,7,0,2
BRDA:73,7,1,2
BRDA:83,8,0,1
BRDA:83,8,1,1
BRDA:101,9,0,0
BRDA:101,9,1,2
BRDA:101,10,0,2
BRDA:101,10,1,2
BRDA:111,11,0,1
BRDA:111,11,1,1
BRDA:147,12,0,1
BRDA:147,12,1,1
BRDA:150,13,0,1
BRDA:150,13,1,1
BRDA:161,14,0,0
BRDA:161,14,1,2
BRDA:187,15,0,0
BRDA:187,15,1,2
BRDA:197,16,0,1
BRDA:197,16,1,1
BRDA:215,17,0,14
BRDA:215,17,1,1
BRF:37
BRH:32
end_of_record
TN:
SF:routes\encoder.ts
FN:5,(anonymous_0)
FN:6,(anonymous_1)
FN:8,(anonymous_2)
FNF:3
FNH:3
FNDA:4,(anonymous_0)
FNDA:2,(anonymous_1)
FNDA:26,(anonymous_2)
DA:6,4
DA:7,2
DA:8,2
DA:9,26
DA:10,26
DA:11,2
DA:14,0
DA:18,2
DA:22,4
LF:9
LH:8
BRDA:10,0,0,2
BRDA:10,0,1,24
BRF:2
BRH:2
end_of_record
TN:
SF:routes\fake_api_routes.ts
FN:18,(anonymous_8)
FN:18,(anonymous_9)
FN:23,(anonymous_10)
FN:23,(anonymous_11)
FNF:4
FNH:0
FNDA:0,(anonymous_8)
FNDA:0,(anonymous_9)
FNDA:0,(anonymous_10)
FNDA:0,(anonymous_11)
DA:12,4
DA:13,4
DA:14,4
DA:16,4
DA:18,4
DA:19,0
DA:20,0
DA:23,4
DA:24,0
DA:25,0
DA:26,0
DA:27,0
DA:30,4
LF:13
LH:7
BRF:0
BRH:0
end_of_record
TN:
SF:routes\index.ts
FNF:0
FNH:0
DA:1,4
DA:2,4
DA:3,4
DA:4,4
DA:5,4
DA:7,4
DA:9,4
DA:10,4
DA:11,4
DA:12,4
DA:14,4
LF:11
LH:11
BRF:0
BRH:0
end_of_record
TN:
SF:routes\payment_routes.ts
FN:10,(anonymous_8)
FN:10,(anonymous_9)
FN:19,(anonymous_10)
FN:19,(anonymous_11)
FN:27,(anonymous_12)
FN:27,(anonymous_13)
FN:35,(anonymous_14)
FN:35,(anonymous_15)
FN:42,(anonymous_16)
FNF:9
FNH:4
FNDA:1,(anonymous_8)
FNDA:1,(anonymous_9)
FNDA:2,(anonymous_10)
FNDA:2,(anonymous_11)
FNDA:0,(anonymous_12)
FNDA:0,(anonymous_13)
FNDA:0,(anonymous_14)
FNDA:0,(anonymous_15)
FNDA:0,(anonymous_16)
DA:1,4
DA:2,4
DA:3,4
DA:5,4
DA:7,4
DA:10,1
DA:11,1
DA:12,1
DA:16,4
DA:19,2
DA:20,2
DA:21,2
DA:22,2
DA:27,4
DA:28,0
DA:29,0
DA:30,0
DA:31,0
DA:35,4
DA:36,0
DA:37,0
DA:38,0
DA:39,0
DA:42,4
DA:43,0
DA:54,0
DA:55,0
DA:62,4
LF:28
LH:17
BRDA:12,0,0,1
BRDA:12,0,1,0
BRDA:54,1,0,0
BRDA:54,1,1,0
BRF:4
BRH:1
end_of_record
TN:
SF:routes\user_routes.ts
FN:30,(anonymous_8)
FN:32,(anonymous_9)
FN:43,(anonymous_10)
FN:81,(anonymous_11)
FN:110,(anonymous_12)
FN:136,(anonymous_13)
FN:136,(anonymous_14)
FN:176,(anonymous_15)
FN:176,(anonymous_16)
FN:240,(anonymous_17)
FN:240,(anonymous_18)
FN:287,(anonymous_19)
FN:287,(anonymous_20)
FN:322,(anonymous_21)
FN:322,(anonymous_22)
FN:372,(anonymous_23)
FN:372,(anonymous_24)
FN:412,(anonymous_25)
FN:412,(anonymous_26)
FN:478,(anonymous_27)
FN:478,(anonymous_28)
FN:544,(anonymous_29)
FN:544,(anonymous_30)
FN:580,(anonymous_31)
FN:580,(anonymous_32)
FN:595,(anonymous_33)
FN:595,(anonymous_34)
FNF:27
FNH:20
FNDA:0,(anonymous_8)
FNDA:0,(anonymous_9)
FNDA:0,(anonymous_10)
FNDA:0,(anonymous_11)
FNDA:0,(anonymous_12)
FNDA:2,(anonymous_13)
FNDA:2,(anonymous_14)
FNDA:2,(anonymous_15)
FNDA:2,(anonymous_16)
FNDA:2,(anonymous_17)
FNDA:2,(anonymous_18)
FNDA:4,(anonymous_19)
FNDA:4,(anonymous_20)
FNDA:2,(anonymous_21)
FNDA:2,(anonymous_22)
FNDA:0,(anonymous_23)
FNDA:0,(anonymous_24)
FNDA:3,(anonymous_25)
FNDA:3,(anonymous_26)
FNDA:3,(anonymous_27)
FNDA:3,(anonymous_28)
FNDA:2,(anonymous_29)
FNDA:2,(anonymous_30)
FNDA:1,(anonymous_31)
FNDA:1,(anonymous_32)
FNDA:1,(anonymous_33)
FNDA:1,(anonymous_34)
DA:3,4
DA:4,4
DA:5,4
DA:6,4
DA:7,4
DA:8,4
DA:9,4
DA:10,4
DA:12,4
DA:16,4
DA:23,4
DA:26,4
DA:29,4
DA:31,0
DA:34,0
DA:35,0
DA:36,0
DA:38,0
DA:43,4
DA:44,0
DA:45,0
DA:47,0
DA:52,4
DA:81,4
DA:82,0
DA:84,0
DA:85,0
DA:97,0
DA:98,0
DA:101,0
DA:102,0
DA:110,0
DA:112,0
DA:113,0
DA:121,0
DA:123,0
DA:129,4
DA:136,4
DA:137,2
DA:138,2
DA:139,2
DA:141,2
DA:142,1
DA:149,1
DA:153,1
DA:158,1
DA:169,4
DA:176,4
DA:177,2
DA:178,2
DA:180,2
DA:181,1
DA:188,1
DA:193,1
DA:194,0
DA:201,1
DA:203,1
DA:212,4
DA:233,4
DA:240,4
DA:241,2
DA:242,2
DA:243,2
DA:245,2
DA:246,0
DA:254,2
DA:257,2
DA:258,1
DA:265,1
DA:271,1
DA:279,4
DA:287,4
DA:288,4
DA:289,4
DA:291,4
DA:293,4
DA:296,4
DA:297,0
DA:304,4
DA:309,0
DA:315,4
DA:322,4
DA:324,2
DA:327,2
DA:328,0
DA:335,2
DA:337,2
DA:340,2
DA:341,1
DA:349,1
DA:354,0
DA:355,0
DA:361,4
DA:368,4
DA:372,0
DA:373,0
DA:375,0
DA:376,0
DA:384,0
DA:386,0
DA:387,0
DA:389,0
DA:390,0
DA:397,0
DA:401,0
DA:403,0
DA:412,4
DA:414,3
DA:417,3
DA:418,3
DA:422,3
DA:423,1
DA:424,1
DA:432,2
DA:434,2
DA:435,1
DA:436,1
DA:444,1
DA:446,1
DA:449,1
DA:450,0
DA:457,1
DA:461,1
DA:463,1
DA:469,0
DA:470,0
DA:478,4
DA:480,3
DA:483,3
DA:484,0
DA:492,3
DA:495,3
DA:496,0
DA:504,3
DA:505,3
DA:507,3
DA:509,3
DA:510,1
DA:518,2
DA:519,2
DA:522,2
DA:523,1
DA:530,1
DA:535,0
DA:536,0
DA:544,4
DA:546,2
DA:549,2
DA:550,0
DA:557,2
DA:558,2
DA:561,2
DA:562,1
DA:569,1
DA:574,0
DA:575,0
DA:580,4
DA:581,1
DA:583,1
DA:584,0
DA:590,1
DA:592,1
DA:595,4
DA:596,1
DA:598,1
DA:599,0
DA:605,1
DA:607,1
DA:610,4
LF:169
LH:118
BRDA:44,0,0,0
BRDA:44,0,1,0
BRDA:84,1,0,0
BRDA:84,1,1,0
BRDA:98,2,0,0
BRDA:98,2,1,0
BRDA:101,3,0,0
BRDA:101,3,1,0
BRDA:110,4,0,0
BRDA:110,4,1,0
BRDA:110,5,0,0
BRDA:110,5,1,0
BRDA:112,6,0,0
BRDA:112,6,1,0
BRDA:137,7,0,0
BRDA:137,7,1,2
BRDA:137,8,0,2
BRDA:137,8,1,2
BRDA:138,9,0,0
BRDA:138,9,1,2
BRDA:138,10,0,2
BRDA:138,10,1,2
BRDA:139,11,0,0
BRDA:139,11,1,2
BRDA:139,12,0,2
BRDA:139,12,1,2
BRDA:141,13,0,1
BRDA:141,13,1,1
BRDA:141,14,0,2
BRDA:141,14,1,1
BRDA:141,14,2,1
BRDA:151,15,0,1
BRDA:151,15,1,0
BRDA:150,16,0,1
BRDA:150,16,1,1
BRDA:155,17,0,1
BRDA:155,17,1,0
BRDA:154,18,0,1
BRDA:154,18,1,1
BRDA:180,19,0,1
BRDA:180,19,1,1
BRDA:180,20,0,2
BRDA:180,20,1,1
BRDA:193,21,0,0
BRDA:193,21,1,1
BRDA:201,22,0,1
BRDA:201,22,1,0
BRDA:201,23,0,1
BRDA:201,23,1,1
BRDA:241,24,0,0
BRDA:241,24,1,2
BRDA:241,25,0,2
BRDA:241,25,1,2
BRDA:242,26,0,0
BRDA:242,26,1,2
BRDA:242,27,0,2
BRDA:242,27,1,2
BRDA:243,28,0,0
BRDA:243,28,1,2
BRDA:243,29,0,2
BRDA:243,29,1,2
BRDA:245,30,0,0
BRDA:245,30,1,2
BRDA:245,31,0,2
BRDA:245,31,1,2
BRDA:245,31,2,2
BRDA:254,32,0,2
BRDA:254,32,1,1
BRDA:257,33,0,1
BRDA:257,33,1,1
BRDA:288,34,0,1
BRDA:288,34,1,3
BRDA:288,35,0,4
BRDA:288,35,1,4
BRDA:289,36,0,2
BRDA:289,36,1,2
BRDA:289,37,0,4
BRDA:289,37,1,4
BRDA:296,38,0,0
BRDA:296,38,1,4
BRDA:327,39,0,0
BRDA:327,39,1,2
BRDA:340,40,0,1
BRDA:340,40,1,1
BRDA:375,41,0,0
BRDA:375,41,1,0
BRDA:389,42,0,0
BRDA:389,42,1,0
BRDA:422,43,0,1
BRDA:422,43,1,2
BRDA:422,44,0,3
BRDA:422,44,1,3
BRDA:434,45,0,1
BRDA:434,45,1,1
BRDA:449,46,0,0
BRDA:449,46,1,1
BRDA:458,47,0,1
BRDA:458,47,1,0
BRDA:457,48,0,1
BRDA:457,48,1,1
BRDA:458,49,0,0
BRDA:458,49,1,1
BRDA:457,50,0,1
BRDA:457,50,1,1
BRDA:461,51,0,1
BRDA:461,51,1,0
BRDA:461,52,0,1
BRDA:461,52,1,1
BRDA:461,53,0,0
BRDA:461,53,1,1
BRDA:461,54,0,1
BRDA:461,54,1,1
BRDA:483,55,0,0
BRDA:483,55,1,3
BRDA:495,56,0,0
BRDA:495,56,1,3
BRDA:509,57,0,1
BRDA:509,57,1,2
BRDA:522,58,0,1
BRDA:522,58,1,1
BRDA:549,59,0,0
BRDA:549,59,1,2
BRDA:561,60,0,1
BRDA:561,60,1,1
BRDA:583,61,0,0
BRDA:583,61,1,1
BRDA:583,62,0,1
BRDA:583,62,1,1
BRDA:592,63,0,1
BRDA:592,63,1,0
BRDA:598,64,0,0
BRDA:598,64,1,1
BRDA:607,65,0,1
BRDA:607,65,1,0
BRF:134
BRH:91
end_of_record
TN:
SF:services\admin_services.ts
FN:22,(anonymous_14)
FN:36,(anonymous_15)
FN:39,(anonymous_16)
FN:79,(anonymous_17)
FN:81,(anonymous_18)
FN:157,(anonymous_19)
FN:157,(anonymous_20)
FN:161,(anonymous_21)
FN:178,(anonymous_22)
FN:181,(anonymous_23)
FN:185,(anonymous_24)
FN:188,(anonymous_25)
FN:192,(anonymous_26)
FN:196,(anonymous_27)
FN:209,(anonymous_28)
FN:213,(anonymous_29)
FN:215,(anonymous_30)
FN:224,(anonymous_31)
FN:227,(anonymous_32)
FN:249,(anonymous_33)
FN:252,(anonymous_34)
FN:258,(anonymous_35)
FNF:22
FNH:22
FNDA:5,(anonymous_14)
FNDA:15,(anonymous_15)
FNDA:15,(anonymous_16)
FNDA:4,(anonymous_17)
FNDA:4,(anonymous_18)
FNDA:6,(anonymous_19)
FNDA:6,(anonymous_20)
FNDA:6,(anonymous_21)
FNDA:9,(anonymous_22)
FNDA:9,(anonymous_23)
FNDA:9,(anonymous_24)
FNDA:9,(anonymous_25)
FNDA:4,(anonymous_26)
FNDA:4,(anonymous_27)
FNDA:2,(anonymous_28)
FNDA:2,(anonymous_29)
FNDA:4,(anonymous_30)
FNDA:2,(anonymous_31)
FNDA:2,(anonymous_32)
FNDA:9,(anonymous_33)
FNDA:9,(anonymous_34)
FNDA:11,(anonymous_35)
DA:1,5
DA:2,5
DA:3,5
DA:11,5
DA:12,5
DA:16,5
DA:17,5
DA:19,5
DA:36,5
DA:39,15
DA:40,15
DA:41,15
DA:43,15
DA:44,2
DA:49,13
DA:53,13
DA:58,13
DA:59,13
DA:61,13
DA:70,0
DA:71,0
DA:79,5
DA:81,4
DA:82,4
DA:83,4
DA:88,4
DA:89,2
DA:95,2
DA:135,2
DA:137,2
DA:140,2
DA:145,2
DA:149,0
DA:150,0
DA:157,6
DA:158,6
DA:161,6
DA:163,4
DA:164,0
DA:165,0
DA:167,4
DA:170,2
DA:173,2
DA:178,5
DA:181,9
DA:182,9
DA:185,5
DA:188,9
DA:189,9
DA:192,5
DA:193,4
DA:197,4
DA:198,2
DA:200,2
DA:205,4
DA:209,5
DA:213,2
DA:215,2
DA:216,4
DA:224,2
DA:225,2
DA:227,2
DA:228,2
DA:232,2
DA:236,2
DA:242,2
DA:243,2
DA:245,2
DA:249,5
DA:252,9
DA:253,9
DA:254,9
DA:257,9
DA:258,11
DA:261,9
DA:263,0
DA:264,0
DA:269,5
LF:78
LH:70
BRDA:43,0,0,2
BRDA:43,0,1,13
BRDA:88,1,0,2
BRDA:88,1,1,2
BRDA:101,2,0,2
BRDA:101,2,1,0
BRDA:101,3,0,2
BRDA:101,3,1,2
BRDA:163,4,0,0
BRDA:163,4,1,4
BRDA:195,5,0,4
BRDA:195,5,1,0
BRDA:194,6,0,4
BRDA:194,6,1,4
BRDA:197,7,0,2
BRDA:197,7,1,2
BRDA:250,8,0,5
BRDA:251,9,0,5
BRF:18
BRH:15
end_of_record
TN:
SF:services\doctor_services.ts
FN:38,(anonymous_14)
FN:50,(anonymous_15)
FN:53,(anonymous_16)
FN:207,(anonymous_17)
FN:207,(anonymous_18)
FN:244,(anonymous_19)
FN:244,(anonymous_20)
FN:290,(anonymous_21)
FN:290,(anonymous_22)
FN:338,(anonymous_23)
FN:338,(anonymous_24)
FN:381,(anonymous_25)
FN:385,(anonymous_26)
FN:398,(anonymous_27)
FN:413,(anonymous_28)
FN:436,(anonymous_29)
FN:480,(anonymous_30)
FN:484,(anonymous_31)
FN:486,(anonymous_32)
FN:528,(anonymous_33)
FN:547,(anonymous_34)
FN:607,(anonymous_35)
FN:653,(anonymous_36)
FNF:23
FNH:22
FNDA:5,(anonymous_14)
FNDA:13,(anonymous_15)
FNDA:13,(anonymous_16)
FNDA:4,(anonymous_17)
FNDA:4,(anonymous_18)
FNDA:6,(anonymous_19)
FNDA:6,(anonymous_20)
FNDA:4,(anonymous_21)
FNDA:4,(anonymous_22)
FNDA:9,(anonymous_23)
FNDA:9,(anonymous_24)
FNDA:33,(anonymous_25)
FNDA:33,(anonymous_26)
FNDA:15,(anonymous_27)
FNDA:7,(anonymous_28)
FNDA:6,(anonymous_29)
FNDA:29,(anonymous_30)
FNDA:4,(anonymous_31)
FNDA:4,(anonymous_32)
FNDA:55,(anonymous_33)
FNDA:0,(anonymous_34)
FNDA:10,(anonymous_35)
FNDA:22,(anonymous_36)
DA:3,5
DA:6,5
DA:11,5
DA:29,5
DA:30,5
DA:35,5
DA:36,5
DA:50,5
DA:53,13
DA:54,13
DA:55,0
DA:63,13
DA:65,13
DA:66,3
DA:72,10
DA:73,10
DA:76,10
DA:77,0
DA:78,10
DA:79,0
DA:83,10
DA:84,0
DA:85,10
DA:86,0
DA:90,10
DA:91,0
DA:92,10
DA:93,0
DA:97,10
DA:98,0
DA:99,10
DA:100,0
DA:104,10
DA:105,0
DA:107,10
DA:108,0
DA:113,10
DA:114,9
DA:115,1
DA:117,8
DA:118,10
DA:121,0
DA:122,0
DA:126,1
DA:129,10
DA:130,9
DA:131,1
DA:133,1
DA:136,10
DA:137,10
DA:138,1
DA:139,9
DA:140,0
DA:142,0
DA:145,10
DA:146,9
DA:147,0
DA:148,9
DA:149,1
DA:151,1
DA:154,10
DA:155,9
DA:156,1
DA:158,8
DA:159,0
DA:160,0
DA:161,0
DA:165,1
DA:168,10
DA:172,9
DA:173,1
DA:175,1
DA:178,10
DA:182,9
DA:183,2
DA:185,1
DA:188,10
DA:189,9
DA:190,1
DA:192,1
DA:194,10
DA:195,7
DA:199,3
DA:207,5
DA:209,4
DA:211,4
DA:212,2
DA:213,2
DA:221,2
DA:223,2
DA:224,0
DA:225,0
DA:233,2
DA:235,2
DA:237,2
DA:244,6
DA:245,6
DA:247,6
DA:248,2
DA:249,2
DA:257,4
DA:258,4
DA:264,4
DA:265,2
DA:268,2
DA:275,2
DA:280,0
DA:281,0
DA:290,5
DA:291,4
DA:296,4
DA:297,2
DA:298,2
DA:309,2
DA:312,2
DA:313,0
DA:314,0
DA:321,2
DA:322,2
DA:323,2
DA:328,0
DA:329,0
DA:338,9
DA:339,9
DA:340,1
DA:341,1
DA:348,8
DA:364,8
DA:365,3
DA:366,3
DA:373,5
DA:374,5
DA:381,5
DA:385,33
DA:387,33
DA:390,33
DA:393,33
DA:394,8
DA:398,15
DA:405,33
DA:406,3
DA:412,33
DA:413,3
DA:414,7
DA:415,7
DA:420,3
DA:421,0
DA:423,3
DA:428,33
DA:429,2
DA:435,33
DA:436,3
DA:437,6
DA:442,3
DA:443,0
DA:445,3
DA:450,33
DA:451,3
DA:457,33
DA:458,3
DA:464,33
DA:465,2
DA:469,33
DA:470,2
DA:473,33
DA:480,33
DA:484,5
DA:486,4
DA:487,4
DA:488,4
DA:490,4
DA:491,4
DA:493,4
DA:494,2
DA:497,2
DA:505,0
DA:506,0
DA:511,2
DA:513,2
DA:514,2
DA:518,0
DA:519,0
DA:528,5
DA:529,55
DA:531,0
DA:535,55
DA:538,55
DA:539,0
DA:544,0
DA:545,0
DA:546,0
DA:549,0
DA:557,55
DA:558,9
DA:562,55
DA:563,3
DA:567,55
DA:568,5
DA:573,5
DA:574,4
DA:579,55
DA:580,5
DA:585,5
DA:586,4
DA:591,55
DA:592,4
DA:593,4
DA:594,1
DA:595,3
DA:596,2
DA:597,1
DA:598,0
DA:600,4
DA:601,1
DA:605,55
DA:606,7
DA:607,7
DA:608,10
DA:613,7
DA:617,7
DA:618,4
DA:623,55
DA:624,4
DA:628,55
DA:629,5
DA:631,5
DA:632,4
DA:637,55
DA:638,3
DA:642,55
DA:643,3
DA:646,55
DA:653,5
DA:656,22
DA:657,22
DA:662,5
LF:236
LH:196
BRDA:52,0,0,7
BRDA:54,1,0,0
BRDA:54,1,1,13
BRDA:65,2,0,3
BRDA:65,2,1,10
BRDA:76,3,0,0
BRDA:76,3,1,10
BRDA:78,4,0,0
BRDA:78,4,1,10
BRDA:83,5,0,0
BRDA:83,5,1,10
BRDA:85,6,0,0
BRDA:85,6,1,10
BRDA:90,7,0,0
BRDA:90,7,1,10
BRDA:92,8,0,0
BRDA:92,8,1,10
BRDA:97,9,0,0
BRDA:97,9,1,10
BRDA:99,10,0,0
BRDA:99,10,1,10
BRDA:104,11,0,0
BRDA:104,11,1,10
BRDA:107,12,0,0
BRDA:107,12,1,10
BRDA:113,13,0,9
BRDA:113,13,1,1
BRDA:113,14,0,10
BRDA:113,14,1,9
BRDA:114,15,0,1
BRDA:114,15,1,8
BRDA:118,16,0,0
BRDA:118,16,1,10
BRDA:129,17,0,9
BRDA:129,17,1,1
BRDA:130,18,0,1
BRDA:130,18,1,8
BRDA:136,19,0,10
BRDA:136,19,1,0
BRDA:137,20,0,1
BRDA:137,20,1,9
BRDA:139,21,0,0
BRDA:139,21,1,9
BRDA:145,22,0,9
BRDA:145,22,1,1
BRDA:146,23,0,0
BRDA:146,23,1,9
BRDA:148,24,0,1
BRDA:148,24,1,8
BRDA:148,25,0,9
BRDA:148,25,1,9
BRDA:154,26,0,9
BRDA:154,26,1,1
BRDA:155,27,0,1
BRDA:155,27,1,8
BRDA:159,28,0,0
BRDA:159,28,1,0
BRDA:168,29,0,9
BRDA:168,29,1,1
BRDA:169,30,0,10
BRDA:169,30,1,9
BRDA:172,31,0,1
BRDA:172,31,1,8
BRDA:178,32,0,9
BRDA:178,32,1,1
BRDA:179,33,0,10
BRDA:179,33,1,9
BRDA:182,34,0,2
BRDA:182,34,1,7
BRDA:188,35,0,9
BRDA:188,35,1,1
BRDA:189,36,0,1
BRDA:189,36,1,8
BRDA:194,37,0,7
BRDA:194,37,1,3
BRDA:211,38,0,2
BRDA:211,38,1,2
BRDA:211,39,0,4
BRDA:211,39,1,2
BRDA:223,40,0,0
BRDA:223,40,1,2
BRDA:247,41,0,2
BRDA:247,41,1,4
BRDA:264,42,0,2
BRDA:264,42,1,2
BRDA:296,43,0,2
BRDA:296,43,1,2
BRDA:312,44,0,0
BRDA:312,44,1,2
BRDA:321,45,0,2
BRDA:321,45,1,0
BRDA:339,46,0,1
BRDA:339,46,1,8
BRDA:364,47,0,3
BRDA:364,47,1,5
BRDA:383,48,0,32
BRDA:384,49,0,32
BRDA:393,50,0,8
BRDA:393,50,1,25
BRDA:405,51,0,3
BRDA:405,51,1,30
BRDA:412,52,0,3
BRDA:412,52,1,30
BRDA:416,53,0,6
BRDA:416,53,1,1
BRDA:416,54,0,7
BRDA:416,54,1,7
BRDA:420,55,0,0
BRDA:420,55,1,3
BRDA:428,56,0,2
BRDA:428,56,1,31
BRDA:435,57,0,3
BRDA:435,57,1,30
BRDA:442,58,0,0
BRDA:442,58,1,3
BRDA:450,59,0,3
BRDA:450,59,1,30
BRDA:457,60,0,3
BRDA:457,60,1,30
BRDA:464,61,0,2
BRDA:464,61,1,31
BRDA:469,62,0,2
BRDA:469,62,1,31
BRDA:475,63,0,1
BRDA:475,63,1,32
BRDA:490,64,0,4
BRDA:490,64,1,0
BRDA:493,65,0,2
BRDA:493,65,1,2
BRDA:529,66,0,0
BRDA:529,66,1,55
BRDA:529,67,0,55
BRDA:529,67,1,55
BRDA:538,68,0,0
BRDA:538,68,1,55
BRDA:544,69,0,0
BRDA:544,69,1,0
BRDA:549,70,0,0
BRDA:549,70,1,0
BRDA:549,71,0,0
BRDA:549,71,1,0
BRDA:557,72,0,9
BRDA:557,72,1,46
BRDA:562,73,0,3
BRDA:562,73,1,52
BRDA:567,74,0,5
BRDA:567,74,1,50
BRDA:573,75,0,4
BRDA:573,75,1,1
BRDA:579,76,0,5
BRDA:579,76,1,50
BRDA:585,77,0,4
BRDA:585,77,1,1
BRDA:591,78,0,4
BRDA:591,78,1,51
BRDA:593,79,0,1
BRDA:593,79,1,3
BRDA:595,80,0,2
BRDA:595,80,1,1
BRDA:597,81,0,0
BRDA:597,81,1,1
BRDA:600,82,0,1
BRDA:600,82,1,3
BRDA:605,83,0,7
BRDA:605,83,1,48
BRDA:608,84,0,7
BRDA:608,84,1,3
BRDA:609,85,0,10
BRDA:609,85,1,10
BRDA:609,85,2,9
BRDA:617,86,0,4
BRDA:617,86,1,3
BRDA:623,87,0,4
BRDA:623,87,1,51
BRDA:623,88,0,55
BRDA:623,88,1,5
BRDA:628,89,0,5
BRDA:628,89,1,50
BRDA:631,90,0,4
BRDA:631,90,1,1
BRDA:637,91,0,3
BRDA:637,91,1,52
BRDA:642,92,0,3
BRDA:642,92,1,52
BRDA:656,93,0,22
BRDA:656,93,1,0
BRF:186
BRH:153
end_of_record
TN:
SF:services\mail_services.ts
FN:10,(anonymous_8)
FN:36,(anonymous_9)
FN:38,(anonymous_10)
FN:41,(anonymous_11)
FN:53,(anonymous_12)
FN:69,(anonymous_13)
FN:73,(anonymous_14)
FN:73,(anonymous_15)
FN:129,(anonymous_16)
FN:129,(anonymous_17)
FN:156,(anonymous_18)
FN:160,(anonymous_19)
FNF:12
FNH:6
FNDA:4,(anonymous_8)
FNDA:1,(anonymous_9)
FNDA:1,(anonymous_10)
FNDA:0,(anonymous_11)
FNDA:0,(anonymous_12)
FNDA:1,(anonymous_13)
FNDA:2,(anonymous_14)
FNDA:2,(anonymous_15)
FNDA:0,(anonymous_16)
FNDA:0,(anonymous_17)
FNDA:0,(anonymous_18)
FNDA:0,(anonymous_19)
DA:1,4
DA:3,4
DA:4,4
DA:5,4
DA:12,4
DA:36,4
DA:38,1
DA:39,1
DA:41,0
DA:43,1
DA:44,0
DA:47,0
DA:53,1
DA:55,1
DA:56,0
DA:57,0
DA:63,1
DA:69,4
DA:70,1
DA:73,4
DA:75,2
DA:77,2
DA:78,1
DA:81,1
DA:88,1
DA:94,1
DA:95,1
DA:97,1
DA:99,1
DA:120,1
DA:122,1
DA:123,1
DA:126,1
DA:129,4
DA:130,0
DA:147,0
DA:149,0
DA:150,0
DA:153,0
DA:156,4
DA:160,0
DA:161,0
DA:168,0
DA:170,0
DA:171,0
DA:174,0
DA:203,4
LF:47
LH:31
BRDA:43,0,0,0
BRDA:43,0,1,1
BRDA:55,1,0,0
BRDA:55,1,1,1
BRDA:77,2,0,1
BRDA:77,2,1,1
BRDA:94,3,0,1
BRDA:94,3,1,0
BRDA:94,4,0,1
BRDA:94,4,1,1
BRDA:94,5,0,0
BRDA:94,5,1,1
BRDA:94,6,0,1
BRDA:94,6,1,1
BRDA:122,7,0,1
BRDA:122,7,1,0
BRDA:149,8,0,0
BRDA:149,8,1,0
BRDA:170,9,0,0
BRDA:170,9,1,0
BRF:20
BRH:11
end_of_record
TN:
SF:services\payment_services.ts
FN:9,(anonymous_8)
FN:10,(anonymous_9)
FN:10,(anonymous_10)
FN:46,(anonymous_11)
FN:46,(anonymous_12)
FN:53,(anonymous_13)
FN:53,(anonymous_14)
FN:60,(anonymous_15)
FN:60,(anonymous_16)
FNF:9
FNH:5
FNDA:4,(anonymous_8)
FNDA:3,(anonymous_9)
FNDA:3,(anonymous_10)
FNDA:0,(anonymous_11)
FNDA:0,(anonymous_12)
FNDA:0,(anonymous_13)
FNDA:0,(anonymous_14)
FNDA:2,(anonymous_15)
FNDA:2,(anonymous_16)
DA:1,4
DA:2,4
DA:3,4
DA:5,4
DA:7,4
DA:10,4
DA:11,3
DA:13,3
DA:20,3
DA:21,3
DA:23,3
DA:24,3
DA:29,0
DA:32,0
DA:38,0
DA:39,0
DA:46,4
DA:47,0
DA:53,4
DA:54,0
DA:60,4
DA:61,2
DA:63,2
DA:67,4
LF:24
LH:18
BRDA:11,0,0,3
BRDA:11,0,1,0
BRDA:63,1,0,2
BRDA:63,1,1,0
BRDA:63,2,0,2
BRDA:63,2,1,2
BRDA:63,3,0,0
BRDA:63,3,1,2
BRDA:63,4,0,2
BRDA:63,4,1,2
BRF:10
BRH:7
end_of_record
TN:
SF:services\token_services.ts
FN:11,(anonymous_8)
FN:14,(anonymous_9)
FN:30,(anonymous_10)
FN:46,(anonymous_11)
FN:50,(anonymous_12)
FN:95,(anonymous_13)
FN:117,(anonymous_14)
FN:117,(anonymous_15)
FN:166,(anonymous_16)
FN:186,(anonymous_17)
FN:194,(anonymous_18)
FN:199,(anonymous_19)
FNF:12
FNH:12
FNDA:7,(anonymous_8)
FNDA:60,(anonymous_9)
FNDA:12,(anonymous_10)
FNDA:5,(anonymous_11)
FNDA:5,(anonymous_12)
FNDA:3,(anonymous_13)
FNDA:11,(anonymous_14)
FNDA:11,(anonymous_15)
FNDA:9,(anonymous_16)
FNDA:29,(anonymous_17)
FNDA:29,(anonymous_18)
FNDA:29,(anonymous_19)
DA:1,7
DA:2,7
DA:8,7
DA:14,7
DA:15,60
DA:17,60
DA:19,60
DA:30,7
DA:35,12
DA:36,12
DA:38,12
DA:46,7
DA:50,5
DA:51,5
DA:53,5
DA:54,2
DA:57,2
DA:66,3
DA:69,3
DA:70,0
DA:71,0
DA:79,3
DA:82,3
DA:83,0
DA:84,0
DA:92,3
DA:97,3
DA:98,0
DA:106,3
DA:108,3
DA:117,11
DA:118,11
DA:120,11
DA:122,11
DA:123,2
DA:126,2
DA:135,9
DA:138,9
DA:139,0
DA:140,0
DA:148,9
DA:152,9
DA:153,0
DA:154,0
DA:163,9
DA:168,9
DA:169,0
DA:170,0
DA:178,9
DA:180,9
DA:186,7
DA:194,29
DA:196,29
DA:200,29
DA:201,13
DA:203,16
DA:209,29
DA:211,3
DA:214,26
DA:218,29
DA:220,29
DA:222,29
DA:223,13
DA:226,16
DA:228,16
DA:230,3
DA:231,3
DA:233,3
DA:234,3
DA:236,5
DA:237,5
DA:239,5
DA:240,5
DA:245,16
DA:252,16
DA:256,7
LF:76
LH:65
BRDA:17,0,0,32
BRDA:17,0,1,28
BRDA:23,1,0,60
BRDA:23,1,1,0
BRDA:22,2,0,60
BRDA:22,2,1,60
BRDA:36,3,0,12
BRDA:36,3,1,0
BRDA:38,4,0,12
BRDA:38,4,1,0
BRDA:38,5,0,12
BRDA:38,5,1,12
BRDA:53,6,0,2
BRDA:53,6,1,3
BRDA:69,7,0,0
BRDA:69,7,1,3
BRDA:82,8,0,0
BRDA:82,8,1,3
BRDA:94,9,0,3
BRDA:94,9,1,0
BRDA:93,10,0,3
BRDA:93,10,1,3
BRDA:97,11,0,0
BRDA:97,11,1,3
BRDA:122,12,0,2
BRDA:122,12,1,9
BRDA:138,13,0,0
BRDA:138,13,1,9
BRDA:152,14,0,0
BRDA:152,14,1,9
BRDA:165,15,0,9
BRDA:165,15,1,0
BRDA:164,16,0,9
BRDA:164,16,1,9
BRDA:168,17,0,0
BRDA:168,17,1,9
BRDA:198,18,0,29
BRDA:198,18,1,0
BRDA:197,19,0,29
BRDA:197,19,1,29
BRDA:200,20,0,13
BRDA:200,20,1,16
BRDA:200,21,0,16
BRDA:200,21,1,13
BRDA:200,22,0,29
BRDA:200,22,1,13
BRDA:209,23,0,3
BRDA:209,23,1,26
BRDA:214,24,0,0
BRDA:214,24,1,26
BRDA:214,25,0,26
BRDA:214,25,1,26
BRDA:222,26,0,13
BRDA:222,26,1,16
BRDA:229,27,0,3
BRDA:229,27,1,3
BRDA:229,27,2,5
BRDA:229,27,3,5
BRDA:252,28,0,16
BRDA:252,28,1,12
BRDA:252,28,2,12
BRF:61
BRH:48
end_of_record
TN:
SF:services\types_services.ts
FN:18,IUserToUserObj
FN:44,IReviewToReviewObject
FN:57,IDoctorToDoctorObj
FN:112,DoctorObjToBecomeDoctorObj
FN:136,IBecomeDoctorToBecomeDoctorObj
FN:165,IAdminToAdminObj
FN:180,(anonymous_6)
FN:197,validateByEnum
FN:204,(anonymous_8)
FNF:9
FNH:8
FNDA:20,IUserToUserObj
FNDA:0,IReviewToReviewObject
FNDA:42,IDoctorToDoctorObj
FNDA:4,DoctorObjToBecomeDoctorObj
FNDA:12,IBecomeDoctorToBecomeDoctorObj
FNDA:14,IAdminToAdminObj
FNDA:5,(anonymous_6)
FNDA:15,validateByEnum
FNDA:21,(anonymous_8)
DA:13,7
DA:18,7
DA:19,20
DA:44,7
DA:45,0
DA:57,7
DA:58,42
DA:112,7
DA:113,4
DA:136,7
DA:139,12
DA:165,7
DA:166,14
DA:180,7
DA:181,5
DA:182,0
DA:185,5
DA:186,6
DA:187,1
DA:191,4
DA:197,7
DA:198,15
DA:199,0
DA:202,15
DA:203,15
DA:204,15
DA:205,21
DA:206,18
DA:210,15
DA:211,12
DA:214,3
LF:31
LH:28
BRDA:101,0,0,38
BRDA:101,0,1,4
BRDA:102,1,0,0
BRDA:102,1,1,38
BRDA:181,2,0,0
BRDA:181,2,1,5
BRDA:186,3,0,1
BRDA:186,3,1,5
BRDA:198,4,0,0
BRDA:198,4,1,15
BRDA:205,5,0,18
BRDA:205,5,1,3
BRDA:210,6,0,12
BRDA:210,6,1,3
BRF:14
BRH:11
end_of_record
TN:
SF:services\user_services.ts
FN:30,(anonymous_8)
FN:119,(anonymous_9)
FN:122,(anonymous_10)
FN:136,(anonymous_11)
FN:164,(anonymous_12)
FN:674,(anonymous_13)
FN:677,(anonymous_14)
FN:681,(anonymous_15)
FN:684,(anonymous_16)
FN:688,(anonymous_17)
FN:688,(anonymous_18)
FN:701,(anonymous_19)
FN:705,(anonymous_20)
FN:707,(anonymous_21)
FN:716,(anonymous_22)
FN:719,(anonymous_23)
FN:66,(anonymous_26)
FN:87,(anonymous_27)
FN:191,(anonymous_29)
FN:400,(anonymous_31)
FN:433,(anonymous_33)
FN:476,(anonymous_34)
FN:484,(anonymous_36)
FN:529,(anonymous_37)
FN:578,(anonymous_39)
FN:627,(anonymous_41)
FNF:26
FNH:25
FNDA:6,(anonymous_8)
FNDA:5,(anonymous_9)
FNDA:5,(anonymous_10)
FNDA:1,(anonymous_11)
FNDA:0,(anonymous_12)
FNDA:5,(anonymous_13)
FNDA:5,(anonymous_14)
FNDA:6,(anonymous_15)
FNDA:6,(anonymous_16)
FNDA:13,(anonymous_17)
FNDA:13,(anonymous_18)
FNDA:1,(anonymous_19)
FNDA:1,(anonymous_20)
FNDA:2,(anonymous_21)
FNDA:1,(anonymous_22)
FNDA:1,(anonymous_23)
FNDA:11,(anonymous_26)
FNDA:4,(anonymous_27)
FNDA:30,(anonymous_29)
FNDA:1,(anonymous_31)
FNDA:1,(anonymous_33)
FNDA:4,(anonymous_34)
FNDA:4,(anonymous_36)
FNDA:3,(anonymous_37)
FNDA:4,(anonymous_39)
FNDA:4,(anonymous_41)
DA:1,6
DA:4,6
DA:8,6
DA:11,6
DA:25,6
DA:26,6
DA:27,6
DA:28,6
DA:53,9
DA:54,9
DA:60,9
DA:61,0
DA:66,11
DA:67,9
DA:69,9
DA:74,0
DA:75,0
DA:91,4
DA:94,4
DA:95,1
DA:103,3
DA:104,2
DA:111,1
DA:119,6
DA:122,5
DA:124,5
DA:125,5
DA:126,1
DA:134,4
DA:136,1
DA:138,4
DA:139,1
DA:146,3
DA:149,3
DA:150,3
DA:152,3
DA:153,0
DA:160,3
DA:161,3
DA:164,0
DA:166,3
DA:167,1
DA:173,2
DA:177,0
DA:180,0
DA:195,30
DA:197,30
DA:200,30
DA:201,26
DA:202,2
DA:204,24
DA:206,4
DA:208,30
DA:209,26
DA:210,2
DA:212,24
DA:213,0
DA:215,4
DA:218,30
DA:219,30
DA:220,5
DA:225,25
DA:227,25
DA:232,30
DA:233,27
DA:234,2
DA:236,25
DA:241,1
DA:243,24
DA:246,24
DA:247,6
DA:248,2
DA:250,4
DA:251,2
DA:264,3
DA:267,30
DA:268,27
DA:269,2
DA:271,25
DA:272,1
DA:274,3
DA:277,30
DA:278,3
DA:279,27
DA:280,2
DA:284,30
DA:285,27
DA:286,2
DA:290,30
DA:291,27
DA:292,2
DA:296,30
DA:297,27
DA:298,2
DA:300,25
DA:305,1
DA:307,24
DA:310,24
DA:311,6
DA:312,2
DA:314,4
DA:315,2
DA:323,3
DA:327,30
DA:331,3
DA:332,27
DA:333,2
DA:337,30
DA:341,3
DA:342,27
DA:343,2
DA:347,30
DA:348,3
DA:349,27
DA:350,1
DA:352,26
DA:353,26
DA:354,1
DA:359,30
DA:360,3
DA:361,27
DA:362,1
DA:364,26
DA:365,26
DA:366,1
DA:371,30
DA:372,3
DA:373,27
DA:374,2
DA:376,25
DA:377,0
DA:378,0
DA:379,0
DA:384,30
DA:385,19
DA:389,11
DA:405,1
DA:406,0
DA:414,1
DA:415,0
DA:422,1
DA:426,1
DA:434,1
DA:435,1
DA:439,1
DA:440,0
DA:447,1
DA:448,1
DA:455,0
DA:459,0
DA:463,0
DA:464,0
DA:477,4
DA:480,4
DA:485,4
DA:486,0
DA:491,4
DA:492,0
DA:493,0
DA:500,4
DA:501,2
DA:502,2
DA:509,2
DA:511,2
DA:516,0
DA:517,0
DA:530,3
DA:531,3
DA:534,3
DA:535,1
DA:536,1
DA:544,2
DA:546,2
DA:547,0
DA:548,0
DA:556,2
DA:558,2
DA:560,2
DA:565,0
DA:566,0
DA:580,4
DA:583,4
DA:584,1
DA:592,3
DA:593,3
DA:601,3
DA:602,1
DA:603,1
DA:610,2
DA:615,0
DA:628,4
DA:633,4
DA:634,2
DA:635,2
DA:646,2
DA:649,2
DA:650,0
DA:651,0
DA:658,2
DA:659,2
DA:660,2
DA:665,0
DA:674,6
DA:677,5
DA:678,5
DA:681,6
DA:684,6
DA:685,6
DA:688,13
DA:690,13
DA:691,13
DA:694,13
DA:695,13
DA:697,13
DA:701,6
DA:705,1
DA:707,1
DA:708,2
DA:716,1
DA:717,1
DA:719,1
DA:720,1
DA:723,1
DA:727,6
LF:224
LH:193
BRDA:125,0,0,1
BRDA:125,0,1,4
BRDA:138,1,0,1
BRDA:138,1,1,3
BRDA:149,2,0,0
BRDA:149,2,1,3
BRDA:149,3,0,3
BRDA:149,3,1,3
BRDA:152,4,0,0
BRDA:152,4,1,3
BRDA:166,5,0,1
BRDA:166,5,1,2
BRDA:50,6,0,5
BRDA:51,7,0,5
BRDA:60,8,0,0
BRDA:60,8,1,9
BRDA:94,9,0,1
BRDA:94,9,1,3
BRDA:103,10,0,2
BRDA:103,10,1,1
BRDA:193,11,0,10
BRDA:200,12,0,26
BRDA:200,12,1,4
BRDA:201,13,0,2
BRDA:201,13,1,24
BRDA:204,14,0,0
BRDA:204,14,1,24
BRDA:208,15,0,26
BRDA:208,15,1,4
BRDA:209,16,0,2
BRDA:209,16,1,24
BRDA:212,17,0,0
BRDA:212,17,1,24
BRDA:218,18,0,30
BRDA:218,18,1,0
BRDA:218,19,0,30
BRDA:218,19,1,30
BRDA:219,20,0,5
BRDA:219,20,1,25
BRDA:227,21,0,0
BRDA:227,21,1,25
BRDA:232,22,0,27
BRDA:232,22,1,3
BRDA:233,23,0,2
BRDA:233,23,1,25
BRDA:236,24,0,1
BRDA:236,24,1,24
BRDA:246,25,0,6
BRDA:246,25,1,18
BRDA:247,26,0,2
BRDA:247,26,1,4
BRDA:250,27,0,2
BRDA:250,27,1,2
BRDA:267,28,0,27
BRDA:267,28,1,3
BRDA:268,29,0,2
BRDA:268,29,1,25
BRDA:271,30,0,1
BRDA:271,30,1,24
BRDA:277,31,0,3
BRDA:277,31,1,27
BRDA:277,32,0,30
BRDA:277,32,1,27
BRDA:279,33,0,2
BRDA:279,33,1,25
BRDA:284,34,0,3
BRDA:284,34,1,27
BRDA:285,35,0,2
BRDA:285,35,1,25
BRDA:290,36,0,3
BRDA:290,36,1,27
BRDA:291,37,0,2
BRDA:291,37,1,25
BRDA:296,38,0,27
BRDA:296,38,1,3
BRDA:297,39,0,2
BRDA:297,39,1,25
BRDA:300,40,0,1
BRDA:300,40,1,24
BRDA:310,41,0,6
BRDA:310,41,1,18
BRDA:311,42,0,2
BRDA:311,42,1,4
BRDA:314,43,0,2
BRDA:314,43,1,2
BRDA:327,44,0,3
BRDA:327,44,1,27
BRDA:328,45,0,30
BRDA:328,45,1,27
BRDA:332,46,0,2
BRDA:332,46,1,25
BRDA:337,47,0,3
BRDA:337,47,1,27
BRDA:338,48,0,30
BRDA:338,48,1,27
BRDA:342,49,0,2
BRDA:342,49,1,25
BRDA:347,50,0,3
BRDA:347,50,1,27
BRDA:347,51,0,30
BRDA:347,51,1,27
BRDA:349,52,0,1
BRDA:349,52,1,26
BRDA:353,53,0,1
BRDA:353,53,1,25
BRDA:353,54,0,26
BRDA:353,54,1,26
BRDA:359,55,0,3
BRDA:359,55,1,27
BRDA:359,56,0,30
BRDA:359,56,1,27
BRDA:361,57,0,1
BRDA:361,57,1,26
BRDA:365,58,0,1
BRDA:365,58,1,25
BRDA:365,59,0,26
BRDA:365,59,1,26
BRDA:371,60,0,3
BRDA:371,60,1,27
BRDA:371,61,0,30
BRDA:371,61,1,27
BRDA:373,62,0,2
BRDA:373,62,1,25
BRDA:377,63,0,0
BRDA:377,63,1,0
BRDA:384,64,0,19
BRDA:384,64,1,11
BRDA:405,65,0,0
BRDA:405,65,1,1
BRDA:414,66,0,0
BRDA:414,66,1,1
BRDA:439,67,0,0
BRDA:439,67,1,1
BRDA:447,68,0,1
BRDA:447,68,1,0
BRDA:485,69,0,0
BRDA:485,69,1,4
BRDA:491,70,0,0
BRDA:491,70,1,4
BRDA:500,71,0,2
BRDA:500,71,1,2
BRDA:534,72,0,1
BRDA:534,72,1,2
BRDA:546,73,0,0
BRDA:546,73,1,2
BRDA:583,74,0,1
BRDA:583,74,1,3
BRDA:601,75,0,1
BRDA:601,75,1,2
BRDA:633,76,0,2
BRDA:633,76,1,2
BRDA:649,77,0,0
BRDA:649,77,1,2
BRDA:658,78,0,2
BRDA:658,78,1,0
BRF:155
BRH:137
end_of_record
TN:
SF:types\errors.ts
FN:2,(anonymous_0)
FNF:1
FNH:0
FNDA:0,(anonymous_0)
DA:1,4
DA:3,0
DA:5,0
LF:3
LH:1
BRF:0
BRH:0
end_of_record
TN:
SF:types\models.ts
FN:255,(anonymous_0)
FNF:1
FNH:1
FNDA:2,(anonymous_0)
DA:255,2
DA:256,2
DA:257,2
DA:258,2
LF:4
LH:4
BRDA:255,0,0,2
BRDA:255,0,1,2
BRF:2
BRH:2
end_of_record
TN:
SF:types\services.ts
FN:69,(anonymous_0)
FN:211,(anonymous_1)
FN:357,(anonymous_2)
FN:373,(anonymous_3)
FNF:4
FNH:4
FNDA:7,(anonymous_0)
FNDA:7,(anonymous_1)
FNDA:7,(anonymous_2)
FNDA:7,(anonymous_3)
DA:69,7
DA:70,7
DA:71,7
DA:72,7
DA:73,7
DA:74,7
DA:75,7
DA:211,7
DA:212,7
DA:213,7
DA:214,7
DA:215,7
DA:216,7
DA:217,7
DA:218,7
DA:219,7
DA:220,7
DA:221,7
DA:222,7
DA:223,7
DA:224,7
DA:225,7
DA:226,7
DA:227,7
DA:228,7
DA:229,7
DA:230,7
DA:345,7
DA:357,7
DA:358,7
DA:359,7
DA:360,7
DA:361,7
DA:362,7
DA:373,7
DA:374,7
DA:375,7
DA:427,7
DA:490,7
LF:39
LH:39
BRDA:69,0,0,7
BRDA:69,0,1,7
BRDA:211,1,0,7
BRDA:211,1,1,7
BRDA:357,2,0,7
BRDA:357,2,1,7
BRDA:373,3,0,7
BRDA:373,3,1,7
BRF:8
BRH:8
end_of_record
TN:
SF:types\sympthoms.ts
FN:1310,(anonymous_0)
FNF:1
FNH:1
FNDA:5,(anonymous_0)
DA:1,5
DA:3,5
DA:8,5
DA:13,5
DA:17,5
DA:21,5
DA:25,5
DA:29,5
DA:33,5
DA:37,5
DA:41,5
DA:45,5
DA:46,5
DA:50,5
DA:55,5
DA:60,5
DA:64,5
DA:69,5
DA:73,5
DA:74,5
DA:78,5
DA:82,5
DA:83,5
DA:88,5
DA:89,5
DA:93,5
DA:97,5
DA:101,5
DA:105,5
DA:109,5
DA:113,5
DA:117,5
DA:122,5
DA:126,5
DA:127,5
DA:132,5
DA:137,5
DA:142,5
DA:147,5
DA:152,5
DA:157,5
DA:162,5
DA:167,5
DA:172,5
DA:177,5
DA:182,5
DA:183,5
DA:187,5
DA:188,5
DA:192,5
DA:193,5
DA:197,5
DA:198,5
DA:202,5
DA:203,5
DA:207,5
DA:211,5
DA:215,5
DA:216,5
DA:221,5
DA:226,5
DA:231,5
DA:236,5
DA:240,5
DA:245,5
DA:249,5
DA:253,5
DA:254,5
DA:258,5
DA:262,5
DA:263,5
DA:264,5
DA:265,5
DA:269,5
DA:273,5
DA:277,5
DA:281,5
DA:285,5
DA:289,5
DA:294,5
DA:298,5
DA:303,5
DA:308,5
DA:313,5
DA:318,5
DA:323,5
DA:327,5
DA:332,5
DA:337,5
DA:342,5
DA:347,5
DA:351,5
DA:355,5
DA:359,5
DA:363,5
DA:367,5
DA:368,5
DA:373,5
DA:377,5
DA:381,5
DA:382,5
DA:386,5
DA:390,5
DA:394,5
DA:398,5
DA:402,5
DA:406,5
DA:410,5
DA:414,5
DA:419,5
DA:424,5
DA:429,5
DA:434,5
DA:438,5
DA:442,5
DA:447,5
DA:452,5
DA:453,5
DA:457,5
DA:461,5
DA:465,5
DA:470,5
DA:475,5
DA:479,5
DA:483,5
DA:484,5
DA:488,5
DA:493,5
DA:498,5
DA:502,5
DA:506,5
DA:510,5
DA:511,5
DA:512,5
DA:516,5
DA:521,5
DA:522,5
DA:523,5
DA:527,5
DA:531,5
DA:535,5
DA:536,5
DA:540,5
DA:541,5
DA:542,5
DA:546,5
DA:551,5
DA:556,5
DA:561,5
DA:566,5
DA:570,5
DA:571,5
DA:575,5
DA:579,5
DA:583,5
DA:587,5
DA:592,5
DA:593,5
DA:598,5
DA:602,5
DA:607,5
DA:612,5
DA:617,5
DA:622,5
DA:627,5
DA:632,5
DA:636,5
DA:641,5
DA:645,5
DA:650,5
DA:655,5
DA:660,5
DA:665,5
DA:669,5
DA:674,5
DA:679,5
DA:684,5
DA:688,5
DA:689,5
DA:693,5
DA:697,5
DA:698,5
DA:703,5
DA:705,5
DA:706,5
DA:707,5
DA:708,5
DA:709,5
DA:712,5
DA:713,5
DA:716,5
DA:717,5
DA:718,5
DA:719,5
DA:720,5
DA:721,5
DA:722,5
DA:724,5
DA:725,5
DA:726,5
DA:727,5
DA:728,5
DA:729,5
DA:730,5
DA:731,5
DA:732,5
DA:735,5
DA:738,5
DA:739,5
DA:740,5
DA:741,5
DA:742,5
DA:745,5
DA:746,5
DA:749,5
DA:752,5
DA:755,5
DA:756,5
DA:757,5
DA:758,5
DA:759,5
DA:760,5
DA:761,5
DA:764,5
DA:765,5
DA:766,5
DA:767,5
DA:768,5
DA:769,5
DA:770,5
DA:772,5
DA:773,5
DA:774,5
DA:777,5
DA:780,5
DA:781,5
DA:783,5
DA:786,5
DA:789,5
DA:792,5
DA:795,5
DA:798,5
DA:799,5
DA:800,5
DA:801,5
DA:803,5
DA:1307,5
DA:1309,5
DA:1310,5
DA:1311,5
DA:1312,5
DA:1313,5
DA:1314,5
DA:1315,5
DA:1316,5
DA:1317,5
DA:1318,5
DA:1319,5
DA:1320,5
DA:1321,5
DA:1322,5
DA:1325,5
LF:262
LH:262
BRDA:1310,0,0,5
BRDA:1310,0,1,5
BRF:2
BRH:2
end_of_record
